<?xml version="1.0" encoding="UTF-8"?>
<robot generator="Robot 7.1.1 (Python 3.12.2 on win32)" generated="2025-03-09T15:07:11.525826" rpa="false" schemaversion="5">
<suite id="s1" name="researcherProfile" source="D:\year_3\Term2\Soft en\Project!!\git-group-repository-group-5\test\code_lang\researcherProfile.robot">
<test id="s1-t1" name="Test Researcher Profile In Thai" line="136">
<kw name="Open Browser To Home Page">
<kw name="Open Browser" owner="SeleniumLibrary">
<msg time="2025-03-09T15:07:11.998678" level="INFO">Opening browser 'chrome' to base url 'http://127.0.0.1:8000/'.</msg>
<arg>${HOME_URL}</arg>
<arg>${BROWSER}</arg>
<doc>Opens a new browser instance to the optional ``url``.</doc>
<status status="PASS" start="2025-03-09T15:07:11.998678" elapsed="5.100229"/>
</kw>
<kw name="Maximize Browser Window" owner="SeleniumLibrary">
<doc>Maximizes current browser window.</doc>
<status status="PASS" start="2025-03-09T15:07:17.098907" elapsed="0.058209"/>
</kw>
<status status="PASS" start="2025-03-09T15:07:11.997666" elapsed="5.159450"/>
</kw>
<kw name="Navigate To Researcher Profile">
<kw name="Click Element" owner="SeleniumLibrary">
<msg time="2025-03-09T15:07:17.158376" level="INFO">Clicking element 'xpath=//a[@id='navbarDropdown']'.</msg>
<arg>${RESEARCHER_MENU}</arg>
<doc>Click the element identified by ``locator``.</doc>
<status status="PASS" start="2025-03-09T15:07:17.157116" elapsed="0.069624"/>
</kw>
<kw name="Wait Until Element Is Visible" owner="SeleniumLibrary">
<arg>${DROPDOWN_MENU}</arg>
<arg>${WAIT_TIME}</arg>
<doc>Waits until the element ``locator`` is visible.</doc>
<status status="PASS" start="2025-03-09T15:07:17.226740" elapsed="0.023796"/>
</kw>
<kw name="Click Element" owner="SeleniumLibrary">
<msg time="2025-03-09T15:07:17.250536" level="INFO">Clicking element 'xpath=//ul[contains(@class, 'dropdown-menu show')]//a[contains(@href, '/researchers/1')]'.</msg>
<arg>${COMPUTER_SCIENCE}</arg>
<doc>Click the element identified by ``locator``.</doc>
<status status="PASS" start="2025-03-09T15:07:17.250536" elapsed="1.477670"/>
</kw>
<kw name="Wait Until Element Is Visible" owner="SeleniumLibrary">
<arg>xpath=//p[contains(@class, 'title')]</arg>
<arg>10s</arg>
<doc>Waits until the element ``locator`` is visible.</doc>
<status status="PASS" start="2025-03-09T15:07:18.728206" elapsed="0.017174"/>
</kw>
<kw name="Click Element" owner="SeleniumLibrary">
<msg time="2025-03-09T15:07:18.746378" level="INFO">Clicking element 'xpath=//a[contains(@href, '/detail/') and (contains(., 'ปัญญาพล') or contains(., 'Horata'))]'.</msg>
<arg>${RESEARCHER_DETAIL}</arg>
<doc>Click the element identified by ``locator``.</doc>
<status status="PASS" start="2025-03-09T15:07:18.745380" elapsed="0.825152"/>
</kw>
<kw name="Wait Until Element Is Visible" owner="SeleniumLibrary">
<arg>xpath=//img[contains(@class, 'card-image')]</arg>
<arg>10s</arg>
<doc>Waits until the element ``locator`` is visible.</doc>
<status status="PASS" start="2025-03-09T15:07:19.570532" elapsed="0.057512"/>
</kw>
<status status="PASS" start="2025-03-09T15:07:17.157116" elapsed="2.470928"/>
</kw>
<kw name="Switch Language">
<kw name="Click Element" owner="SeleniumLibrary">
<msg time="2025-03-09T15:07:19.630454" level="INFO">Clicking element 'xpath=//a[@id="navbarDropdownMenuLink"]'.</msg>
<arg>${LANG_DROPDOWN_TOGGLE}</arg>
<doc>Click the element identified by ``locator``.</doc>
<status status="PASS" start="2025-03-09T15:07:19.629576" elapsed="0.090275"/>
</kw>
<kw name="Wait Until Element Is Visible" owner="SeleniumLibrary">
<arg>xpath=//div[contains(@class, 'dropdown-menu')]</arg>
<arg>${WAIT_TIME}</arg>
<doc>Waits until the element ``locator`` is visible.</doc>
<status status="PASS" start="2025-03-09T15:07:19.719851" elapsed="0.026589"/>
</kw>
<kw name="Click Element" owner="SeleniumLibrary">
<msg time="2025-03-09T15:07:19.747440" level="INFO">Clicking element 'xpath=//div[contains(@class, 'dropdown-menu')]//a[contains(text(), 'ไทย')]'.</msg>
<arg>${lang_button}</arg>
<doc>Click the element identified by ``locator``.</doc>
<status status="PASS" start="2025-03-09T15:07:19.746440" elapsed="1.119857"/>
</kw>
<kw name="Sleep" owner="BuiltIn">
<msg time="2025-03-09T15:07:22.866637" level="INFO">Slept 2 seconds.</msg>
<arg>2s</arg>
<doc>Pauses the test executed for the given time.</doc>
<status status="PASS" start="2025-03-09T15:07:20.866297" elapsed="2.000340"/>
</kw>
<arg>${LANG_TO_THAI}</arg>
<status status="PASS" start="2025-03-09T15:07:19.629576" elapsed="3.237061"/>
</kw>
<kw name="Verify Page Contains Multiple Texts">
<kw name="Get Source" owner="SeleniumLibrary">
<msg time="2025-03-09T15:07:22.897018" level="INFO">${html_source} = &lt;html lang="en" class="hydrated"&gt;&lt;head&gt;&lt;style&gt;
    .count {
        background-color: #fff;
        padding: 2px 0;
        border-radius: 5px;

    }

    .count-title {
        font-size: 25px;
    ...</msg>
<var>${html_source}</var>
<doc>Returns the entire HTML source of the current page or frame.</doc>
<status status="PASS" start="2025-03-09T15:07:22.868033" elapsed="0.028985"/>
</kw>
<kw name="Log" owner="BuiltIn">
<msg time="2025-03-09T15:07:22.898465" level="INFO">HTML Source: &lt;html lang="en" class="hydrated"&gt;&lt;head&gt;&lt;style&gt;
    .count {
        background-color: #fff;
        padding: 2px 0;
        border-radius: 5px;

    }

    .count-title {
        font-size: 25px;
        font-weight: normal;
        margin-top: 10px;
        margin-bottom: 0;
        text-align: center;
        line-height: 1.8;
        font-weight: 800;
    }

    .count-text {
        font-size: 13px;
        font-weight: normal;
        margin-top: 5px;
        margin-bottom: 0;
        text-align: center;
        color: #000;


    }

    .fa-2x {
        margin: 0 auto;
        float: none;
        display: table;
        color: #4ad1e5;
    }
&lt;/style&gt;





    &lt;meta charset="UTF-8"&gt;&lt;style data-styles=""&gt;ion-icon{visibility:hidden}.hydrated{visibility:inherit}&lt;/style&gt;
    &lt;meta name="viewport" content="width=device-width, initial-scale=1.0"&gt;
    &lt;meta http-equiv="X-UA-Compatible" content="ie=edge"&gt;
    &lt;title&gt;ระบบข้อมูลงานวิจัย วิทยาลัยการคอมพิวเตอร์&lt;/title&gt;
    &lt;base href="http://127.0.0.1:8000"&gt;
    &lt;link href="img/Newlogo.png" rel="shortcut icon" type="image/x-icon"&gt;

    &lt;link href="http://127.0.0.1:8000/css/app.css" rel="stylesheet"&gt;

    &lt;link href="http://127.0.0.1:8000/css/load-more-button.css" rel="stylesheet"&gt;

    &lt;script src="http://127.0.0.1:8000/js/app.js"&gt;&lt;/script&gt;

    &lt;link rel="stylesheet" href="http://127.0.0.1:8000/vendor/bootstrap/css/bootstrap.min.css"&gt;
    &lt;script src="http://127.0.0.1:8000/js/jquery-3.6.0.min.js"&gt;&lt;/script&gt;

    &lt;script src="http://127.0.0.1:8000/vendor/bootstrap/js/bootstrap.min.js"&gt;&lt;/script&gt;
    &lt;link rel="stylesheet" href="https://cdnjs.cloudflare.com/ajax/libs/font-awesome/4.7.0/css/font-awesome.min.css"&gt;
    &lt;link rel="stylesheet" href="http://127.0.0.1:8000/vendors/mdi/css/materialdesignicons.min.css"&gt;
    &lt;link rel="stylesheet" href="http://127.0.0.1:8000/vendors/ti-icons/css/themify-icons.css"&gt;
    &lt;link rel="stylesheet" href="http://127.0.0.1:8000/vendors/typicons/typicons.css"&gt;
    &lt;link rel="stylesheet" href="http://127.0.0.1:8000/vendors/simple-line-icons/css/simple-line-icons.css"&gt;
    &lt;!-- datatable --&gt;
    &lt;!-- &lt;link rel="stylesheet" type="text/css" href="https://cdnjs.cloudflare.com/ajax/libs/twitter-bootstrap/5.0.1/css/bootstrap.css" /&gt;
    &lt;link rel="stylesheet" type="text/css" href="https://cdn.datatables.net/1.11.3/css/dataTables.bootstrap5.css" /&gt;
    &lt;link rel="stylesheet" type="text/css" href="https://cdn.datatables.net/responsive/2.2.9/css/responsive.bootstrap5.css" /&gt; --&gt;

    &lt;!-- &lt;script src="https://code.jquery.com/jquery-3.5.1.js" defer&gt;&lt;/script&gt; --&gt;
    &lt;!--&lt;script src="https://cdn.datatables.net/1.11.4/js/jquery.dataTables.min.js" defer&gt;&lt;/script&gt;
    &lt;script src="https://cdn.datatables.net/1.11.4/js/dataTables.bootstrap5.min.js" defer&gt;&lt;/script&gt; --&gt;



    &lt;link rel="stylesheet" type="text/css" href="https://cdnjs.cloudflare.com/ajax/libs/twitter-bootstrap/5.0.1/css/bootstrap.css"&gt;
    &lt;link rel="stylesheet" type="text/css" href="https://cdn.datatables.net/1.11.3/css/dataTables.bootstrap5.css"&gt;
    &lt;link rel="stylesheet" type="text/css" href="https://cdn.datatables.net/responsive/2.2.9/css/responsive.bootstrap5.css"&gt;


    &lt;link href="https://cdnjs.cloudflare.com/ajax/libs/flag-icon-css/3.1.0/css/flag-icon.min.css" rel="stylesheet"&gt;
    &lt;script type="module" src="https://unpkg.com/ionicons@5.5.2/dist/ionicons/ionicons.esm.js"&gt;&lt;/script&gt;
    &lt;script nomodule="" src="https://unpkg.com/ionicons@5.5.2/dist/ionicons/ionicons.js"&gt;&lt;/script&gt;
    &lt;link rel="stylesheet" href="https://fonts.googleapis.com/icon?family=Material+Icons"&gt;

    &lt;link rel="stylesheet" href="http://127.0.0.1:8000/css/style.css"&gt;



&lt;style type="text/css"&gt;/* Chart.js */
@keyframes chartjs-render-animation{from{opacity:.99}to{opacity:1}}.chartjs-render-monitor{animation:chartjs-render-animation 1ms}.chartjs-size-monitor,.chartjs-size-monitor-expand,.chartjs-size-monitor-shrink{position:absolute;direction:ltr;left:0;top:0;right:0;bottom:0;overflow:hidden;pointer-events:none;visibility:hidden;z-index:-1}.chartjs-size-monitor-expand&gt;div{position:absolute;width:1000000px;height:1000000px;left:0;top:0}.chartjs-size-monitor-shrink&gt;div{position:absolute;width:200%;height:200%;left:0;top:0}&lt;/style&gt;&lt;/head&gt;

&lt;body&gt;
    &lt;!-- Navigation --&gt;
    &lt;nav id="navbar" class="navbar navbar-expand-lg navbar-light"&gt;
        &lt;div class="container-fluid"&gt;
            &lt;a class="navbar-brand logo-image" href="#"&gt;&lt;img src="http://127.0.0.1:8000/img/logo2.png" alt="alternative"&gt;&lt;/a&gt;
            &lt;button class="navbar-toggler" type="button" data-bs-toggle="collapse" data-bs-target="#collapsibleNavbar" aria-controls="navbarNav" aria-expanded="false" aria-label="Toggle navigation"&gt;
                &lt;span class="navbar-toggler-icon"&gt;&lt;/span&gt;
            &lt;/button&gt;
            &lt;div class="collapse navbar-collapse" id="collapsibleNavbar"&gt;
                &lt;ul class="navbar-nav ms-auto navbar-nav-scroll"&gt;
                    &lt;li class="nav-item  "&gt;
                        &lt;a class="nav-link" href="/"&gt;หน้าหลัก&lt;/a&gt;
                    &lt;/li&gt;
                    &lt;li class="nav-item dropdown  active "&gt;
                        &lt;a class="nav-link dropdown-toggle" id="navbarDropdown" role="button" data-bs-toggle="dropdown" aria-expanded="false"&gt;
                            นักวิจัย
                        &lt;/a&gt;
                        &lt;ul class="dropdown-menu" aria-labelledby="navbarDropdown"&gt;
                                                        &lt;li&gt;&lt;a class="dropdown-item" href="http://127.0.0.1:8000/researchers/1"&gt;
                                    &lt;!-- Computer Science --&gt;
                                                                        สาขาวิชาวิทยาการคอมพิวเตอร์
                                    
                                &lt;/a&gt;
                            &lt;/li&gt;
                                                        &lt;li&gt;&lt;a class="dropdown-item" href="http://127.0.0.1:8000/researchers/2"&gt;
                                    &lt;!-- Infomation Technology --&gt;
                                                                        สาขาวิชาเทคโนโลยีสารสนเทศ
                                    
                                &lt;/a&gt;
                            &lt;/li&gt;
                                                        &lt;li&gt;&lt;a class="dropdown-item" href="http://127.0.0.1:8000/researchers/3"&gt;
                                    &lt;!-- Geo-Informatics --&gt;
                                                                        สาขาวิชาภูมิสารสนเทศศาสตร์ 
                                    
                                &lt;/a&gt;
                            &lt;/li&gt;
                                                    &lt;/ul&gt;
                    &lt;/li&gt;
                    &lt;li class="nav-item  "&gt;
                        &lt;a class="nav-link" href="/researchproject"&gt;โครงการวิจัย&lt;/a&gt;
                    &lt;/li&gt;
                    &lt;li class="nav-item   "&gt;
                        &lt;a class="nav-link" href="/researchgroup"&gt;กลุ่มวิจัย&lt;/a&gt;
                    &lt;/li&gt;
                    &lt;li class="nav-item "&gt;
                        &lt;a class="nav-link" href="/reports"&gt;รายงาน&lt;/a&gt;
                    &lt;/li&gt;


                    &lt;li class="nav-item dropdown"&gt;
                        &lt;a class="nav-link dropdown-toggle" href="#" id="navbarDropdownMenuLink" data-toggle="dropdown" aria-haspopup="true" aria-expanded="false"&gt;
                            &lt;span class="flag-icon flag-icon-th"&gt;&lt;/span&gt;
                            ไทย
                        &lt;/a&gt;
                        &lt;div class="dropdown-menu" aria-labelledby="navbarDropdownMenuLink"&gt;
                                                                                    &lt;a class="dropdown-item" href="http://127.0.0.1:8000/lang/en"&gt;&lt;span class="flag-icon flag-icon-us"&gt;&lt;/span&gt;
                                English&lt;/a&gt;
                                                                                                                                                                        &lt;a class="dropdown-item" href="http://127.0.0.1:8000/lang/zh"&gt;&lt;span class="flag-icon flag-icon-cn"&gt;&lt;/span&gt;
                                中文&lt;/a&gt;
                                                                                &lt;/div&gt;
                    &lt;/li&gt;


                &lt;/ul&gt;
                                                &lt;span class="nav-item"&gt;
                    &lt;a class="btn-solid-sm" href="/login" target="_blank"&gt;เข้าสู่ระบบ&lt;/a&gt;
                &lt;/span&gt;
                                            &lt;/div&gt; &lt;!-- end of navbar-collapse --&gt;
        &lt;/div&gt; &lt;!-- end of container --&gt;
    &lt;/nav&gt; &lt;!-- end of navbar --&gt;
    &lt;!-- end of navigation --&gt;
    
&lt;div class="container cardprofile mt-5"&gt;
    &lt;div class="card"&gt;
        &lt;div class="row g-0"&gt;
            &lt;div class="col-md-2"&gt;
                &lt;img class="card-image" src="http://127.0.0.1:8000/images/imag_user/UIMG_20220407624e7e943c5cd.jpg" alt=""&gt;
            &lt;/div&gt;
            &lt;div class="col-md-6"&gt;
                &lt;div class="card-body"&gt;
                    &lt;h6 class="card-text"&gt;&lt;b&gt;รศ.ดร. ปัญญาพล หอระตะ&lt;/b&gt;&lt;/h6&gt;
                                        &lt;h6 class="card-text"&gt;&lt;b&gt;Punyaphol Horata, Ph.D. &lt;/b&gt;
                        &lt;/h6&gt;
                        &lt;h6 class="card-text1"&gt;
                            &lt;b&gt;
                                                                รองศาสตราจารย์
                                                            &lt;/b&gt;
                        &lt;/h6&gt;

                        &lt;!-- &lt;h6 class="card-text1"&gt;Department of Computer Science&lt;/h6&gt; --&gt;
                        &lt;!-- &lt;h6 class="card-text1"&gt;College of Computing&lt;/h6&gt;
                    &lt;h6 class="card-text1"&gt;Khon Kaen University&lt;/h6&gt; --&gt;
                        &lt;h6 class="card-text1"&gt;อีเมล: punhor1@kku.ac.th&lt;/h6&gt;
                        &lt;h6 class="card-title"&gt;การศึกษา&lt;/h6&gt;

                                                &lt;h6 class="card-text2 col-sm-10"&gt;
                                                        2528 วท.บ. (คณิตศาสตร์) มหาวิทยาลัยขอนแก่น
                                                    &lt;/h6&gt;
                                                &lt;h6 class="card-text2 col-sm-10"&gt;
                                                        2535 วท.ม. (วิทยาศาสตร์คอมพิวเตอร์) จุฬาลงกรณ์มหาวิทยาลัย
                                                    &lt;/h6&gt;
                                                &lt;h6 class="card-text2 col-sm-10"&gt;
                                                        2555 ปร.ด. (วิทยาการคอมพิวเตอร์) มหาวิทยาลัยขอนแก่น
                                                    &lt;/h6&gt;
                        
                        &lt;!-- &lt;button type="button" class="btn btn-secondary btn-sm" data-bs-toggle="modal"
                            data-bs-target="#exampleModal"&gt;
                            ความเชี่ยวชาญ
                        &lt;/button&gt; --&gt;
                        &lt;!-- &lt;h6 class="card-title"&gt;Metrics overview&lt;/h6&gt;
                    &lt;h6 class="card-text2" id="citation"&gt;Citation count&lt;/h6&gt;
                    &lt;h6 class="card-text2" id="doc_count"&gt;Document count&lt;/h6&gt;
                    &lt;h6 class="card-text2" id="cite_count"&gt;Cited By count&lt;/h6&gt;
                    &lt;h6 class="card-text2" id="h-index"&gt;H-index &lt;/h6&gt; --&gt;

                &lt;/div&gt;
            &lt;/div&gt;

            &lt;div class="col-md-4"&gt;
                &lt;h6 class="title-pub"&gt;งานตีพิมพ์&lt;/h6&gt;
                &lt;div class="col-xs-12 text-center bt"&gt;
                    &lt;div class="clearfix"&gt;&lt;/div&gt;
                    &lt;div class="row text-center"&gt;
                        &lt;div class="col"&gt;
                            &lt;div class="count" id="all"&gt;
                               
                &lt;h2 class="timer count-title count-number" data-to="22" data-speed="1500"&gt;22&lt;/h2&gt;
                &lt;p class="count-text "&gt;ทั้งหมด&lt;/p&gt;&lt;/div&gt;
                        &lt;/div&gt;
                        &lt;div class="col"&gt;
                            &lt;div class="count" id="scopus_sum"&gt;
                               
                &lt;h2 class="timer count-title count-number" data-to="19" data-speed="1500"&gt;19&lt;/h2&gt;
                &lt;p class="count-text"&gt;SCOPUS&lt;/p&gt;&lt;/div&gt;
                        &lt;/div&gt;
                        &lt;div class="col"&gt;
                            &lt;div class="count" id="wos_sum"&gt;
                                
                &lt;h2 class="timer count-title count-number" data-to="0" data-speed="1500"&gt;0&lt;/h2&gt;
                &lt;p class="count-text "&gt;WOS&lt;/p&gt;&lt;/div&gt;
                        &lt;/div&gt;
                        &lt;div class="col"&gt;
                            &lt;div class="count" id="tci_sum"&gt;
                              
                &lt;h2 class="timer count-title count-number" data-to="3" data-speed="1500"&gt;3&lt;/h2&gt;
                &lt;p class="count-text "&gt;TCI&lt;/p&gt;&lt;/div&gt;
                        &lt;/div&gt;

                    &lt;/div&gt;
                    &lt;br&gt;
                    &lt;div class="chart"&gt;&lt;div class="chartjs-size-monitor"&gt;&lt;div class="chartjs-size-monitor-expand"&gt;&lt;div class=""&gt;&lt;/div&gt;&lt;/div&gt;&lt;div class="chartjs-size-monitor-shrink"&gt;&lt;div class=""&gt;&lt;/div&gt;&lt;/div&gt;&lt;/div&gt;
                        &lt;canvas id="barChart" width="485" height="183" style="display: block; height: 147px; width: 388px;" class="chartjs-render-monitor"&gt;&lt;/canvas&gt;
                    &lt;/div&gt;
                &lt;/div&gt;
            &lt;/div&gt;



        &lt;/div&gt;
    &lt;/div&gt;
    &lt;!-- &lt;div class="modal fade" id="exampleModal" tabindex="-1" aria-labelledby="exampleModalLabel" aria-hidden="true"&gt;
        &lt;div class="modal-dialog"&gt;
            &lt;div class="modal-content"&gt;
                &lt;div class="modal-header"&gt;
                    &lt;h5 class="modal-title" id="exampleModalLabel"&gt;ความเชี่ยวชาญ&lt;/h5&gt;
                    &lt;button type="button" class="btn-close" data-bs-dismiss="modal" aria-label="Close"&gt;&lt;/button&gt;
                &lt;/div&gt;
                &lt;div class="modal-body"&gt;
                                                &lt;p class="card-text"&gt; Machine Learning and Intelligent Systems&lt;/p&gt;
                                                                &lt;p class="card-text"&gt; Soft computing&lt;/p&gt;
                                                                &lt;p class="card-text"&gt; Object-Oriented Programming Languages&lt;/p&gt;
                                                                &lt;p class="card-text"&gt; Software Engineering&lt;/p&gt;
                                                &lt;/div&gt;
                &lt;div class="modal-footer"&gt;
                    &lt;button type="button" class="btn btn-secondary" data-bs-dismiss="modal"&gt;Close&lt;/button&gt;
                &lt;/div&gt;
            &lt;/div&gt;
        &lt;/div&gt;
    &lt;/div&gt; --&gt;
    &lt;br&gt;

    &lt;ul class="nav nav-tabs" id="myTab" role="tablist"&gt;
        &lt;li class="nav-item" role="presentation"&gt;
            &lt;button class="nav-link active" id="home-tab" data-bs-toggle="tab" data-bs-target="#home" type="button" role="tab" aria-controls="home" aria-selected="true"&gt;ทั้งหมด&lt;/button&gt;
        &lt;/li&gt;
        &lt;li class="nav-item" role="presentation"&gt;
            &lt;button class="nav-link" id="scopus-tab" data-bs-toggle="tab" data-bs-target="#scopus" type="button" role="tab" aria-controls="scopus" aria-selected="false"&gt;SCOPUS&lt;/button&gt;
        &lt;/li&gt;
        &lt;li class="nav-item" role="presentation"&gt;
            &lt;button class="nav-link" id="wos-tab" data-bs-toggle="tab" data-bs-target="#wos" type="button" role="tab" aria-controls="wos" aria-selected="false"&gt;Web of Science&lt;/button&gt;
        &lt;/li&gt;
        &lt;li class="nav-item" role="presentation"&gt;
            &lt;button class="nav-link" id="tci-tab" data-bs-toggle="tab" data-bs-target="#tci" type="button" role="tab" aria-controls="tci" aria-selected="false"&gt;TCI&lt;/button&gt;
        &lt;/li&gt;
        &lt;li class="nav-item" role="presentation"&gt;
            &lt;button class="nav-link" id="book-tab" data-bs-toggle="tab" data-bs-target="#book" type="button" role="tab" aria-controls="book" aria-selected="false"&gt;หนังสือ&lt;/button&gt;
        &lt;/li&gt;
        &lt;li class="nav-item" role="presentation"&gt;
            &lt;button class="nav-link" id="patent-tab" data-bs-toggle="tab" data-bs-target="#patent" type="button" role="tab" aria-controls="patent" aria-selected="false"&gt;ผลงานวิชาการด้านอื่นๆ&lt;/button&gt;
        &lt;/li&gt;
    &lt;/ul&gt;
    &lt;br&gt;
    &lt;div class="tab-content" id="myTabContent"&gt;

        &lt;div class="tab-pane fade show active" id="home" role="tabpanel" aria-labelledby="home-tab"&gt;
            &lt;div class="tab-content" style="padding-bottom: 20px;"&gt;
                &lt;a class="btn btn-success" href="http://127.0.0.1:8000/excel?id=6" target="_blank"&gt;ส่งออกไปยัง Excel&lt;/a&gt;
            &lt;/div&gt;
            &lt;div id="example1_wrapper" class="dataTables_wrapper dt-bootstrap5 no-footer"&gt;&lt;div class="row"&gt;&lt;div class="col-sm-12 col-md-6"&gt;&lt;div class="dataTables_length" id="example1_length"&gt;&lt;label&gt;แสดง &lt;select name="example1_length" aria-controls="example1" class="form-select form-select-sm"&gt;&lt;option value="10"&gt;10&lt;/option&gt;&lt;option value="25"&gt;25&lt;/option&gt;&lt;option value="50"&gt;50&lt;/option&gt;&lt;option value="100"&gt;100&lt;/option&gt;&lt;/select&gt; รายการ&lt;/label&gt;&lt;/div&gt;&lt;/div&gt;&lt;div class="col-sm-12 col-md-6"&gt;&lt;div id="example1_filter" class="dataTables_filter"&gt;&lt;label&gt;ค้นหา:&lt;input type="search" class="form-control form-control-sm" placeholder="" aria-controls="example1"&gt;&lt;/label&gt;&lt;/div&gt;&lt;/div&gt;&lt;/div&gt;&lt;div class="row"&gt;&lt;div class="col-sm-12"&gt;&lt;table id="example1" class="table table-striped no-footer dtr-inline dataTable" style="width: 100%;" aria-describedby="example1_info"&gt;
                &lt;thead&gt;
                    &lt;!-- &lt;tr&gt;
                        &lt;th&gt;&lt;a href="http://127.0.0.1:8000/excel?id=6" target="_blank"&gt;#Export&lt;/a&gt;&lt;/td&gt;
                    &lt;/tr&gt; --&gt;
                    &lt;tr&gt;&lt;th class="sorting sorting_asc" tabindex="0" aria-controls="example1" rowspan="1" colspan="1" style="width: 32.6px;" aria-label="ลำดับ: activate to sort column descending" aria-sort="ascending"&gt;ลำดับ&lt;/th&gt;&lt;th class="sorting" tabindex="0" aria-controls="example1" rowspan="1" colspan="1" style="width: 14.6px;" aria-label="ปี: activate to sort column ascending"&gt;ปี&lt;/th&gt;&lt;th class="sorting" tabindex="0" aria-controls="example1" rowspan="1" colspan="1" style="width: 308.6px;" aria-label="ชื่องานวิจัย: activate to sort column ascending"&gt;ชื่องานวิจัย&lt;/th&gt;&lt;th class="sorting" tabindex="0" aria-controls="example1" rowspan="1" colspan="1" style="width: 86.6px;" aria-label="ชื่อผู้แต่ง: activate to sort column ascending"&gt;ชื่อผู้แต่ง&lt;/th&gt;&lt;th class="sorting" tabindex="0" aria-controls="example1" rowspan="1" colspan="1" style="width: 42.6px;" aria-label="ประเภทงานวิจัย: activate to sort column ascending"&gt;ประเภทงานวิจัย&lt;/th&gt;&lt;th class="sorting" tabindex="0" aria-controls="example1" rowspan="1" colspan="1" style="width: 42.6px;" aria-label="หน้า: activate to sort column ascending"&gt;หน้า&lt;/th&gt;&lt;th class="sorting" tabindex="0" aria-controls="example1" rowspan="1" colspan="1" style="width: 65.6px;" aria-label="ตีพิมพ์ที่: activate to sort column ascending"&gt;ตีพิมพ์ที่&lt;/th&gt;&lt;th class="sorting" tabindex="0" aria-controls="example1" rowspan="1" colspan="1" style="width: 38.6px;" aria-label="จำนวนการอ้างอิง: activate to sort column ascending"&gt;จำนวนการอ้างอิง&lt;/th&gt;&lt;th class="sorting" tabindex="0" aria-controls="example1" rowspan="1" colspan="1" style="width: 191.6px;" aria-label="Doi: activate to sort column ascending"&gt;Doi&lt;/th&gt;&lt;th class="sorting" tabindex="0" aria-controls="example1" rowspan="1" colspan="1" style="width: 33.6px;" aria-label="แหล่งข้อมูล: activate to sort column ascending"&gt;แหล่งข้อมูล&lt;/th&gt;&lt;/tr&gt;
                &lt;/thead&gt;

                &lt;tbody&gt;
                                        
                                        
                                        
                                        
                                        
                                        
                                        
                                        
                                        
                                        
                                        
                                        
                                        
                                        
                                        
                                        
                                        
                                        
                                        
                                        
                                        
                                        
                                    &lt;tr class="odd"&gt;
                        &lt;td class="dtr-control sorting_1" tabindex="0"&gt; 1&lt;/td&gt;
                        &lt;td&gt;
                                                        2564
                                                    &lt;/td&gt;

                        &lt;!-- &lt;td style="width:90%;"&gt;Enhanced Local Receptive Fields based Extreme Learning Machine using Dominant Patterns Selection&lt;/td&gt; --&gt;
                        &lt;td style="width:90%;"&gt;Enhanced Local Receptive Fields based Extreme Learning Machine using Dominant Patterns Selection&lt;/td&gt;
                        &lt;td&gt;
                                                        &lt;span&gt;
                                &lt;a&gt;
                                                                        ภาณุวัฒน์ แก้วบ่อ
                                                                    &lt;/a&gt;
                            &lt;/span&gt;
                            
                                                        &lt;span&gt;
                                &lt;a href="http://127.0.0.1:8000/detail/eyJpdiI6Imd0WmMvVkZvaTlOK1BpL0dkR3AxUmc9PSIsInZhbHVlIjoiTGZMeU1WOG1TcW5GWlljMHhXQW93dz09IiwibWFjIjoiYjlhOTQxMTI2NDM2ZTIyYjRiNzk4MTIyNzk2NmJmYzI5ZTRiMWY1YmVhOTcwNGY2ZjIzMTI4YmQ1Mjc4NTM1MiIsInRhZyI6IiJ9"&gt;
                                    &lt;teacher teacher=""&gt;
                                                                                ปัญญาพล หอระตะ
                                                                            &lt;/teacher&gt;

                                &lt;/a&gt;
                            &lt;/span&gt;
                                                    &lt;/td&gt;
                        &lt;td&gt;
                                                        เอกสารประชุมวิชาการ
                                                    &lt;/td&gt;

                        &lt;td style="width:100%;"&gt;161-166&lt;/td&gt;
                        &lt;td&gt;ICSEC 2021 - 25th International Computer Science and Engineering Conference&lt;/td&gt;
                        &lt;td&gt;0&lt;/td&gt;
                        &lt;td&gt;10.1109/ICSEC53205.2021.9684636&lt;/td&gt;
                        &lt;td&gt;
                                                        &lt;span&gt;
                                &lt;a&gt;Scopus&lt;/a&gt;
                            &lt;/span&gt;
                                                    &lt;/td&gt;

                    &lt;/tr&gt;&lt;tr class="even"&gt;
                        &lt;td class="dtr-control sorting_1" tabindex="0"&gt; 2&lt;/td&gt;
                        &lt;td&gt;
                                                        2563
                                                    &lt;/td&gt;

                        &lt;!-- &lt;td style="width:90%;"&gt;An Incremental Kernel Extreme Learning Machine for Multi-Label Learning with Emerging New Labels&lt;/td&gt; --&gt;
                        &lt;td style="width:90%;"&gt;An Incremental Kernel Extreme Learning Machine for Multi-Label Learning with Emerging New Labels&lt;/td&gt;
                        &lt;td&gt;
                                                        &lt;span&gt;
                                &lt;a&gt;
                                                                        ญานิกา คงโสรส
                                                                    &lt;/a&gt;
                            &lt;/span&gt;
                                                        &lt;span&gt;
                                &lt;a&gt;
                                                                        ภัคราช มุสิกะวัน
                                                                    &lt;/a&gt;
                            &lt;/span&gt;
                            
                                                        &lt;span&gt;
                                &lt;a href="http://127.0.0.1:8000/detail/eyJpdiI6IjFqdnN5K05oYUk0eUY5aVAwdmRWeFE9PSIsInZhbHVlIjoidSs1WVFkbVBUU2Y5U2Frb3RGM0pmdz09IiwibWFjIjoiOTkxMWNhYmFiYzI2ODRhOGU2ZjI3NjMyNzY0MDMyYTNjMDY5NmNlMGFmZmJjZDk2OWYxYjcxOGJhNzdjNmZmYiIsInRhZyI6IiJ9"&gt;
                                    &lt;teacher teacher=""&gt;
                                                                                ปัญญาพล หอระตะ
                                                                            &lt;/teacher&gt;

                                &lt;/a&gt;
                            &lt;/span&gt;
                                                    &lt;/td&gt;
                        &lt;td&gt;
                                                        วารสาร
                                                    &lt;/td&gt;

                        &lt;td style="width:100%;"&gt;46055-46070&lt;/td&gt;
                        &lt;td&gt;IEEE Access&lt;/td&gt;
                        &lt;td&gt;2&lt;/td&gt;
                        &lt;td&gt;10.1109/ACCESS.2020.2978648&lt;/td&gt;
                        &lt;td&gt;
                                                        &lt;span&gt;
                                &lt;a&gt;Scopus&lt;/a&gt;
                            &lt;/span&gt;
                                                    &lt;/td&gt;

                    &lt;/tr&gt;&lt;tr class="odd"&gt;
                        &lt;td class="dtr-control sorting_1" tabindex="0"&gt; 3&lt;/td&gt;
                        &lt;td&gt;
                                                        2562
                                                    &lt;/td&gt;

                        &lt;!-- &lt;td style="width:90%;"&gt;Enhancement of artificial emotional neural network using Jaya algorithm and the investigation of expanded feature selected for wind power forecasting&lt;/td&gt; --&gt;
                        &lt;td style="width:90%;"&gt;Enhancement of artificial emotional neural network using Jaya algorithm and the investigation of expanded feature selected for wind power forecasting&lt;/td&gt;
                        &lt;td&gt;
                                                        &lt;span&gt;
                                &lt;a&gt;
                                                                        สุธาสินี เอี่ยมสอาด
                                                                    &lt;/a&gt;
                            &lt;/span&gt;
                            
                                                        &lt;span&gt;
                                &lt;a href="http://127.0.0.1:8000/detail/eyJpdiI6IksvSHpnMno5SVRXNXBZY3pnK2tPK2c9PSIsInZhbHVlIjoiNWhKd20yNFVjOGgzZTFPQ25BeEFOQT09IiwibWFjIjoiZTEyMTlkNWFlZTAyMjYyNDRmY2M0OTdjMDA4ODczMjE5MTk3ODhlZjE1YzNkNDUxYjc2N2M4NzIwZjcxYjRkMiIsInRhZyI6IiJ9"&gt;
                                    &lt;teacher teacher=""&gt;
                                                                                ปัญญาพล หอระตะ
                                                                            &lt;/teacher&gt;

                                &lt;/a&gt;
                            &lt;/span&gt;
                                                        &lt;span&gt;
                                &lt;a href="http://127.0.0.1:8000/detail/eyJpdiI6IlloT2pTMk1PTVVLRk50OTN0bkRlOXc9PSIsInZhbHVlIjoiSFNBRVBQaG91K3NMUDkyQjhaL2RIdz09IiwibWFjIjoiN2NlNTIxYjhjMzgxNDE2MGY1NTdlMzk5M2ViZWY3ZjU4ZmFiMTI2OTczNWEzMGE2Y2QwODBhMjc2MzljMTdjMyIsInRhZyI6IiJ9"&gt;
                                    &lt;teacher teacher=""&gt;
                                                                                คำรณ สุนัติ
                                                                            &lt;/teacher&gt;

                                &lt;/a&gt;
                            &lt;/span&gt;
                                                    &lt;/td&gt;
                        &lt;td&gt;
                                                        เอกสารประชุมวิชาการ
                                                    &lt;/td&gt;

                        &lt;td style="width:100%;"&gt;137-142&lt;/td&gt;
                        &lt;td&gt;ACM International Conference Proceeding Series&lt;/td&gt;
                        &lt;td&gt;0&lt;/td&gt;
                        &lt;td&gt;10.1145/3348445.3348448&lt;/td&gt;
                        &lt;td&gt;
                                                        &lt;span&gt;
                                &lt;a&gt;Scopus&lt;/a&gt;
                            &lt;/span&gt;
                                                    &lt;/td&gt;

                    &lt;/tr&gt;&lt;tr class="even"&gt;
                        &lt;td class="dtr-control sorting_1" tabindex="0"&gt; 4&lt;/td&gt;
                        &lt;td&gt;
                                                        2562
                                                    &lt;/td&gt;

                        &lt;!-- &lt;td style="width:90%;"&gt;Kernel extreme learning machine based on fuzzy set theory for multi-label classification&lt;/td&gt; --&gt;
                        &lt;td style="width:90%;"&gt;Kernel extreme learning machine based on fuzzy set theory for multi-label classification&lt;/td&gt;
                        &lt;td&gt;
                                                        &lt;span&gt;
                                &lt;a&gt;
                                                                        ญานิกา คงโสรส
                                                                    &lt;/a&gt;
                            &lt;/span&gt;
                                                        &lt;span&gt;
                                &lt;a&gt;
                                                                        ภัคราช มุสิกะวัน
                                                                    &lt;/a&gt;
                            &lt;/span&gt;
                            
                                                        &lt;span&gt;
                                &lt;a href="http://127.0.0.1:8000/detail/eyJpdiI6Ik1vMGYxWnphZXU0WnhKazRKYVV3ZFE9PSIsInZhbHVlIjoibXhaVHhIL1A5bWo1Nng1UmlXWFFQQT09IiwibWFjIjoiOGZiOTZmOThmMzljMjRmZmU2NzdlZjM1YThkYmRhNTYyMWU4OTdhNTI5NTcxYjk3YjFhNzkwZGQ4NDA1Y2YwNiIsInRhZyI6IiJ9"&gt;
                                    &lt;teacher teacher=""&gt;
                                                                                ปัญญาพล หอระตะ
                                                                            &lt;/teacher&gt;

                                &lt;/a&gt;
                            &lt;/span&gt;
                                                        &lt;span&gt;
                                &lt;a href="http://127.0.0.1:8000/detail/eyJpdiI6ImZDWWlISWlibk00V3VlMUNicGtWZnc9PSIsInZhbHVlIjoiTnZPeVRucWg4WjdVZnlkRWlLcXR3dz09IiwibWFjIjoiYjYwZWYzODI2YjI3N2RkYTFiYzc4OWZmN2IxYWI0ZDk5YjNhZmFmOGEzNWFlZTJkNjk4YmM2OTc4YzJmYjc3NyIsInRhZyI6IiJ9"&gt;
                                    &lt;teacher teacher=""&gt;
                                                                                คำรณ สุนัติ
                                                                            &lt;/teacher&gt;

                                &lt;/a&gt;
                            &lt;/span&gt;
                                                    &lt;/td&gt;
                        &lt;td&gt;
                                                        วารสาร
                                                    &lt;/td&gt;

                        &lt;td style="width:100%;"&gt;979-989&lt;/td&gt;
                        &lt;td&gt;International Journal of Machine Learning and Cybernetics&lt;/td&gt;
                        &lt;td&gt;13&lt;/td&gt;
                        &lt;td&gt;10.1007/s13042-017-0776-3&lt;/td&gt;
                        &lt;td&gt;
                                                        &lt;span&gt;
                                &lt;a&gt;Scopus&lt;/a&gt;
                            &lt;/span&gt;
                                                    &lt;/td&gt;

                    &lt;/tr&gt;&lt;tr class="odd"&gt;
                        &lt;td class="dtr-control sorting_1" tabindex="0"&gt; 5&lt;/td&gt;
                        &lt;td&gt;
                                                        2562
                                                    &lt;/td&gt;

                        &lt;!-- &lt;td style="width:90%;"&gt;Parallelized Metaheuristic-Ensemble of Heterogeneous Feedforward Neural Networks for Regression Problems&lt;/td&gt; --&gt;
                        &lt;td style="width:90%;"&gt;Parallelized Metaheuristic-Ensemble of Heterogeneous Feedforward Neural Networks for Regression Problems&lt;/td&gt;
                        &lt;td&gt;
                                                        &lt;span&gt;
                                &lt;a&gt;
                                                                        ภัคราช มุสิกะวัน
                                                                    &lt;/a&gt;
                            &lt;/span&gt;
                                                        &lt;span&gt;
                                &lt;a&gt;
                                                                        ญานิกา คงโสรส
                                                                    &lt;/a&gt;
                            &lt;/span&gt;
                            
                                                        &lt;span&gt;
                                &lt;a href="http://127.0.0.1:8000/detail/eyJpdiI6ImJlelQ2bEIxRUdxb1NvQ3pzQmRvdGc9PSIsInZhbHVlIjoic0oxeURLZFJ5R2RaZy9nS0ZUWFBoZz09IiwibWFjIjoiZGQ2ZWVjN2ZkY2Q0MjQ3ZjllOGY0MWUwMzY3NWVmMjk4NmEzNTU2ZTk1NDFjMDc0ZjdiM2M5OTcwYzIzMGI4ZiIsInRhZyI6IiJ9"&gt;
                                    &lt;teacher teacher=""&gt;
                                                                                คำรณ สุนัติ
                                                                            &lt;/teacher&gt;

                                &lt;/a&gt;
                            &lt;/span&gt;
                                                        &lt;span&gt;
                                &lt;a href="http://127.0.0.1:8000/detail/eyJpdiI6IitxeHBXL01vVHlQYWZCcUg5U3EzWHc9PSIsInZhbHVlIjoiT3RId05yZFdjaUhhQkJORWkzeC93QT09IiwibWFjIjoiNjBkZDJkZTRlZTkyYTIzM2YyZjZlZTMxM2E1ZjhhOWYyNDUyZTZkYWI3NzA2Yjk4OTA3YmQzOTc0MDE1NWRjYyIsInRhZyI6IiJ9"&gt;
                                    &lt;teacher teacher=""&gt;
                                                                                ปัญญาพล หอระตะ
                                                                            &lt;/teacher&gt;

                                &lt;/a&gt;
                            &lt;/span&gt;
                                                        &lt;span&gt;
                                &lt;a href="http://127.0.0.1:8000/detail/eyJpdiI6InFxSUUyMU5JWThIaUYyYXlNTzdnN2c9PSIsInZhbHVlIjoiMEs3bitzUFM0OG1wRi8vYmRnalJjdz09IiwibWFjIjoiOWE1MzQwNjRmN2U3MjJlZDY1YzVjOWE4ODhmOTY3NjBiYTZiMmNlY2U2NzI5ZmYxOWQ3MGFjZGYzMjljNzliNSIsInRhZyI6IiJ9"&gt;
                                    &lt;teacher teacher=""&gt;
                                                                                สิรภัทร เชี่ยวชาญวัฒนา
                                                                            &lt;/teacher&gt;

                                &lt;/a&gt;
                            &lt;/span&gt;
                                                    &lt;/td&gt;
                        &lt;td&gt;
                                                        วารสาร
                                                    &lt;/td&gt;

                        &lt;td style="width:100%;"&gt;26909-26932&lt;/td&gt;
                        &lt;td&gt;IEEE Access&lt;/td&gt;
                        &lt;td&gt;8&lt;/td&gt;
                        &lt;td&gt;10.1109/ACCESS.2019.2900563&lt;/td&gt;
                        &lt;td&gt;
                                                        &lt;span&gt;
                                &lt;a&gt;Scopus&lt;/a&gt;
                            &lt;/span&gt;
                                                    &lt;/td&gt;

                    &lt;/tr&gt;&lt;tr class="even"&gt;
                        &lt;td class="dtr-control sorting_1" tabindex="0"&gt; 6&lt;/td&gt;
                        &lt;td&gt;
                                                        2561
                                                    &lt;/td&gt;

                        &lt;!-- &lt;td style="width:90%;"&gt;A Fast Convolutional Denoising Autoencoder Based Extreme Learning Machine&lt;/td&gt; --&gt;
                        &lt;td style="width:90%;"&gt;A Fast Convolutional Denoising Autoencoder Based Extreme Learning Machine&lt;/td&gt;
                        &lt;td&gt;
                                                        &lt;span&gt;
                                &lt;a&gt;
                                                                        Janebhop Sawaengchob
                                                                    &lt;/a&gt;
                            &lt;/span&gt;
                                                        &lt;span&gt;
                                &lt;a&gt;
                                                                        ภัคราช มุสิกะวัน
                                                                    &lt;/a&gt;
                            &lt;/span&gt;
                                                        &lt;span&gt;
                                &lt;a&gt;
                                                                        ญานิกา คงโสรส
                                                                    &lt;/a&gt;
                            &lt;/span&gt;
                            
                                                        &lt;span&gt;
                                &lt;a href="http://127.0.0.1:8000/detail/eyJpdiI6IjhjSmtLaVVzRTZGejZQbnhMNjY0QWc9PSIsInZhbHVlIjoidUlITkpQZlhIcEFoUjNwRnhqOFFiUT09IiwibWFjIjoiYmVmZmVhMzFmZTVjNzY1MzQxNWMxZDFjMTA4NWUzZmIwMzk0ZGFiNDExZmJmM2IzNGRmMjJkM2IzZmM3ODM3ZCIsInRhZyI6IiJ9"&gt;
                                    &lt;teacher teacher=""&gt;
                                                                                ปัญญาพล หอระตะ
                                                                            &lt;/teacher&gt;

                                &lt;/a&gt;
                            &lt;/span&gt;
                                                    &lt;/td&gt;
                        &lt;td&gt;
                                                        เอกสารประชุมวิชาการ
                                                    &lt;/td&gt;

                        &lt;td style="width:100%;"&gt;185-189&lt;/td&gt;
                        &lt;td&gt;ICSEC 2017 - 21st International Computer Science and Engineering Conference 2017, Proceeding&lt;/td&gt;
                        &lt;td&gt;0&lt;/td&gt;
                        &lt;td&gt;10.1109/ICSEC.2017.8443962&lt;/td&gt;
                        &lt;td&gt;
                                                        &lt;span&gt;
                                &lt;a&gt;Scopus&lt;/a&gt;
                            &lt;/span&gt;
                                                    &lt;/td&gt;

                    &lt;/tr&gt;&lt;tr class="odd"&gt;
                        &lt;td class="dtr-control sorting_1" tabindex="0"&gt; 7&lt;/td&gt;
                        &lt;td&gt;
                                                        2560
                                                    &lt;/td&gt;

                        &lt;!-- &lt;td style="width:90%;"&gt;Ensemble extreme learning machine for multi-instance learning&lt;/td&gt; --&gt;
                        &lt;td style="width:90%;"&gt;Ensemble extreme learning machine for multi-instance learning&lt;/td&gt;
                        &lt;td&gt;
                                                        &lt;span&gt;
                                &lt;a&gt;
                                                                        Songpon Sastrawaha
                                                                    &lt;/a&gt;
                            &lt;/span&gt;
                            
                                                        &lt;span&gt;
                                &lt;a href="http://127.0.0.1:8000/detail/eyJpdiI6Im5CYXJIUDMwUHFIUVRsWVoyNTVHN1E9PSIsInZhbHVlIjoieVNrcExiUnpwbEJ5ZFNobDB4cWpsdz09IiwibWFjIjoiZjU3ODJlNzMyOWVlZjhmYTFmN2RjYTUwNDQ1MmQ2YTA5Zjg2ZTQ2YmViMGZlY2I5ODQ0OGQ4NjQ5YjM0N2NkOCIsInRhZyI6IiJ9"&gt;
                                    &lt;teacher teacher=""&gt;
                                                                                ปัญญาพล หอระตะ
                                                                            &lt;/teacher&gt;

                                &lt;/a&gt;
                            &lt;/span&gt;
                                                    &lt;/td&gt;
                        &lt;td&gt;
                                                        เอกสารประชุมวิชาการ
                                                    &lt;/td&gt;

                        &lt;td style="width:100%;"&gt;56-60&lt;/td&gt;
                        &lt;td&gt;ACM International Conference Proceeding Series&lt;/td&gt;
                        &lt;td&gt;1&lt;/td&gt;
                        &lt;td&gt;10.1145/3055635.3056641&lt;/td&gt;
                        &lt;td&gt;
                                                        &lt;span&gt;
                                &lt;a&gt;Scopus&lt;/a&gt;
                            &lt;/span&gt;
                                                    &lt;/td&gt;

                    &lt;/tr&gt;&lt;tr class="even"&gt;
                        &lt;td class="dtr-control sorting_1" tabindex="0"&gt; 8&lt;/td&gt;
                        &lt;td&gt;
                                                        2559
                                                    &lt;/td&gt;

                        &lt;!-- &lt;td style="width:90%;"&gt;Improved convex incremental extreme learning machine based on ridgelet and PSO algorithm&lt;/td&gt; --&gt;
                        &lt;td style="width:90%;"&gt;Improved convex incremental extreme learning machine based on ridgelet and PSO algorithm&lt;/td&gt;
                        &lt;td&gt;
                                                        &lt;span&gt;
                                &lt;a&gt;
                                                                        ภัคราช มุสิกะวัน
                                                                    &lt;/a&gt;
                            &lt;/span&gt;
                                                        &lt;span&gt;
                                &lt;a&gt;
                                                                        ญานิกา คงโสรส
                                                                    &lt;/a&gt;
                            &lt;/span&gt;
                            
                                                        &lt;span&gt;
                                &lt;a href="http://127.0.0.1:8000/detail/eyJpdiI6IlZweG15c21LYlJRODJMNkJOTGM3Z2c9PSIsInZhbHVlIjoiMHhmSWxBdjd3bGtDaG5HS3pXeHl2QT09IiwibWFjIjoiNTc4ZTBhMTk0ZWRmMjU2MWZmZDIwZThiYWIzNWUxNDZlOTdhODIzM2FmODk2NDA5YzUxMmE5NmU4ODJhZDVkNSIsInRhZyI6IiJ9"&gt;
                                    &lt;teacher teacher=""&gt;
                                                                                คำรณ สุนัติ
                                                                            &lt;/teacher&gt;

                                &lt;/a&gt;
                            &lt;/span&gt;
                                                        &lt;span&gt;
                                &lt;a href="http://127.0.0.1:8000/detail/eyJpdiI6IjNNcFBGeFIyMTRkUmxwMDNzenF6d2c9PSIsInZhbHVlIjoiUUVvcCt5QnpVMzlDbVQwK2FsQ3U0QT09IiwibWFjIjoiZTdlYzJjZDcyYjI3MjgxNzFjMjlkY2Y1NWFlMDZiNmM0YzYxYzg1ODJlZGQ4OGZiNDhhZmY1ZDFmZjVlMjZhYiIsInRhZyI6IiJ9"&gt;
                                    &lt;teacher teacher=""&gt;
                                                                                สิรภัทร เชี่ยวชาญวัฒนา
                                                                            &lt;/teacher&gt;

                                &lt;/a&gt;
                            &lt;/span&gt;
                                                        &lt;span&gt;
                                &lt;a href="http://127.0.0.1:8000/detail/eyJpdiI6InlnQzY4UWNYOHd4TFRwMUFDdmVCQkE9PSIsInZhbHVlIjoiTHN2N3VtdGJwRk9sNCtET1l5Yms1dz09IiwibWFjIjoiMzdhZDMxMGJhNjBhYmE0ZmZmYzU4OGEzMjkzZjcxNDdmMjBlM2MyNmYwNjYxYjZiZDJkNDhhMmRlOGZmNjdkMiIsInRhZyI6IiJ9"&gt;
                                    &lt;teacher teacher=""&gt;
                                                                                ปัญญาพล หอระตะ
                                                                            &lt;/teacher&gt;

                                &lt;/a&gt;
                            &lt;/span&gt;
                                                    &lt;/td&gt;
                        &lt;td&gt;
                                                        เอกสารประชุมวิชาการ
                                                    &lt;/td&gt;

                        &lt;td style="width:100%;"&gt;&lt;/td&gt;
                        &lt;td&gt;2016 13th International Joint Conference on Computer Science and Software Engineering, JCSSE 2016&lt;/td&gt;
                        &lt;td&gt;3&lt;/td&gt;
                        &lt;td&gt;10.1109/JCSSE.2016.7748870&lt;/td&gt;
                        &lt;td&gt;
                                                        &lt;span&gt;
                                &lt;a&gt;Scopus&lt;/a&gt;
                            &lt;/span&gt;
                                                    &lt;/td&gt;

                    &lt;/tr&gt;&lt;tr class="odd"&gt;
                        &lt;td class="dtr-control sorting_1" tabindex="0"&gt; 9&lt;/td&gt;
                        &lt;td&gt;
                                                        2559
                                                    &lt;/td&gt;

                        &lt;!-- &lt;td style="width:90%;"&gt;Extended hierarchical extreme learning machine with multilayer perceptron&lt;/td&gt; --&gt;
                        &lt;td style="width:90%;"&gt;Extended hierarchical extreme learning machine with multilayer perceptron&lt;/td&gt;
                        &lt;td&gt;
                                                        &lt;span&gt;
                                &lt;a&gt;
                                                                        Khanittha Phurattanaprapin
                                                                    &lt;/a&gt;
                            &lt;/span&gt;
                            
                                                        &lt;span&gt;
                                &lt;a href="http://127.0.0.1:8000/detail/eyJpdiI6IlI5aGZLWk44aEhuaC9wQUg1VVNJaHc9PSIsInZhbHVlIjoiZVNsS0hkM1NFSURyM2dsaDVKa2RkZz09IiwibWFjIjoiYmY0NDk4NmQzNjcwNzVhNjg0NDY4MmFjMTZlNGJlMDc5MWE5MTUzMDhmZWYzMmQ0Nzg3ZTMyYzc1MDhjOGQ1ZSIsInRhZyI6IiJ9"&gt;
                                    &lt;teacher teacher=""&gt;
                                                                                ปัญญาพล หอระตะ
                                                                            &lt;/teacher&gt;

                                &lt;/a&gt;
                            &lt;/span&gt;
                                                    &lt;/td&gt;
                        &lt;td&gt;
                                                        เอกสารประชุมวิชาการ
                                                    &lt;/td&gt;

                        &lt;td style="width:100%;"&gt;&lt;/td&gt;
                        &lt;td&gt;2016 13th International Joint Conference on Computer Science and Software Engineering, JCSSE 2016&lt;/td&gt;
                        &lt;td&gt;5&lt;/td&gt;
                        &lt;td&gt;10.1109/JCSSE.2016.7748874&lt;/td&gt;
                        &lt;td&gt;
                                                        &lt;span&gt;
                                &lt;a&gt;Scopus , &lt;/a&gt;
                            &lt;/span&gt;
                                                        &lt;span&gt;
                                &lt;a&gt;TCI&lt;/a&gt;
                            &lt;/span&gt;
                                                    &lt;/td&gt;

                    &lt;/tr&gt;&lt;tr class="even"&gt;
                        &lt;td class="dtr-control sorting_1" tabindex="0"&gt; 10&lt;/td&gt;
                        &lt;td&gt;
                                                        2559
                                                    &lt;/td&gt;

                        &lt;!-- &lt;td style="width:90%;"&gt;Harmonic extreme learning machine for data clustering&lt;/td&gt; --&gt;
                        &lt;td style="width:90%;"&gt;Harmonic extreme learning machine for data clustering&lt;/td&gt;
                        &lt;td&gt;
                                                        &lt;span&gt;
                                &lt;a&gt;
                                                                        Sarunyoo Boriratrit
                                                                    &lt;/a&gt;
                            &lt;/span&gt;
                                                        &lt;span&gt;
                                &lt;a&gt;
                                                                        ภัคราช มุสิกะวัน
                                                                    &lt;/a&gt;
                            &lt;/span&gt;
                            
                                                        &lt;span&gt;
                                &lt;a href="http://127.0.0.1:8000/detail/eyJpdiI6IktPTlEzYzJmTnFscEN6eUVNQ080QlE9PSIsInZhbHVlIjoiYklSMHBjWnlTZ2puZ1gyeDV2VDQzZz09IiwibWFjIjoiNGNlYWJjOTFkY2ZkYjY2ZjQ1NTgzYWM1ODhlOWE2YzdkMDRhYWNkYzUzYzJhMjJhYzg5MzJmZjMwNWFmM2Q5NyIsInRhZyI6IiJ9"&gt;
                                    &lt;teacher teacher=""&gt;
                                                                                สิรภัทร เชี่ยวชาญวัฒนา
                                                                            &lt;/teacher&gt;

                                &lt;/a&gt;
                            &lt;/span&gt;
                                                        &lt;span&gt;
                                &lt;a href="http://127.0.0.1:8000/detail/eyJpdiI6InBpRTNXdFU0Qk9KQmxZV0FjY0QyS0E9PSIsInZhbHVlIjoiaUhYa1FVYzk2OFdXRzNJd1BtVkFnQT09IiwibWFjIjoiMWQ4Njk0ZGYzZTg4OTY2OGVhNTFhMjcwNTAyYzIwNzgzZDc0NGVjMWQ2MzYyZGYzYWU1MTMyNjZkYWQ3MzZlOCIsInRhZyI6IiJ9"&gt;
                                    &lt;teacher teacher=""&gt;
                                                                                คำรณ สุนัติ
                                                                            &lt;/teacher&gt;

                                &lt;/a&gt;
                            &lt;/span&gt;
                                                        &lt;span&gt;
                                &lt;a href="http://127.0.0.1:8000/detail/eyJpdiI6Im1WOHJBVWMrZ3k1aDRJMnlpdUhGaWc9PSIsInZhbHVlIjoidlRzeFNrMEVYSlB6T2VaU2VsMk5LUT09IiwibWFjIjoiMGEzMmU3MWNmM2IwOWY1N2U1ZGQ1YmM1ZDVlM2ZlNGFhZDY5NjFkMzZhOWNiYmNkYWYxOTlhNWYxNjRiYTYyNSIsInRhZyI6IiJ9"&gt;
                                    &lt;teacher teacher=""&gt;
                                                                                ปัญญาพล หอระตะ
                                                                            &lt;/teacher&gt;

                                &lt;/a&gt;
                            &lt;/span&gt;
                                                    &lt;/td&gt;
                        &lt;td&gt;
                                                        เอกสารประชุมวิชาการ
                                                    &lt;/td&gt;

                        &lt;td style="width:100%;"&gt;&lt;/td&gt;
                        &lt;td&gt;2016 13th International Joint Conference on Computer Science and Software Engineering, JCSSE 2016&lt;/td&gt;
                        &lt;td&gt;4&lt;/td&gt;
                        &lt;td&gt;10.1109/JCSSE.2016.7748872&lt;/td&gt;
                        &lt;td&gt;
                                                        &lt;span&gt;
                                &lt;a&gt;Scopus&lt;/a&gt;
                            &lt;/span&gt;
                                                    &lt;/td&gt;

                    &lt;/tr&gt;&lt;/tbody&gt;

            &lt;/table&gt;&lt;/div&gt;&lt;/div&gt;&lt;div class="row"&gt;&lt;div class="col-sm-12 col-md-5"&gt;&lt;div class="dataTables_info" id="example1_info" role="status" aria-live="polite"&gt;แสดง 1 ถึง 10 จาก 22 รายการ&lt;/div&gt;&lt;/div&gt;&lt;div class="col-sm-12 col-md-7"&gt;&lt;div class="dataTables_paginate paging_simple_numbers" id="example1_paginate"&gt;&lt;ul class="pagination"&gt;&lt;li class="paginate_button page-item previous disabled" id="example1_previous"&gt;&lt;a href="#" aria-controls="example1" data-dt-idx="0" tabindex="0" class="page-link"&gt;ก่อนหน้า&lt;/a&gt;&lt;/li&gt;&lt;li class="paginate_button page-item active"&gt;&lt;a href="#" aria-controls="example1" data-dt-idx="1" tabindex="0" class="page-link"&gt;1&lt;/a&gt;&lt;/li&gt;&lt;li class="paginate_button page-item "&gt;&lt;a href="#" aria-controls="example1" data-dt-idx="2" tabindex="0" class="page-link"&gt;2&lt;/a&gt;&lt;/li&gt;&lt;li class="paginate_button page-item "&gt;&lt;a href="#" aria-controls="example1" data-dt-idx="3" tabindex="0" class="page-link"&gt;3&lt;/a&gt;&lt;/li&gt;&lt;li class="paginate_button page-item next" id="example1_next"&gt;&lt;a href="#" aria-controls="example1" data-dt-idx="4" tabindex="0" class="page-link"&gt;ถัดไป&lt;/a&gt;&lt;/li&gt;&lt;/ul&gt;&lt;/div&gt;&lt;/div&gt;&lt;/div&gt;&lt;/div&gt;

        &lt;/div&gt;
        &lt;div class="tab-pane fade" id="scopus" role="tabpanel" aria-labelledby="scopus-tab"&gt;

            &lt;div id="example2_wrapper" class="dataTables_wrapper dt-bootstrap5 no-footer"&gt;&lt;div class="row"&gt;&lt;div class="col-sm-12 col-md-6"&gt;&lt;div class="dataTables_length" id="example2_length"&gt;&lt;label&gt;Show &lt;select name="example2_length" aria-controls="example2" class="form-select form-select-sm"&gt;&lt;option value="10"&gt;10&lt;/option&gt;&lt;option value="25"&gt;25&lt;/option&gt;&lt;option value="50"&gt;50&lt;/option&gt;&lt;option value="100"&gt;100&lt;/option&gt;&lt;/select&gt; entries&lt;/label&gt;&lt;/div&gt;&lt;/div&gt;&lt;div class="col-sm-12 col-md-6"&gt;&lt;div id="example2_filter" class="dataTables_filter"&gt;&lt;label&gt;Search:&lt;input type="search" class="form-control form-control-sm" placeholder="" aria-controls="example2"&gt;&lt;/label&gt;&lt;/div&gt;&lt;/div&gt;&lt;/div&gt;&lt;div class="row"&gt;&lt;div class="col-sm-12"&gt;&lt;table id="example2" class="table table-striped dataTable no-footer dtr-inline" style="width: 100%;" aria-describedby="example2_info"&gt;
                &lt;thead&gt;
                    &lt;tr&gt;&lt;th class="sorting sorting_asc" tabindex="0" aria-controls="example2" rowspan="1" colspan="1" style="width: 0px;" aria-sort="ascending" aria-label="ลำดับ: activate to sort column descending"&gt;ลำดับ&lt;/th&gt;&lt;th class="sorting" tabindex="0" aria-controls="example2" rowspan="1" colspan="1" style="width: 0px;" aria-label="ปี: activate to sort column ascending"&gt;ปี&lt;/th&gt;&lt;th style="width: 0px;" class="sorting" tabindex="0" aria-controls="example2" rowspan="1" colspan="1" aria-label="ชื่องานวิจัย: activate to sort column ascending"&gt;ชื่องานวิจัย&lt;/th&gt;&lt;th class="sorting" tabindex="0" aria-controls="example2" rowspan="1" colspan="1" style="width: 0px;" aria-label="ชื่อผู้แต่ง: activate to sort column ascending"&gt;ชื่อผู้แต่ง&lt;/th&gt;&lt;th class="sorting" tabindex="0" aria-controls="example2" rowspan="1" colspan="1" style="width: 0px;" aria-label="ประเภทงานวิจัย: activate to sort column ascending"&gt;ประเภทงานวิจัย&lt;/th&gt;&lt;th style="width: 0px;" class="sorting" tabindex="0" aria-controls="example2" rowspan="1" colspan="1" aria-label="หน้า: activate to sort column ascending"&gt;หน้า&lt;/th&gt;&lt;th class="sorting" tabindex="0" aria-controls="example2" rowspan="1" colspan="1" style="width: 0px;" aria-label="ตีพิมพ์ที่: activate to sort column ascending"&gt;ตีพิมพ์ที่&lt;/th&gt;&lt;th class="sorting" tabindex="0" aria-controls="example2" rowspan="1" colspan="1" style="width: 0px;" aria-label="จำนวนการอ้างอิง: activate to sort column ascending"&gt;จำนวนการอ้างอิง&lt;/th&gt;&lt;th class="sorting" tabindex="0" aria-controls="example2" rowspan="1" colspan="1" style="width: 0px;" aria-label="Doi: activate to sort column ascending"&gt;Doi&lt;/th&gt;&lt;/tr&gt;
                &lt;/thead&gt;
                &lt;tbody&gt;
                                        
                                        
                                        
                                        
                                        
                                        
                                        
                                        
                                        
                                        
                                        
                                        
                                        
                                        
                                        
                                        
                                        
                                        
                                        
                                    &lt;tr class="odd"&gt;
                        &lt;td class="dtr-control sorting_1" tabindex="0"&gt; 1&lt;/td&gt;
                        &lt;td&gt;2021&lt;/td&gt;
                        &lt;!-- &lt;td style="width:90%;"&gt;Enhanced Local Receptive Fields based Extreme Learning Machine using Dominant Patterns Selection&lt;/td&gt; --&gt;
                        &lt;td style="width:90%;"&gt;Enhanced Local Receptive Fields based Extreme Learning Machine using Dominant Patterns Selection&lt;/td&gt;
                        &lt;td&gt;
                                                        &lt;span&gt;
                                &lt;a&gt;
                                                                        ภาณุวัฒน์ แก้วบ่อ
                                                                    &lt;/a&gt;
                            &lt;/span&gt;
                            
                                                        &lt;span&gt;
                                &lt;a href="http://127.0.0.1:8000/detail/eyJpdiI6IkIwSEcwQUNMNDVNanh6SUFuY25XakE9PSIsInZhbHVlIjoiL3k5eVdHWXphQW9JU1ZXYm1tMnpSUT09IiwibWFjIjoiODJhODI4YWEwMDQ5MDQ1ZTNkOWVkZjZkNDc0YzU0OTM4ZjM1ZjZlMTEzNjAxYTE3ZDUyZTRlYjBjZmUxZjU1NCIsInRhZyI6IiJ9"&gt;
                                    &lt;teacher teacher=""&gt;
                                                                                ปัญญาพล หอระตะ
                                                                            &lt;/teacher&gt;
                                &lt;/a&gt;
                            &lt;/span&gt;
                                                    &lt;/td&gt;
                        &lt;td&gt;
                                                        เอกสารประชุมวิชาการ
                                                    &lt;/td&gt;

                        &lt;td style="width:100%;"&gt;161-166&lt;/td&gt;
                        &lt;td&gt;ICSEC 2021 - 25th International Computer Science and Engineering Conference&lt;/td&gt;
                        &lt;td&gt;0&lt;/td&gt;
                        &lt;td&gt;10.1109/ICSEC53205.2021.9684636&lt;/td&gt;


                    &lt;/tr&gt;&lt;tr class="even"&gt;
                        &lt;td class="dtr-control sorting_1" tabindex="0"&gt; 2&lt;/td&gt;
                        &lt;td&gt;2020&lt;/td&gt;
                        &lt;!-- &lt;td style="width:90%;"&gt;An Incremental Kernel Extreme Learning Machine for Multi-Label Learning with Emerging New Labels&lt;/td&gt; --&gt;
                        &lt;td style="width:90%;"&gt;An Incremental Kernel Extreme Learning Machine for Multi-Label Learning with Emerging New Labels&lt;/td&gt;
                        &lt;td&gt;
                                                        &lt;span&gt;
                                &lt;a&gt;
                                                                        ญานิกา คงโสรส
                                                                    &lt;/a&gt;
                            &lt;/span&gt;
                                                        &lt;span&gt;
                                &lt;a&gt;
                                                                        ภัคราช มุสิกะวัน
                                                                    &lt;/a&gt;
                            &lt;/span&gt;
                            
                                                        &lt;span&gt;
                                &lt;a href="http://127.0.0.1:8000/detail/eyJpdiI6ImZEckh6V2FuZHdaOXVRWUpIWU9LVFE9PSIsInZhbHVlIjoibjRicjJoODZzVnJnSXFrbm8yL092dz09IiwibWFjIjoiOThjZjQ1ZjIwNjNlZjE2NWY5ZTQ4ZjM2NDI1OTMwN2NlYjMxM2NhOGQxZTc0OTE2MzU0NzE1MTg5Yjk4Y2RlNyIsInRhZyI6IiJ9"&gt;
                                    &lt;teacher teacher=""&gt;
                                                                                ปัญญาพล หอระตะ
                                                                            &lt;/teacher&gt;
                                &lt;/a&gt;
                            &lt;/span&gt;
                                                    &lt;/td&gt;
                        &lt;td&gt;
                                                        วารสาร
                                                    &lt;/td&gt;

                        &lt;td style="width:100%;"&gt;46055-46070&lt;/td&gt;
                        &lt;td&gt;IEEE Access&lt;/td&gt;
                        &lt;td&gt;2&lt;/td&gt;
                        &lt;td&gt;10.1109/ACCESS.2020.2978648&lt;/td&gt;


                    &lt;/tr&gt;&lt;tr class="odd"&gt;
                        &lt;td class="dtr-control sorting_1" tabindex="0"&gt; 3&lt;/td&gt;
                        &lt;td&gt;2019&lt;/td&gt;
                        &lt;!-- &lt;td style="width:90%;"&gt;Enhancement of artificial emotional neural network using Jaya algorithm and the investigation of expanded feature selected for wind power forecasting&lt;/td&gt; --&gt;
                        &lt;td style="width:90%;"&gt;Enhancement of artificial emotional neural network using Jaya algorithm and the investigation of expanded feature selected for wind power forecasting&lt;/td&gt;
                        &lt;td&gt;
                                                        &lt;span&gt;
                                &lt;a&gt;
                                                                        สุธาสินี เอี่ยมสอาด
                                                                    &lt;/a&gt;
                            &lt;/span&gt;
                            
                                                        &lt;span&gt;
                                &lt;a href="http://127.0.0.1:8000/detail/eyJpdiI6ImdnZTJLSlQzaUNNL09saGVIc0lrRkE9PSIsInZhbHVlIjoiQ2ZIY3NzczBhVVUwb21XYm1DWWVOZz09IiwibWFjIjoiNWFlOTVjOTE1M2I1OTZhNGNkNDE5MDhlMmE4YTQ2NTNjNTdmYzc1OGQ3NzVkZGQzOWM2YWRhYjcxZjM4YjBjNyIsInRhZyI6IiJ9"&gt;
                                    &lt;teacher teacher=""&gt;
                                                                                ปัญญาพล หอระตะ
                                                                            &lt;/teacher&gt;
                                &lt;/a&gt;
                            &lt;/span&gt;
                                                        &lt;span&gt;
                                &lt;a href="http://127.0.0.1:8000/detail/eyJpdiI6IktpbTJsbFlNNUFCYk5QRUkwdCt2VlE9PSIsInZhbHVlIjoiL1VHbXJGY0puUHVuQWZiMlhwY3dTUT09IiwibWFjIjoiOTA5NTc1M2ZmMGEyMTVlNTE2OTc1NWQ2NmZiZDMyZDFhNGE4NDE0MDA3MmQ0ZDA4ZThjOTQ5MjVlMGZhYjQ0OSIsInRhZyI6IiJ9"&gt;
                                    &lt;teacher teacher=""&gt;
                                                                                คำรณ สุนัติ
                                                                            &lt;/teacher&gt;
                                &lt;/a&gt;
                            &lt;/span&gt;
                                                    &lt;/td&gt;
                        &lt;td&gt;
                                                        เอกสารประชุมวิชาการ
                                                    &lt;/td&gt;

                        &lt;td style="width:100%;"&gt;137-142&lt;/td&gt;
                        &lt;td&gt;ACM International Conference Proceeding Series&lt;/td&gt;
                        &lt;td&gt;0&lt;/td&gt;
                        &lt;td&gt;10.1145/3348445.3348448&lt;/td&gt;


                    &lt;/tr&gt;&lt;tr class="even"&gt;
                        &lt;td class="dtr-control sorting_1" tabindex="0"&gt; 4&lt;/td&gt;
                        &lt;td&gt;2019&lt;/td&gt;
                        &lt;!-- &lt;td style="width:90%;"&gt;Kernel extreme learning machine based on fuzzy set theory for multi-label classification&lt;/td&gt; --&gt;
                        &lt;td style="width:90%;"&gt;Kernel extreme learning machine based on fuzzy set theory for multi-label classification&lt;/td&gt;
                        &lt;td&gt;
                                                        &lt;span&gt;
                                &lt;a&gt;
                                                                        ญานิกา คงโสรส
                                                                    &lt;/a&gt;
                            &lt;/span&gt;
                                                        &lt;span&gt;
                                &lt;a&gt;
                                                                        ภัคราช มุสิกะวัน
                                                                    &lt;/a&gt;
                            &lt;/span&gt;
                            
                                                        &lt;span&gt;
                                &lt;a href="http://127.0.0.1:8000/detail/eyJpdiI6ImloYkRrcUt5OFI5c2VRZkJSenBKaHc9PSIsInZhbHVlIjoibU9TaENXVnJzdFZFZ3BYUm5DdDFYZz09IiwibWFjIjoiODA0YzQ5MWY4N2ZhNTdlZjFlOGEwNTRjNmVmNDBlOWVhMDBhZDEyYWQ1NzIwNmM1MTNjNmQ2NjVkYWQ0YzgwYiIsInRhZyI6IiJ9"&gt;
                                    &lt;teacher teacher=""&gt;
                                                                                ปัญญาพล หอระตะ
                                                                            &lt;/teacher&gt;
                                &lt;/a&gt;
                            &lt;/span&gt;
                                                        &lt;span&gt;
                                &lt;a href="http://127.0.0.1:8000/detail/eyJpdiI6ImZ5VTdDV0Vub3FDRXdlVWlDY3JwTVE9PSIsInZhbHVlIjoiYkhwWmpxcWtWemNWS01zbVAza25kQT09IiwibWFjIjoiMzI4NmI5YzQ2ZTU4ZGU1YmU4MTUzYWE0ZTMzZTY0N2UwODIyNzVkNWQ1MTE0NTAzYjAyZDdmN2JhMzNlYTk2NSIsInRhZyI6IiJ9"&gt;
                                    &lt;teacher teacher=""&gt;
                                                                                คำรณ สุนัติ
                                                                            &lt;/teacher&gt;
                                &lt;/a&gt;
                            &lt;/span&gt;
                                                    &lt;/td&gt;
                        &lt;td&gt;
                                                        วารสาร
                                                    &lt;/td&gt;

                        &lt;td style="width:100%;"&gt;979-989&lt;/td&gt;
                        &lt;td&gt;International Journal of Machine Learning and Cybernetics&lt;/td&gt;
                        &lt;td&gt;13&lt;/td&gt;
                        &lt;td&gt;10.1007/s13042-017-0776-3&lt;/td&gt;


                    &lt;/tr&gt;&lt;tr class="odd"&gt;
                        &lt;td class="dtr-control sorting_1" tabindex="0"&gt; 5&lt;/td&gt;
                        &lt;td&gt;2019&lt;/td&gt;
                        &lt;!-- &lt;td style="width:90%;"&gt;Parallelized Metaheuristic-Ensemble of Heterogeneous Feedforward Neural Networks for Regression Problems&lt;/td&gt; --&gt;
                        &lt;td style="width:90%;"&gt;Parallelized Metaheuristic-Ensemble of Heterogeneous Feedforward Neural Networks for Regression Problems&lt;/td&gt;
                        &lt;td&gt;
                                                        &lt;span&gt;
                                &lt;a&gt;
                                                                        ภัคราช มุสิกะวัน
                                                                    &lt;/a&gt;
                            &lt;/span&gt;
                                                        &lt;span&gt;
                                &lt;a&gt;
                                                                        ญานิกา คงโสรส
                                                                    &lt;/a&gt;
                            &lt;/span&gt;
                            
                                                        &lt;span&gt;
                                &lt;a href="http://127.0.0.1:8000/detail/eyJpdiI6IjFJRC9QYkFuUlFZWHdmdzFZSkxPZFE9PSIsInZhbHVlIjoiV0xVZEVwR0t4MTg2aTlubUJmcEh0dz09IiwibWFjIjoiNGZiZmUzOWE0ZWE2NmU2YzhkNTMzOTBlYTE4YTM5MzkyNjhkMTMxYjdlNGQyMzVjOWZlOTE3MjAyZDFhMWM2NyIsInRhZyI6IiJ9"&gt;
                                    &lt;teacher teacher=""&gt;
                                                                                คำรณ สุนัติ
                                                                            &lt;/teacher&gt;
                                &lt;/a&gt;
                            &lt;/span&gt;
                                                        &lt;span&gt;
                                &lt;a href="http://127.0.0.1:8000/detail/eyJpdiI6IlBpYlpKeEQvRjAvTE9JaWhvL3BuMnc9PSIsInZhbHVlIjoiZEg4Q2lxeXozbHpUclJGaGR5MUJ4dz09IiwibWFjIjoiNTk4OWY1MWNlN2Y4YTNlNzc0YzQ5YmIxMDg3ZTVkODgwNjIwZGYxMDRlOTcxOWMzMDA0Yjk2OTRiZTE5ZWIzYyIsInRhZyI6IiJ9"&gt;
                                    &lt;teacher teacher=""&gt;
                                                                                ปัญญาพล หอระตะ
                                                                            &lt;/teacher&gt;
                                &lt;/a&gt;
                            &lt;/span&gt;
                                                        &lt;span&gt;
                                &lt;a href="http://127.0.0.1:8000/detail/eyJpdiI6ImpkeVYxQ1U4MzJSSTZxbW1VM3JTY3c9PSIsInZhbHVlIjoiUUFZU1RaZlhXZGJ4L0dsdUdCRVo1Zz09IiwibWFjIjoiMDBlM2E2OWZlNjUzNjNmODMxMDc1Y2ZmMjNjM2ZkY2Y5NjAwZWZiZDg4ODI4MmE4NDQ1NDI2ODMwZThhNDc5OCIsInRhZyI6IiJ9"&gt;
                                    &lt;teacher teacher=""&gt;
                                                                                สิรภัทร เชี่ยวชาญวัฒนา
                                                                            &lt;/teacher&gt;
                                &lt;/a&gt;
                            &lt;/span&gt;
                                                    &lt;/td&gt;
                        &lt;td&gt;
                                                        วารสาร
                                                    &lt;/td&gt;

                        &lt;td style="width:100%;"&gt;26909-26932&lt;/td&gt;
                        &lt;td&gt;IEEE Access&lt;/td&gt;
[...]
    var paper_wos_s = [0,0,0,0,0,0,0,0,0,0,0,0,0,0,0,0,0,0,0,0,0];
    var paper_book_s = [0,0,0,0,0,0,0,0,0,0,0,0,0,0,0,0,0,0,0,0,0];
    var paper_patent_s = [0,0,0,0,0,0,0,0,0,0,0,0,0,0,0,0,0,0,0,0,0];
    //console.log(paper_book_s);
    let sumtci = 0;
    let sumsco = 0;
    let sumwos = 0;
    let sumbook = 0;
    let sumpatent = 0;
    (function($) {
        for (let i = 0; i &lt; paper_scopus_s.length; i++) {
            sumsco += paper_scopus_s[i];
        }
        for (let i = 0; i &lt; paper_tci_s.length; i++) {
            sumtci += paper_tci_s[i];
        }
        for (let i = 0; i &lt; paper_wos_s.length; i++) {
            sumwos += paper_wos_s[i];
        }
        for (let i = 0; i &lt; paper_book_s.length; i++) {
            sumbook += paper_book_s[i];
        }
        for (let i = 0; i &lt; paper_patent_s.length; i++) {
            sumpatent += paper_patent_s[i];
        }
        let sum = sumsco + sumtci + sumwos + sumbook + sumpatent;

        //$("#scopus").append('data-to="100"');
        document.getElementById("all").innerHTML += `   
                &lt;h2 class="timer count-title count-number" data-to="${sum}" data-speed="1500"&gt;&lt;/h2&gt;
                &lt;p class="count-text "&gt;总结&lt;/p&gt;`

        document.getElementById("scopus_sum").innerHTML += `   
                &lt;h2 class="timer count-title count-number" data-to="${sumsco}" data-speed="1500"&gt;&lt;/h2&gt;
                &lt;p class="count-text"&gt;SCOPUS&lt;/p&gt;`

        document.getElementById("wos_sum").innerHTML += `    
                &lt;h2 class="timer count-title count-number" data-to="${sumwos}" data-speed="1500"&gt;&lt;/h2&gt;
                &lt;p class="count-text "&gt;WOS&lt;/p&gt;`

        document.getElementById("tci_sum").innerHTML += `  
                &lt;h2 class="timer count-title count-number" data-to="${sumtci}" data-speed="1500"&gt;&lt;/h2&gt;
                &lt;p class="count-text "&gt;TCI&lt;/p&gt;`


        //document.getElementById("scopus").appendChild('data-to="100"');
        $.fn.countTo = function(options) {
            options = options || {};

            return $(this).each(function() {
                // set options for current element
                var settings = $.extend({}, $.fn.countTo.defaults, {
                    from: $(this).data('from'),
                    to: $(this).data('to'),
                    speed: $(this).data('speed'),
                    refreshInterval: $(this).data('refresh-interval'),
                    decimals: $(this).data('decimals')
                }, options);

                // how many times to update the value, and how much to increment the value on each update
                var loops = Math.ceil(settings.speed / settings.refreshInterval),
                    increment = (settings.to - settings.from) / loops;

                // references &amp; variables that will change with each update
                var self = this,
                    $self = $(this),
                    loopCount = 0,
                    value = settings.from,
                    data = $self.data('countTo') || {};

                $self.data('countTo', data);

                // if an existing interval can be found, clear it first
                if (data.interval) {
                    clearInterval(data.interval);
                }
                data.interval = setInterval(updateTimer, settings.refreshInterval);

                // initialize the element with the starting value
                render(value);

                function updateTimer() {
                    value += increment;
                    loopCount++;

                    render(value);

                    if (typeof(settings.onUpdate) == 'function') {
                        settings.onUpdate.call(self, value);
                    }

                    if (loopCount &gt;= loops) {
                        // remove the interval
                        $self.removeData('countTo');
                        clearInterval(data.interval);
                        value = settings.to;

                        if (typeof(settings.onComplete) == 'function') {
                            settings.onComplete.call(self, value);
                        }
                    }
                }

                function render(value) {
                    var formattedValue = settings.formatter.call(self, value, settings);
                    $self.html(formattedValue);
                }
            });
        };

        $.fn.countTo.defaults = {
            from: 0, // the number the element should start at
            to: 0, // the number the element should end at
            speed: 1000, // how long it should take to count between the target numbers
            refreshInterval: 100, // how often the element should be updated
            decimals: 0, // the number of decimal places to show
            formatter: formatter, // handler for formatting the value before rendering
            onUpdate: null, // callback method for every time the element is updated
            onComplete: null // callback method for when the element finishes updating
        };

        function formatter(value, settings) {
            return value.toFixed(settings.decimals);
        }
    }(jQuery));

    jQuery(function($) {
        // custom formatting example
        $('.count-number').data('countToOptions', {
            formatter: function(value, options) {
                return value.toFixed(options.decimals).replace(/\B(?=(?:\d{3})+(?!\d))/g, ',');
            }
        });

        // start all the timers
        $('.timer').each(count);

        function count(options) {
            var $this = $(this);
            options = $.extend({}, options || {}, $this.data('countToOptions') || {});
            $this.countTo(options);
        }
    });
&lt;/script&gt;
&lt;script&gt;
    $(document).ready(function() {
        // กำหนดค่า locale จาก Blade หรือจากตัวเลือกของผู้ใช้
        let locale = "zh";
        let languageSettings = {};

        if (locale === 'en') {
            languageSettings = {
                lengthMenu: "Show _MENU_ entries",
                zeroRecords: "No matching records found",
                info: "Showing _START_ to _END_ of _TOTAL_ entries",
                infoEmpty: "No records available",
                infoFiltered: "(filtered from _MAX_ total records)",
                search: "Search:",
                paginate: {
                    first: "First",
                    last: "Last",
                    next: "Next",
                    previous: "Previous"
                }
            };
        } else if (locale === 'zh') {
            languageSettings = {
                lengthMenu: "显示 _MENU_ 条目",
                zeroRecords: "未找到匹配的记录",
                info: "显示第 _START_ 至 _END_ 项结果，共 _TOTAL_ 项",
                infoEmpty: "没有可用记录",
                infoFiltered: "(从 _MAX_ 条记录中过滤)",
                search: "搜索:",
                paginate: {
                    first: "首页",
                    last: "末页",
                    next: "下页",
                    previous: "上页"
                }
            };
        } else {
            // ค่าเริ่มต้น: ภาษาไทย
            languageSettings = {
                lengthMenu: "แสดง _MENU_ รายการ",
                zeroRecords: "ไม่พบข้อมูลที่ตรงกัน",
                info: "แสดง _START_ ถึง _END_ จาก _TOTAL_ รายการ",
                infoEmpty: "ไม่มีข้อมูล",
                infoFiltered: "(กรองจาก _MAX_ รายการ)",
                search: "ค้นหา:",
                paginate: {
                    first: "หน้าแรก",
                    last: "หน้าสุดท้าย",
                    next: "ถัดไป",
                    previous: "ก่อนหน้า"
                }
            };
        }

        // เริ่มต้น initialize ตารางที่อยู่ใน tab แรก (home)
        $('#example1').DataTable({
            responsive: true,
            language: languageSettings,
            destroy: true
        });

        // เมื่อผู้ใช้เปลี่ยน tab
        $('button[data-bs-toggle="tab"]').on('shown.bs.tab', function(event) {
            // รับค่า data-bs-target เพื่อทราบว่ากดไปที่ tab ไหน
            var target = $(event.target).attr('data-bs-target');

            // กำหนดการ reinitialize ตาม target ของแต่ละ tab
            if (target === '#home') {
                if ($.fn.DataTable.isDataTable('#example1')) {
                    $('#example1').DataTable().destroy();
                }
                $('#example1').DataTable({
                    responsive: true,
                    language: languageSettings,
                    destroy: true
                });
            }
            if (target === '#scopus') {
                if ($.fn.DataTable.isDataTable('#example2')) {
                    $('#example2').DataTable().destroy();
                }
                $('#example2').DataTable({
                    responsive: true,
                    language: languageSettings,
                    destroy: true
                });
            }
            if (target === '#wos') {
                if ($.fn.DataTable.isDataTable('#example3')) {
                    $('#example3').DataTable().destroy();
                }
                $('#example3').DataTable({
                    responsive: true,
                    language: languageSettings,
                    destroy: true
                });
            }
            if (target === '#tci') {
                if ($.fn.DataTable.isDataTable('#example4')) {
                    $('#example4').DataTable().destroy();
                }
                $('#example4').DataTable({
                    responsive: true,
                    language: languageSettings,
                    destroy: true
                });
            }
            if (target === '#book') {
                if ($.fn.DataTable.isDataTable('#example5')) {
                    $('#example5').DataTable().destroy();
                }
                $('#example5').DataTable({
                    responsive: true,
                    language: languageSettings,
                    destroy: true
                });
            }
            if (target === '#patent') {
                if ($.fn.DataTable.isDataTable('#example6')) {
                    $('#example6').DataTable().destroy();
                }
                $('#example6').DataTable({
                    responsive: true,
                    language: languageSettings,
                    destroy: true
                });
            }
        });
    });
&lt;/script&gt;





&lt;!-- &lt;script&gt;
    // get the p element
    $(document).ready(function() {
    const a = document.getElementById('authtd');
    console.log(a.text)
    const myArray =  a.text.toString().split(" ");
    console.log(myArray)
    document.getElementById("authtd").innerHTML = "name :"+ myArray;
    
});
&lt;/script&gt; --&gt;
    
    &lt;footer class="footer"&gt;
        &lt;div class="d-sm-flex justify-content-center justify-content-sm-between"&gt;
        &lt;/div&gt;
    &lt;/footer&gt;



&lt;/body&gt;&lt;/html&gt;</msg>
<arg>HTML Source: ${html_source}</arg>
<doc>Logs the given message with the given level.</doc>
<status status="PASS" start="2025-03-09T15:07:41.834573" elapsed="0.004606"/>
</kw>
<for flavor="IN">
<iter>
<kw name="Should Contain" owner="BuiltIn">
<arg>${html_source}</arg>
<arg>${text}</arg>
<doc>Fails if ``container`` does not contain ``item`` one or more times.</doc>
<status status="PASS" start="2025-03-09T15:07:41.840188" elapsed="0.000000"/>
</kw>
<var name="${text}">编号</var>
<status status="PASS" start="2025-03-09T15:07:41.840188" elapsed="0.000000"/>
</iter>
<iter>
<kw name="Should Contain" owner="BuiltIn">
<arg>${html_source}</arg>
<arg>${text}</arg>
<doc>Fails if ``container`` does not contain ``item`` one or more times.</doc>
<status status="PASS" start="2025-03-09T15:07:41.840188" elapsed="0.001000"/>
</kw>
<var name="${text}">年份</var>
<status status="PASS" start="2025-03-09T15:07:41.840188" elapsed="0.001000"/>
</iter>
<iter>
<kw name="Should Contain" owner="BuiltIn">
<arg>${html_source}</arg>
<arg>${text}</arg>
<doc>Fails if ``container`` does not contain ``item`` one or more times.</doc>
<status status="PASS" start="2025-03-09T15:07:41.841188" elapsed="0.000000"/>
</kw>
<var name="${text}">文章名称</var>
<status status="PASS" start="2025-03-09T15:07:41.841188" elapsed="0.000999"/>
</iter>
<iter>
<kw name="Should Contain" owner="BuiltIn">
<arg>${html_source}</arg>
<arg>${text}</arg>
<doc>Fails if ``container`` does not contain ``item`` one or more times.</doc>
<status status="PASS" start="2025-03-09T15:07:41.842187" elapsed="0.000000"/>
</kw>
<var name="${text}">作者</var>
<status status="PASS" start="2025-03-09T15:07:41.842187" elapsed="0.001017"/>
</iter>
<iter>
<kw name="Should Contain" owner="BuiltIn">
<arg>${html_source}</arg>
<arg>${text}</arg>
<doc>Fails if ``container`` does not contain ``item`` one or more times.</doc>
<status status="PASS" start="2025-03-09T15:07:41.843204" elapsed="0.000000"/>
</kw>
<var name="${text}">文档类型</var>
<status status="PASS" start="2025-03-09T15:07:41.843204" elapsed="0.000000"/>
</iter>
<iter>
<kw name="Should Contain" owner="BuiltIn">
<arg>${html_source}</arg>
<arg>${text}</arg>
<doc>Fails if ``container`` does not contain ``item`` one or more times.</doc>
<status status="PASS" start="2025-03-09T15:07:41.843204" elapsed="0.000000"/>
</kw>
<var name="${text}">页码</var>
<status status="PASS" start="2025-03-09T15:07:41.843204" elapsed="0.000000"/>
</iter>
<iter>
<kw name="Should Contain" owner="BuiltIn">
<arg>${html_source}</arg>
<arg>${text}</arg>
<doc>Fails if ``container`` does not contain ``item`` one or more times.</doc>
<status status="PASS" start="2025-03-09T15:07:41.843204" elapsed="0.000000"/>
</kw>
<var name="${text}">期刊/交易</var>
<status status="PASS" start="2025-03-09T15:07:41.843204" elapsed="0.000000"/>
</iter>
<iter>
<kw name="Should Contain" owner="BuiltIn">
<arg>${html_source}</arg>
<arg>${text}</arg>
<doc>Fails if ``container`` does not contain ``item`` one or more times.</doc>
<status status="PASS" start="2025-03-09T15:07:41.844708" elapsed="0.000000"/>
</kw>
<var name="${text}">引用</var>
<status status="PASS" start="2025-03-09T15:07:41.844708" elapsed="0.000000"/>
</iter>
<iter>
<kw name="Should Contain" owner="BuiltIn">
<arg>${html_source}</arg>
<arg>${text}</arg>
<doc>Fails if ``container`` does not contain ``item`` one or more times.</doc>
<status status="PASS" start="2025-03-09T15:07:41.844708" elapsed="0.000000"/>
</kw>
<var name="${text}">Doi</var>
<status status="PASS" start="2025-03-09T15:07:41.844708" elapsed="0.000000"/>
</iter>
<iter>
<kw name="Should Contain" owner="BuiltIn">
<arg>${html_source}</arg>
<arg>${text}</arg>
<doc>Fails if ``container`` does not contain ``item`` one or more times.</doc>
<status status="PASS" start="2025-03-09T15:07:41.844708" elapsed="0.000000"/>
</kw>
<var name="${text}">来源</var>
<status status="PASS" start="2025-03-09T15:07:41.844708" elapsed="0.000000"/>
</iter>
<iter>
<kw name="Should Contain" owner="BuiltIn">
<arg>${html_source}</arg>
<arg>${text}</arg>
<doc>Fails if ``container`` does not contain ``item`` one or more times.</doc>
<status status="PASS" start="2025-03-09T15:07:41.844708" elapsed="0.001034"/>
</kw>
<var name="${text}">总结</var>
<status status="PASS" start="2025-03-09T15:07:41.844708" elapsed="0.001034"/>
</iter>
<iter>
<kw name="Should Contain" owner="BuiltIn">
<arg>${html_source}</arg>
<arg>${text}</arg>
<doc>Fails if ``container`` does not contain ``item`` one or more times.</doc>
<status status="PASS" start="2025-03-09T15:07:41.845742" elapsed="0.000000"/>
</kw>
<var name="${text}">导出到Excel</var>
<status status="PASS" start="2025-03-09T15:07:41.845742" elapsed="0.000000"/>
</iter>
<iter>
<kw name="Should Contain" owner="BuiltIn">
<arg>${html_source}</arg>
<arg>${text}</arg>
<doc>Fails if ``container`` does not contain ``item`` one or more times.</doc>
<status status="PASS" start="2025-03-09T15:07:41.845742" elapsed="0.000000"/>
</kw>
<var name="${text}">Panuwat Keawbor</var>
<status status="PASS" start="2025-03-09T15:07:41.845742" elapsed="0.000000"/>
</iter>
<iter>
<kw name="Should Contain" owner="BuiltIn">
<arg>${html_source}</arg>
<arg>${text}</arg>
<doc>Fails if ``container`` does not contain ``item`` one or more times.</doc>
<status status="PASS" start="2025-03-09T15:07:41.845742" elapsed="0.000000"/>
</kw>
<var name="${text}">Punyaphol Horata</var>
<status status="PASS" start="2025-03-09T15:07:41.845742" elapsed="0.000000"/>
</iter>
<iter>
<kw name="Should Contain" owner="BuiltIn">
<arg>${html_source}</arg>
<arg>${text}</arg>
<doc>Fails if ``container`` does not contain ``item`` one or more times.</doc>
<status status="PASS" start="2025-03-09T15:07:41.845742" elapsed="0.000000"/>
</kw>
<var name="${text}">รศ.ดร. ปัญญาพล หอระตะ</var>
<status status="PASS" start="2025-03-09T15:07:41.845742" elapsed="0.000000"/>
</iter>
<iter>
<kw name="Should Contain" owner="BuiltIn">
<arg>${html_source}</arg>
<arg>${text}</arg>
<doc>Fails if ``container`` does not contain ``item`` one or more times.</doc>
<status status="PASS" start="2025-03-09T15:07:41.845742" elapsed="0.001533"/>
</kw>
<var name="${text}">电子邮件</var>
<status status="PASS" start="2025-03-09T15:07:41.845742" elapsed="0.001533"/>
</iter>
<iter>
<kw name="Should Contain" owner="BuiltIn">
<arg>${html_source}</arg>
<arg>${text}</arg>
<doc>Fails if ``container`` does not contain ``item`` one or more times.</doc>
<status status="PASS" start="2025-03-09T15:07:41.847275" elapsed="0.000000"/>
</kw>
<var name="${text}">教育</var>
<status status="PASS" start="2025-03-09T15:07:41.847275" elapsed="0.000000"/>
</iter>
<iter>
<kw name="Should Contain" owner="BuiltIn">
<arg>${html_source}</arg>
<arg>${text}</arg>
<doc>Fails if ``container`` does not contain ``item`` one or more times.</doc>
<status status="PASS" start="2025-03-09T15:07:41.847275" elapsed="0.000000"/>
</kw>
<var name="${text}">1985 B.Sc. (Mathematics) Khon Kaen University</var>
<status status="PASS" start="2025-03-09T15:07:41.847275" elapsed="0.000000"/>
</iter>
<iter>
<kw name="Should Contain" owner="BuiltIn">
<arg>${html_source}</arg>
<arg>${text}</arg>
<doc>Fails if ``container`` does not contain ``item`` one or more times.</doc>
<status status="PASS" start="2025-03-09T15:07:41.847275" elapsed="0.001046"/>
</kw>
<var name="${text}">出版物</var>
<status status="PASS" start="2025-03-09T15:07:41.847275" elapsed="0.001046"/>
</iter>
<iter>
<kw name="Should Contain" owner="BuiltIn">
<arg>${html_source}</arg>
<arg>${text}</arg>
<doc>Fails if ``container`` does not contain ``item`` one or more times.</doc>
<status status="PASS" start="2025-03-09T15:07:41.848321" elapsed="0.000000"/>
</kw>
<var name="${text}">总结</var>
<status status="PASS" start="2025-03-09T15:07:41.848321" elapsed="0.000000"/>
</iter>
<var>${text}</var>
<value>@{expected_texts}</value>
<status status="PASS" start="2025-03-09T15:07:41.839179" elapsed="0.009142"/>
</for>
<arg>@{EXPECTED_PROFILE_CN}</arg>
<status status="PASS" start="2025-03-09T15:07:41.818989" elapsed="0.029332"/>
</kw>
<kw name="Close Browser" owner="SeleniumLibrary">
<doc>Closes the current browser.</doc>
<status status="PASS" start="2025-03-09T15:07:41.849291" elapsed="2.330440"/>
</kw>
<kw name="Close Browser" owner="SeleniumLibrary" type="TEARDOWN">
<doc>Closes the current browser.</doc>
<status status="PASS" start="2025-03-09T15:07:44.181013" elapsed="0.000000"/>
</kw>
<status status="PASS" start="2025-03-09T15:07:33.102314" elapsed="11.078699"/>
</test>
<doc>UAT: Home -&gt; Researcher -&gt; ResearcherProfile</doc>
<status status="PASS" start="2025-03-09T15:07:11.528888" elapsed="32.653101"/>
</suite>
<statistics>
<total>
<stat pass="3" fail="0" skip="0">All Tests</stat>
</total>
<tag>
</tag>
<suite>
<stat pass="3" fail="0" skip="0" id="s1" name="researcherProfile">researcherProfile</stat>
</suite>
</statistics>
<errors>
</errors>
</robot>
