<?xml version="1.0" encoding="UTF-8"?>
<robot generator="Robot 7.1.1 (Python 3.13.0 on win32)" generated="2025-03-12T22:00:28.989584" rpa="false" schemaversion="5">
<suite id="s1" name="UAT-Project-014-eng" source="C:\Users\Lenovo\Documents\GitHub\git-group-repository-group-5\test_sprint3\UAT-Project-014-eng.robot">
<test id="s1-t1" name="Research Projects Page By Eng" line="265">
<kw name="Open Browser To Login Page">
<kw name="Evaluate" owner="BuiltIn">
<msg time="2025-03-12T22:00:29.400077" level="INFO">${chrome_options} = &lt;selenium.webdriver.chrome.options.Options object at 0x0000020A49B3BCB0&gt;</msg>
<var>${chrome_options}</var>
<arg>sys.modules['selenium.webdriver'].ChromeOptions()</arg>
<arg>sys</arg>
<doc>Evaluates the given expression in Python and returns the result.</doc>
<status status="PASS" start="2025-03-12T22:00:29.399822" elapsed="0.000284"/>
</kw>
<kw name="Set Variable" owner="BuiltIn">
<msg time="2025-03-12T22:00:29.400363" level="INFO">${chrome_options.binary_location} = E:/Software Engineering/chromefortesting/chrome.exe</msg>
<var>${chrome_options.binary_location}</var>
<arg>${CHROME_BROWSER_PATH}</arg>
<doc>Returns the given values which can then be assigned to a variables.</doc>
<status status="PASS" start="2025-03-12T22:00:29.400223" elapsed="0.000160"/>
</kw>
<kw name="Call Method" owner="BuiltIn">
<arg>${chrome_options}</arg>
<arg>add_argument</arg>
<arg>--disable-gpu</arg>
<doc>Calls the named method of the given object with the provided arguments.</doc>
<status status="PASS" start="2025-03-12T22:00:29.400455" elapsed="0.000079"/>
</kw>
<kw name="Call Method" owner="BuiltIn">
<arg>${chrome_options}</arg>
<arg>add_argument</arg>
<arg>--no-sandbox</arg>
<doc>Calls the named method of the given object with the provided arguments.</doc>
<status status="PASS" start="2025-03-12T22:00:29.400596" elapsed="0.000082"/>
</kw>
<kw name="Call Method" owner="BuiltIn">
<arg>${chrome_options}</arg>
<arg>add_argument</arg>
<arg>--disable-dev-shm-usage</arg>
<doc>Calls the named method of the given object with the provided arguments.</doc>
<status status="PASS" start="2025-03-12T22:00:29.400740" elapsed="0.000064"/>
</kw>
<kw name="Call Method" owner="BuiltIn">
<arg>${chrome_options}</arg>
<arg>add_argument</arg>
<arg>--start-maximized</arg>
<doc>Calls the named method of the given object with the provided arguments.</doc>
<status status="PASS" start="2025-03-12T22:00:29.400855" elapsed="0.000079"/>
</kw>
<kw name="Call Method" owner="BuiltIn">
<arg>${chrome_options}</arg>
<arg>add_argument</arg>
<arg>--disable-extensions</arg>
<doc>Calls the named method of the given object with the provided arguments.</doc>
<status status="PASS" start="2025-03-12T22:00:29.400990" elapsed="0.000058"/>
</kw>
<kw name="Call Method" owner="BuiltIn">
<arg>${chrome_options}</arg>
<arg>add_argument</arg>
<arg>--disable-popup-blocking</arg>
<doc>Calls the named method of the given object with the provided arguments.</doc>
<status status="PASS" start="2025-03-12T22:00:29.401102" elapsed="0.000061"/>
</kw>
<kw name="Call Method" owner="BuiltIn">
<arg>${chrome_options}</arg>
<arg>add_argument</arg>
<arg>--disable-infobars</arg>
<doc>Calls the named method of the given object with the provided arguments.</doc>
<status status="PASS" start="2025-03-12T22:00:29.401213" elapsed="0.000063"/>
</kw>
<kw name="Evaluate" owner="BuiltIn">
<msg time="2025-03-12T22:00:29.401826" level="INFO">${service} = &lt;selenium.webdriver.chrome.service.Service object at 0x0000020A49B3BA10&gt;</msg>
<var>${service}</var>
<arg>sys.modules["selenium.webdriver.chrome.service"].Service(executable_path=r"${CHROME_DRIVER_PATH}")</arg>
<doc>Evaluates the given expression in Python and returns the result.</doc>
<status status="PASS" start="2025-03-12T22:00:29.401331" elapsed="0.000518"/>
</kw>
<kw name="Create Webdriver" owner="SeleniumLibrary">
<msg time="2025-03-12T22:00:29.402081" level="INFO">Creating an instance of the Chrome WebDriver.</msg>
<arg>Chrome</arg>
<arg>options=${chrome_options}</arg>
<arg>service=${service}</arg>
<doc>Creates an instance of Selenium WebDriver.</doc>
<status status="PASS" start="2025-03-12T22:00:29.401942" elapsed="1.206620"/>
</kw>
<kw name="Go To" owner="SeleniumLibrary">
<msg time="2025-03-12T22:00:30.609087" level="INFO">Opening url 'http://127.0.0.1:8000/login'</msg>
<arg>${LOGIN URL}</arg>
<doc>Navigates the current browser window to the provided ``url``.</doc>
<status status="PASS" start="2025-03-12T22:00:30.608831" elapsed="0.348669"/>
</kw>
<kw name="Login Page Should Be Open">
<kw name="Location Should Be" owner="SeleniumLibrary">
<msg time="2025-03-12T22:00:30.964955" level="INFO">Current location is 'http://127.0.0.1:8000/login'.</msg>
<arg>${LOGIN URL}</arg>
<doc>Verifies that the current URL is exactly ``url``.</doc>
<status status="PASS" start="2025-03-12T22:00:30.958118" elapsed="0.006912"/>
</kw>
<status status="PASS" start="2025-03-12T22:00:30.957799" elapsed="0.007313"/>
</kw>
<kw name="Maximize Browser Window" owner="SeleniumLibrary">
<doc>Maximizes current browser window.</doc>
<status status="PASS" start="2025-03-12T22:00:30.965210" elapsed="0.003215"/>
</kw>
<status status="PASS" start="2025-03-12T22:00:29.399341" elapsed="1.569188"/>
</kw>
<kw name="Login Page Should Be Open">
<kw name="Location Should Be" owner="SeleniumLibrary">
<msg time="2025-03-12T22:00:30.975207" level="INFO">Current location is 'http://127.0.0.1:8000/login'.</msg>
<arg>${LOGIN URL}</arg>
<doc>Verifies that the current URL is exactly ``url``.</doc>
<status status="PASS" start="2025-03-12T22:00:30.969872" elapsed="0.005442"/>
</kw>
<status status="PASS" start="2025-03-12T22:00:30.969615" elapsed="0.005787"/>
</kw>
<kw name="User Login">
<kw name="Input Text" owner="SeleniumLibrary">
<msg time="2025-03-12T22:00:30.976309" level="INFO">Typing text 'admin@gmail.com' into text field 'id=username'.</msg>
<arg>id=username</arg>
<arg>${USER_USERNAME}</arg>
<doc>Types the given ``text`` into the text field identified by ``locator``.</doc>
<status status="PASS" start="2025-03-12T22:00:30.975952" elapsed="0.078166"/>
</kw>
<kw name="Input Text" owner="SeleniumLibrary">
<msg time="2025-03-12T22:00:31.054470" level="INFO">Typing text '12345678' into text field 'id=password'.</msg>
<arg>id=password</arg>
<arg>${USER_PASSWORD}</arg>
<doc>Types the given ``text`` into the text field identified by ``locator``.</doc>
<status status="PASS" start="2025-03-12T22:00:31.054266" elapsed="0.091824"/>
</kw>
<kw name="Click Button" owner="SeleniumLibrary">
<msg time="2025-03-12T22:00:31.146406" level="INFO">Clicking button 'xpath=//button[@type='submit']'.</msg>
<arg>xpath=//button[@type='submit']</arg>
<doc>Clicks the button identified by ``locator``.</doc>
<status status="PASS" start="2025-03-12T22:00:31.146235" elapsed="0.054612"/>
</kw>
<kw name="Sleep" owner="BuiltIn">
<msg time="2025-03-12T22:00:33.201939" level="INFO">Slept 2 seconds.</msg>
<arg>2s</arg>
<doc>Pauses the test executed for the given time.</doc>
<status status="PASS" start="2025-03-12T22:00:31.200994" elapsed="2.001216"/>
</kw>
<kw name="Location Should Be" owner="SeleniumLibrary">
<msg time="2025-03-12T22:00:33.211741" level="INFO">Current location is 'http://127.0.0.1:8000/dashboard'.</msg>
<arg>${USER URL}</arg>
<doc>Verifies that the current URL is exactly ``url``.</doc>
<status status="PASS" start="2025-03-12T22:00:33.202516" elapsed="0.009351"/>
</kw>
<status status="PASS" start="2025-03-12T22:00:30.975681" elapsed="2.236308"/>
</kw>
<kw name="Sleep" owner="BuiltIn">
<msg time="2025-03-12T22:00:35.213048" level="INFO">Slept 2 seconds.</msg>
<arg>2s</arg>
<doc>Pauses the test executed for the given time.</doc>
<status status="PASS" start="2025-03-12T22:00:33.212327" elapsed="2.000989"/>
</kw>
<kw name="Switch Language To">
<if>
<branch type="IF" condition="'${lang_code}' == 'en'">
<kw name="Get Text" owner="SeleniumLibrary">
<msg time="2025-03-12T22:00:35.242940" level="INFO">${new_lang} = English</msg>
<var>${new_lang}</var>
<arg>id=navbarDropdownMenuLink</arg>
<doc>Returns the text value of the element identified by ``locator``.</doc>
<status status="PASS" start="2025-03-12T22:00:35.215872" elapsed="0.027122"/>
</kw>
<kw name="Should Contain" owner="BuiltIn">
<arg>${new_lang}</arg>
<arg>${expected_language}</arg>
<doc>Fails if ``container`` does not contain ``item`` one or more times.</doc>
<status status="PASS" start="2025-03-12T22:00:35.243411" elapsed="0.000252"/>
</kw>
<return>
<status status="PASS" start="2025-03-12T22:00:35.243752" elapsed="0.000072"/>
</return>
<status status="PASS" start="2025-03-12T22:00:35.215221" elapsed="0.028663"/>
</branch>
<status status="PASS" start="2025-03-12T22:00:35.215136" elapsed="0.028865"/>
</if>
<kw name="Wait Until Element Is Visible" owner="SeleniumLibrary">
<arg>id=navbarDropdownMenuLink</arg>
<arg>10s</arg>
<doc>Waits until the element ``locator`` is visible.</doc>
<status status="NOT RUN" start="2025-03-12T22:00:35.244250" elapsed="0.000068"/>
</kw>
<kw name="Mouse Over" owner="SeleniumLibrary">
<arg>id=navbarDropdownMenuLink</arg>
<doc>Simulates hovering the mouse over the element ``locator``.</doc>
<status status="NOT RUN" start="2025-03-12T22:00:35.244541" elapsed="0.000061"/>
</kw>
<kw name="Click Element" owner="SeleniumLibrary">
<arg>id=navbarDropdownMenuLink</arg>
<doc>Click the element identified by ``locator``.</doc>
<status status="NOT RUN" start="2025-03-12T22:00:35.244827" elapsed="0.000060"/>
</kw>
<kw name="Execute Javascript" owner="SeleniumLibrary">
<arg>document.querySelector('#navbarDropdownMenuLink').click();</arg>
<doc>Executes the given JavaScript code with possible arguments.</doc>
<status status="NOT RUN" start="2025-03-12T22:00:35.245124" elapsed="0.000061"/>
</kw>
<kw name="Wait Until Element Is Visible" owner="SeleniumLibrary">
<arg>xpath=//div[contains(@class, 'dropdown-menu')]</arg>
<arg>10s</arg>
<doc>Waits until the element ``locator`` is visible.</doc>
<status status="NOT RUN" start="2025-03-12T22:00:35.245403" elapsed="0.000058"/>
</kw>
<kw name="Get Element Attribute" owner="SeleniumLibrary">
<var>${dropdown_html}</var>
<arg>xpath=//div[contains(@class, 'dropdown-menu')]</arg>
<arg>innerHTML</arg>
<doc>Returns the value of ``attribute`` from the element ``locator``.</doc>
<status status="NOT RUN" start="2025-03-12T22:00:35.245687" elapsed="0.000057"/>
</kw>
<kw name="Log" owner="BuiltIn">
<arg>Dropdown HTML: ${dropdown_html}</arg>
<doc>Logs the given message with the given level.</doc>
<status status="NOT RUN" start="2025-03-12T22:00:35.246017" elapsed="0.000067"/>
</kw>
<kw name="Click Element" owner="SeleniumLibrary">
<arg>xpath=//a[contains(@href, "/lang/${lang_code}")]</arg>
<doc>Click the element identified by ``locator``.</doc>
<status status="NOT RUN" start="2025-03-12T22:00:35.246314" elapsed="0.000070"/>
</kw>
<kw name="Sleep" owner="BuiltIn">
<arg>5s</arg>
<doc>Pauses the test executed for the given time.</doc>
<status status="NOT RUN" start="2025-03-12T22:00:35.246601" elapsed="0.000062"/>
</kw>
<kw name="Get Text" owner="SeleniumLibrary">
<var>${new_lang}</var>
<arg>id=navbarDropdownMenuLink</arg>
<doc>Returns the text value of the element identified by ``locator``.</doc>
<status status="NOT RUN" start="2025-03-12T22:00:35.246892" elapsed="0.000062"/>
</kw>
<kw name="Should Contain" owner="BuiltIn">
<arg>${new_lang}</arg>
<arg>${expected_language}</arg>
<doc>Fails if ``container`` does not contain ``item`` one or more times.</doc>
<status status="NOT RUN" start="2025-03-12T22:00:35.247183" elapsed="0.000062"/>
</kw>
<arg>en</arg>
<arg>English</arg>
<status status="PASS" start="2025-03-12T22:00:35.214466" elapsed="0.032978"/>
</kw>
<kw name="Click Element" owner="SeleniumLibrary">
<msg time="2025-03-12T22:00:35.248829" level="INFO">Clicking element 'xpath=//a[@href='http://127.0.0.1:8000/researchProjects']'.</msg>
<arg>xpath=//a[@href='${SERVER}/researchProjects']</arg>
<doc>Click the element identified by ``locator``.</doc>
<status status="PASS" start="2025-03-12T22:00:35.248112" elapsed="1.015301"/>
</kw>
<kw name="Sleep" owner="BuiltIn">
<msg time="2025-03-12T22:00:37.264367" level="INFO">Slept 1 second.</msg>
<arg>1s</arg>
<doc>Pauses the test executed for the given time.</doc>
<status status="PASS" start="2025-03-12T22:00:36.263871" elapsed="1.000726"/>
</kw>
<kw name="Get Source" owner="SeleniumLibrary">
<msg time="2025-03-12T22:00:37.298876" level="INFO">${html_source} = &lt;html lang="en" style="height: auto;"&gt;&lt;head&gt;&lt;style type="text/css"&gt;.swal-icon--error{border-color:#f27474;-webkit-animation:animateErrorIcon .5s;animation:animateErrorIcon .5s}.swal-icon--error__x-mar...</msg>
<var>${html_source}</var>
<doc>Returns the entire HTML source of the current page or frame.</doc>
<status status="PASS" start="2025-03-12T22:00:37.266074" elapsed="0.032859"/>
</kw>
<kw name="Should Contain" owner="BuiltIn">
<arg>${html_source}</arg>
<arg>Research Project</arg>
<doc>Fails if ``container`` does not contain ``item`` one or more times.</doc>
<status status="PASS" start="2025-03-12T22:00:37.299393" elapsed="0.000254"/>
</kw>
<kw name="Should Contain" owner="BuiltIn">
<arg>${html_source}</arg>
<arg>Year</arg>
<doc>Fails if ``container`` does not contain ``item`` one or more times.</doc>
<status status="PASS" start="2025-03-12T22:00:37.300269" elapsed="0.000205"/>
</kw>
<kw name="Should Contain" owner="BuiltIn">
<arg>${html_source}</arg>
<arg>Project Name</arg>
<doc>Fails if ``container`` does not contain ``item`` one or more times.</doc>
<status status="PASS" start="2025-03-12T22:00:37.300868" elapsed="0.000165"/>
</kw>
<kw name="Should Contain" owner="BuiltIn">
<arg>${html_source}</arg>
<arg>Research Group Head</arg>
<doc>Fails if ``container`` does not contain ``item`` one or more times.</doc>
<status status="PASS" start="2025-03-12T22:00:37.301224" elapsed="0.000127"/>
</kw>
<kw name="Should Contain" owner="BuiltIn">
<arg>${html_source}</arg>
<arg>Member</arg>
<doc>Fails if ``container`` does not contain ``item`` one or more times.</doc>
<status status="PASS" start="2025-03-12T22:00:37.301497" elapsed="0.000128"/>
</kw>
<kw name="Should Contain" owner="BuiltIn">
<arg>${html_source}</arg>
<arg>Action</arg>
<doc>Fails if ``container`` does not contain ``item`` one or more times.</doc>
<status status="PASS" start="2025-03-12T22:00:37.301768" elapsed="0.000158"/>
</kw>
<kw name="Should Contain" owner="BuiltIn">
<arg>${html_source}</arg>
<arg>Search</arg>
<doc>Fails if ``container`` does not contain ``item`` one or more times.</doc>
<status status="PASS" start="2025-03-12T22:00:37.302232" elapsed="0.000249"/>
</kw>
<kw name="Wait Until Element Is Visible" owner="SeleniumLibrary">
<arg>${VIEW_BUTTON_XPATH}</arg>
<arg>timeout=10s</arg>
<doc>Waits until the element ``locator`` is visible.</doc>
<status status="PASS" start="2025-03-12T22:00:37.303082" elapsed="0.020798"/>
</kw>
<kw name="Click Element" owner="SeleniumLibrary">
<msg time="2025-03-12T22:00:37.326052" level="INFO">Clicking element '//a[contains(@class, 'btn-outline-primary')]/i[contains(@class, 'mdi-eye')]'.</msg>
<arg>${VIEW_BUTTON_XPATH}</arg>
<doc>Click the element identified by ``locator``.</doc>
<status status="PASS" start="2025-03-12T22:00:37.324900" elapsed="0.729620"/>
</kw>
<kw name="Sleep" owner="BuiltIn">
<msg time="2025-03-12T22:00:40.055819" level="INFO">Slept 2 seconds.</msg>
<arg>2s</arg>
<doc>Pauses the test executed for the given time.</doc>
<status status="PASS" start="2025-03-12T22:00:38.055158" elapsed="2.000861"/>
</kw>
<kw name="Get Source" owner="SeleniumLibrary">
<msg time="2025-03-12T22:00:40.068459" level="INFO">${html_source} = &lt;html lang="en" style="height: auto;"&gt;&lt;head&gt;&lt;style type="text/css"&gt;.swal-icon--error{border-color:#f27474;-webkit-animation:animateErrorIcon .5s;animation:animateErrorIcon .5s}.swal-icon--error__x-mar...</msg>
<var>${html_source}</var>
<doc>Returns the entire HTML source of the current page or frame.</doc>
<status status="PASS" start="2025-03-12T22:00:40.056699" elapsed="0.011845"/>
</kw>
<kw name="Should Contain" owner="BuiltIn">
<arg>${html_source}</arg>
<arg>Research Project Details</arg>
<doc>Fails if ``container`` does not contain ``item`` one or more times.</doc>
<status status="PASS" start="2025-03-12T22:00:40.069085" elapsed="0.000542"/>
</kw>
<kw name="Should Contain" owner="BuiltIn">
<arg>${html_source}</arg>
<arg>Project Name</arg>
<doc>Fails if ``container`` does not contain ``item`` one or more times.</doc>
<status status="PASS" start="2025-03-12T22:00:40.069990" elapsed="0.000315"/>
</kw>
<kw name="Should Contain" owner="BuiltIn">
<arg>${html_source}</arg>
<arg>Start Date</arg>
<doc>Fails if ``container`` does not contain ``item`` one or more times.</doc>
<status status="PASS" start="2025-03-12T22:00:40.070864" elapsed="0.000362"/>
</kw>
<kw name="Should Contain" owner="BuiltIn">
<arg>${html_source}</arg>
<arg>End Date</arg>
<doc>Fails if ``container`` does not contain ``item`` one or more times.</doc>
<status status="PASS" start="2025-03-12T22:00:40.071593" elapsed="0.000325"/>
</kw>
<kw name="Should Contain" owner="BuiltIn">
<arg>${html_source}</arg>
<arg>Research Funding Source</arg>
<doc>Fails if ``container`` does not contain ``item`` one or more times.</doc>
<status status="PASS" start="2025-03-12T22:00:40.072503" elapsed="0.000278"/>
</kw>
<kw name="Should Contain" owner="BuiltIn">
<arg>${html_source}</arg>
<arg>Amount</arg>
<doc>Fails if ``container`` does not contain ``item`` one or more times.</doc>
<status status="PASS" start="2025-03-12T22:00:40.073091" elapsed="0.001107"/>
</kw>
<kw name="Should Contain" owner="BuiltIn">
<arg>${html_source}</arg>
<arg>Project Details</arg>
<doc>Fails if ``container`` does not contain ``item`` one or more times.</doc>
<status status="PASS" start="2025-03-12T22:00:40.085631" elapsed="0.000617"/>
</kw>
<kw name="Should Contain" owner="BuiltIn">
<arg>${html_source}</arg>
<arg>Project Status</arg>
<doc>Fails if ``container`` does not contain ``item`` one or more times.</doc>
<status status="PASS" start="2025-03-12T22:00:40.086886" elapsed="0.000553"/>
</kw>
<kw name="Should Contain" owner="BuiltIn">
<arg>${html_source}</arg>
<arg>Project Closed</arg>
<doc>Fails if ``container`` does not contain ``item`` one or more times.</doc>
<status status="PASS" start="2025-03-12T22:00:40.088020" elapsed="0.003238"/>
</kw>
<kw name="Should Contain" owner="BuiltIn">
<arg>${html_source}</arg>
<arg>Project Manager</arg>
<doc>Fails if ``container`` does not contain ``item`` one or more times.</doc>
<status status="PASS" start="2025-03-12T22:00:40.092497" elapsed="0.000708"/>
</kw>
<kw name="Should Contain" owner="BuiltIn">
<arg>${html_source}</arg>
<arg>Asst. Prof. Dr. Pusadee Seresangtakul</arg>
<doc>Fails if ``container`` does not contain ``item`` one or more times.</doc>
<status status="PASS" start="2025-03-12T22:00:40.094535" elapsed="0.000203"/>
</kw>
<kw name="Should Contain" owner="BuiltIn">
<arg>${html_source}</arg>
<arg>Member</arg>
<doc>Fails if ``container`` does not contain ``item`` one or more times.</doc>
<status status="PASS" start="2025-03-12T22:00:40.095193" elapsed="0.000501"/>
</kw>
<kw name="Go To" owner="SeleniumLibrary">
<msg time="2025-03-12T22:00:40.096787" level="INFO">Opening url 'http://127.0.0.1:8000/researchProjects'</msg>
<arg>${SERVER}/researchProjects</arg>
<doc>Navigates the current browser window to the provided ``url``.</doc>
<status status="PASS" start="2025-03-12T22:00:40.096375" elapsed="0.884464"/>
</kw>
<kw name="Wait Until Element Is Visible" owner="SeleniumLibrary">
<arg>${ENG_EDIT_BUTTON_XPATH}</arg>
<arg>timeout=2s</arg>
<doc>Waits until the element ``locator`` is visible.</doc>
<status status="PASS" start="2025-03-12T22:00:40.981344" elapsed="0.021458"/>
</kw>
<kw name="Click Element" owner="SeleniumLibrary">
<msg time="2025-03-12T22:00:41.003869" level="INFO">Clicking element '//a[contains(@class, 'btn-outline-success') and @title='Edit']'.</msg>
<arg>${ENG_EDIT_BUTTON_XPATH}</arg>
<doc>Click the element identified by ``locator``.</doc>
<status status="PASS" start="2025-03-12T22:00:41.003468" elapsed="1.021402"/>
</kw>
<kw name="Get Source" owner="SeleniumLibrary">
<msg time="2025-03-12T22:00:42.046726" level="INFO">${html_source} = &lt;html lang="en" style="height: auto;"&gt;&lt;head&gt;&lt;style type="text/css"&gt;.swal-icon--error{border-color:#f27474;-webkit-animation:animateErrorIcon .5s;animation:animateErrorIcon .5s}.swal-icon--error__x-mar...</msg>
<var>${html_source}</var>
<doc>Returns the entire HTML source of the current page or frame.</doc>
<status status="PASS" start="2025-03-12T22:00:42.025382" elapsed="0.021411"/>
</kw>
<kw name="Should Contain" owner="BuiltIn">
<arg>${html_source}</arg>
<arg>Edit research project information</arg>
<doc>Fails if ``container`` does not contain ``item`` one or more times.</doc>
<status status="PASS" start="2025-03-12T22:00:42.047245" elapsed="0.000375"/>
</kw>
<kw name="Should Contain" owner="BuiltIn">
<arg>${html_source}</arg>
<arg>Fill in the information to edit the research project details.</arg>
<doc>Fails if ``container`` does not contain ``item`` one or more times.</doc>
<status status="PASS" start="2025-03-12T22:00:42.048030" elapsed="0.000385"/>
</kw>
<kw name="Should Contain" owner="BuiltIn">
<arg>${html_source}</arg>
<arg>Project Name</arg>
<doc>Fails if ``container`` does not contain ``item`` one or more times.</doc>
<status status="PASS" start="2025-03-12T22:00:42.049075" elapsed="0.000400"/>
</kw>
<kw name="Should Contain" owner="BuiltIn">
<arg>${html_source}</arg>
<arg>Start Date</arg>
<doc>Fails if ``container`` does not contain ``item`` one or more times.</doc>
<status status="PASS" start="2025-03-12T22:00:42.049878" elapsed="0.000332"/>
</kw>
<kw name="Should Contain" owner="BuiltIn">
<arg>${html_source}</arg>
<arg>End Date</arg>
<doc>Fails if ``container`` does not contain ``item`` one or more times.</doc>
<status status="PASS" start="2025-03-12T22:00:42.050607" elapsed="0.000312"/>
</kw>
<kw name="Should Contain" owner="BuiltIn">
<arg>${html_source}</arg>
<arg>Select funding source</arg>
<doc>Fails if ``container`` does not contain ``item`` one or more times.</doc>
<status status="PASS" start="2025-03-12T22:00:42.051243" elapsed="0.000280"/>
</kw>
<kw name="Should Contain" owner="BuiltIn">
<arg>${html_source}</arg>
<arg>Year of submission (A.D.)</arg>
<doc>Fails if ``container`` does not contain ``item`` one or more times.</doc>
<status status="PASS" start="2025-03-12T22:00:42.052096" elapsed="0.000335"/>
</kw>
<kw name="Should Contain" owner="BuiltIn">
<arg>${html_source}</arg>
<arg>Budget</arg>
<doc>Fails if ``container`` does not contain ``item`` one or more times.</doc>
<status status="PASS" start="2025-03-12T22:00:42.052839" elapsed="0.000334"/>
</kw>
<kw name="Should Contain" owner="BuiltIn">
<arg>${html_source}</arg>
<arg>Responsible Agency</arg>
<doc>Fails if ``container`` does not contain ``item`` one or more times.</doc>
<status status="PASS" start="2025-03-12T22:00:42.053509" elapsed="0.000299"/>
</kw>
<kw name="Should Contain" owner="BuiltIn">
<arg>${html_source}</arg>
<arg>Project details</arg>
<doc>Fails if ``container`` does not contain ``item`` one or more times.</doc>
<status status="PASS" start="2025-03-12T22:00:42.054174" elapsed="0.000303"/>
</kw>
<kw name="Should Contain" owner="BuiltIn">
<arg>${html_source}</arg>
<arg>Status</arg>
<doc>Fails if ``container`` does not contain ``item`` one or more times.</doc>
<status status="PASS" start="2025-03-12T22:00:42.054829" elapsed="0.000385"/>
</kw>
<kw name="Should Contain" owner="BuiltIn">
<arg>${html_source}</arg>
<arg>Project Manager</arg>
<doc>Fails if ``container`` does not contain ``item`` one or more times.</doc>
<status status="PASS" start="2025-03-12T22:00:42.055707" elapsed="0.000393"/>
</kw>
<kw name="Should Contain" owner="BuiltIn">
<arg>${html_source}</arg>
<arg>Internal Project Co-ordinator</arg>
<doc>Fails if ``container`` does not contain ``item`` one or more times.</doc>
<status status="PASS" start="2025-03-12T22:00:42.056507" elapsed="0.000319"/>
</kw>
<kw name="Click Element" owner="SeleniumLibrary">
<msg time="2025-03-12T22:00:42.057654" level="INFO">Clicking element 'xpath=//*[@id="fund"]'.</msg>
<arg>xpath=//*[@id="fund"]</arg>
<doc>Click the element identified by ``locator``.</doc>
<status status="PASS" start="2025-03-12T22:00:42.057224" elapsed="0.115666"/>
</kw>
<kw name="Sleep" owner="BuiltIn">
<msg time="2025-03-12T22:00:43.174526" level="INFO">Slept 1 second.</msg>
<arg>1s</arg>
<doc>Pauses the test executed for the given time.</doc>
<status status="PASS" start="2025-03-12T22:00:42.173775" elapsed="1.000976"/>
</kw>
<kw name="Click Element" owner="SeleniumLibrary">
<msg time="2025-03-12T22:00:43.176143" level="INFO">Clicking element 'xpath=//*[@id="dep"]'.</msg>
<arg>xpath=//*[@id="dep"]</arg>
<doc>Click the element identified by ``locator``.</doc>
<status status="PASS" start="2025-03-12T22:00:43.175658" elapsed="0.078297"/>
</kw>
<kw name="Sleep" owner="BuiltIn">
<msg time="2025-03-12T22:00:44.254982" level="INFO">Slept 1 second.</msg>
<arg>1s</arg>
<doc>Pauses the test executed for the given time.</doc>
<status status="PASS" start="2025-03-12T22:00:43.254305" elapsed="1.000934"/>
</kw>
<kw name="Scroll Element Into View" owner="SeleniumLibrary">
<arg>//select[@class="custom-select my-select" and @id="status"]</arg>
<doc>Scrolls the element identified by ``locator`` into view.</doc>
<status status="PASS" start="2025-03-12T22:00:44.256232" elapsed="0.329539"/>
</kw>
<kw name="Click Element" owner="SeleniumLibrary">
<msg time="2025-03-12T22:00:44.587169" level="INFO">Clicking element '//select[@class="custom-select my-select" and @id="status"]'.</msg>
<arg>//select[@class="custom-select my-select" and @id="status"]</arg>
<doc>Click the element identified by ``locator``.</doc>
<status status="PASS" start="2025-03-12T22:00:44.586740" elapsed="0.161508"/>
</kw>
<kw name="Sleep" owner="BuiltIn">
<msg time="2025-03-12T22:00:45.750133" level="INFO">Slept 1 second.</msg>
<arg>1s</arg>
<doc>Pauses the test executed for the given time.</doc>
<status status="PASS" start="2025-03-12T22:00:44.748849" elapsed="1.001580"/>
</kw>
<kw name="Scroll Element Into View" owner="SeleniumLibrary">
<arg>//span[@id="select2-head0-container"]</arg>
<doc>Scrolls the element identified by ``locator`` into view.</doc>
<status status="PASS" start="2025-03-12T22:00:45.751674" elapsed="0.312953"/>
</kw>
<kw name="Click Element" owner="SeleniumLibrary">
<msg time="2025-03-12T22:00:46.065506" level="INFO">Clicking element '//span[@id="select2-head0-container"]'.</msg>
<arg>//span[@id="select2-head0-container"]</arg>
<doc>Click the element identified by ``locator``.</doc>
<status status="PASS" start="2025-03-12T22:00:46.065241" elapsed="0.091793"/>
</kw>
<kw name="Element Should Contain" owner="SeleniumLibrary">
<msg time="2025-03-12T22:00:46.219102" level="INFO">Element '//span[@id="select2-head0-container"]' contains text 'Pusadee Seresangtakul'.</msg>
<arg>//span[@id="select2-head0-container"]</arg>
<arg>Pusadee Seresangtakul</arg>
<doc>Verifies that element ``locator`` contains text ``expected``.</doc>
<status status="PASS" start="2025-03-12T22:00:46.158451" elapsed="0.060817"/>
</kw>
<kw name="Should Contain" owner="BuiltIn">
<arg>${html_source}</arg>
<arg>Ngamnij</arg>
<doc>Fails if ``container`` does not contain ``item`` one or more times.</doc>
<status status="PASS" start="2025-03-12T22:00:46.219905" elapsed="0.000385"/>
</kw>
<kw name="Sleep" owner="BuiltIn">
<msg time="2025-03-12T22:00:47.221915" level="INFO">Slept 1 second.</msg>
<arg>1s</arg>
<doc>Pauses the test executed for the given time.</doc>
<status status="PASS" start="2025-03-12T22:00:46.221135" elapsed="1.000880"/>
</kw>
<kw name="Scroll Element Into View" owner="SeleniumLibrary">
<arg>xpath=//a[@href='${SERVER}/researchProjects' and contains(text(),'Back')]</arg>
<doc>Scrolls the element identified by ``locator`` into view.</doc>
<status status="PASS" start="2025-03-12T22:00:47.222335" elapsed="0.312132"/>
</kw>
<kw name="Click Element" owner="SeleniumLibrary">
<msg time="2025-03-12T22:00:47.535659" level="INFO">Clicking element 'xpath=//a[@href='http://127.0.0.1:8000/researchProjects' and contains(text(),'Back')]'.</msg>
<arg>xpath=//a[@href='${SERVER}/researchProjects' and contains(text(),'Back')]</arg>
<doc>Click the element identified by ``locator``.</doc>
<status status="PASS" start="2025-03-12T22:00:47.535139" elapsed="0.820131"/>
</kw>
<tag>ResearchProjectsPageByEng</tag>
<status status="PASS" start="2025-03-12T22:00:29.398735" elapsed="18.956947"/>
</test>
<status status="PASS" start="2025-03-12T22:00:28.990995" elapsed="19.365806"/>
</suite>
<statistics>
<total>
<stat pass="1" fail="0" skip="0">All Tests</stat>
</total>
<tag>
<stat pass="1" fail="0" skip="0">ResearchProjectsPageByEng</stat>
</tag>
<suite>
<stat pass="1" fail="0" skip="0" id="s1" name="UAT-Project-014-eng">UAT-Project-014-eng</stat>
</suite>
</statistics>
<errors>
</errors>
</robot>
