<?xml version="1.0" encoding="UTF-8"?>
<robot generator="Robot 7.1.1 (Python 3.13.0 on win32)" generated="2025-03-12T15:02:03.389893" rpa="false" schemaversion="5">
<suite id="s1" name="UAT-Project-014" source="C:\Users\Lenovo\Documents\GitHub\git-group-repository-group-5\test_sprint3\UAT-Project-014.robot">
<test id="s1-t1" name="Manage Publications" line="456">
<kw name="Open Browser To Login Page">
<kw name="Evaluate" owner="BuiltIn">
<msg time="2025-03-12T15:02:03.771535" level="INFO">${chrome_options} = &lt;selenium.webdriver.chrome.options.Options object at 0x0000023AA5343CB0&gt;</msg>
<var>${chrome_options}</var>
<arg>sys.modules['selenium.webdriver'].ChromeOptions()</arg>
<arg>sys</arg>
<doc>Evaluates the given expression in Python and returns the result.</doc>
<status status="PASS" start="2025-03-12T15:02:03.771312" elapsed="0.000250"/>
</kw>
<kw name="Set Variable" owner="BuiltIn">
<msg time="2025-03-12T15:02:03.771795" level="INFO">${chrome_options.binary_location} = E:/Software Engineering/chromefortesting/chrome.exe</msg>
<var>${chrome_options.binary_location}</var>
<arg>${CHROME_BROWSER_PATH}</arg>
<doc>Returns the given values which can then be assigned to a variables.</doc>
<status status="PASS" start="2025-03-12T15:02:03.771661" elapsed="0.000154"/>
</kw>
<kw name="Call Method" owner="BuiltIn">
<arg>${chrome_options}</arg>
<arg>add_argument</arg>
<arg>--disable-gpu</arg>
<doc>Calls the named method of the given object with the provided arguments.</doc>
<status status="PASS" start="2025-03-12T15:02:03.771882" elapsed="0.000077"/>
</kw>
<kw name="Call Method" owner="BuiltIn">
<arg>${chrome_options}</arg>
<arg>add_argument</arg>
<arg>--no-sandbox</arg>
<doc>Calls the named method of the given object with the provided arguments.</doc>
<status status="PASS" start="2025-03-12T15:02:03.772017" elapsed="0.000067"/>
</kw>
<kw name="Call Method" owner="BuiltIn">
<arg>${chrome_options}</arg>
<arg>add_argument</arg>
<arg>--disable-dev-shm-usage</arg>
<doc>Calls the named method of the given object with the provided arguments.</doc>
<status status="PASS" start="2025-03-12T15:02:03.772136" elapsed="0.000063"/>
</kw>
<kw name="Call Method" owner="BuiltIn">
<arg>${chrome_options}</arg>
<arg>add_argument</arg>
<arg>--start-maximized</arg>
<doc>Calls the named method of the given object with the provided arguments.</doc>
<status status="PASS" start="2025-03-12T15:02:03.772259" elapsed="0.000068"/>
</kw>
<kw name="Call Method" owner="BuiltIn">
<arg>${chrome_options}</arg>
<arg>add_argument</arg>
<arg>--disable-extensions</arg>
<doc>Calls the named method of the given object with the provided arguments.</doc>
<status status="PASS" start="2025-03-12T15:02:03.772382" elapsed="0.000065"/>
</kw>
<kw name="Call Method" owner="BuiltIn">
<arg>${chrome_options}</arg>
<arg>add_argument</arg>
<arg>--disable-popup-blocking</arg>
<doc>Calls the named method of the given object with the provided arguments.</doc>
<status status="PASS" start="2025-03-12T15:02:03.772498" elapsed="0.000059"/>
</kw>
<kw name="Call Method" owner="BuiltIn">
<arg>${chrome_options}</arg>
<arg>add_argument</arg>
<arg>--disable-infobars</arg>
<doc>Calls the named method of the given object with the provided arguments.</doc>
<status status="PASS" start="2025-03-12T15:02:03.772605" elapsed="0.000066"/>
</kw>
<kw name="Evaluate" owner="BuiltIn">
<msg time="2025-03-12T15:02:03.773194" level="INFO">${service} = &lt;selenium.webdriver.chrome.service.Service object at 0x0000023AA5343A10&gt;</msg>
<var>${service}</var>
<arg>sys.modules["selenium.webdriver.chrome.service"].Service(executable_path=r"${CHROME_DRIVER_PATH}")</arg>
<doc>Evaluates the given expression in Python and returns the result.</doc>
<status status="PASS" start="2025-03-12T15:02:03.772724" elapsed="0.000493"/>
</kw>
<kw name="Create Webdriver" owner="SeleniumLibrary">
<msg time="2025-03-12T15:02:03.773469" level="INFO">Creating an instance of the Chrome WebDriver.</msg>
<arg>Chrome</arg>
<arg>options=${chrome_options}</arg>
<arg>service=${service}</arg>
<doc>Creates an instance of Selenium WebDriver.</doc>
<status status="PASS" start="2025-03-12T15:02:03.773320" elapsed="1.130563"/>
</kw>
<kw name="Go To" owner="SeleniumLibrary">
<msg time="2025-03-12T15:02:04.904533" level="INFO">Opening url 'http://127.0.0.1:8000/login'</msg>
<arg>${LOGIN URL}</arg>
<doc>Navigates the current browser window to the provided ``url``.</doc>
<status status="PASS" start="2025-03-12T15:02:04.904224" elapsed="0.330136"/>
</kw>
<kw name="Login Page Should Be Open">
<kw name="Location Should Be" owner="SeleniumLibrary">
<msg time="2025-03-12T15:02:05.242973" level="INFO">Current location is 'http://127.0.0.1:8000/login'.</msg>
<arg>${LOGIN URL}</arg>
<doc>Verifies that the current URL is exactly ``url``.</doc>
<status status="PASS" start="2025-03-12T15:02:05.235685" elapsed="0.007393"/>
</kw>
<status status="PASS" start="2025-03-12T15:02:05.234725" elapsed="0.008463"/>
</kw>
<kw name="Maximize Browser Window" owner="SeleniumLibrary">
<doc>Maximizes current browser window.</doc>
<status status="PASS" start="2025-03-12T15:02:05.243315" elapsed="0.003542"/>
</kw>
<status status="PASS" start="2025-03-12T15:02:03.770864" elapsed="1.476142"/>
</kw>
<kw name="Login Page Should Be Open">
<kw name="Location Should Be" owner="SeleniumLibrary">
<msg time="2025-03-12T15:02:05.252349" level="INFO">Current location is 'http://127.0.0.1:8000/login'.</msg>
<arg>${LOGIN URL}</arg>
<doc>Verifies that the current URL is exactly ``url``.</doc>
<status status="PASS" start="2025-03-12T15:02:05.247812" elapsed="0.004616"/>
</kw>
<status status="PASS" start="2025-03-12T15:02:05.247384" elapsed="0.005120"/>
</kw>
<kw name="User Login">
<kw name="Input Text" owner="SeleniumLibrary">
<msg time="2025-03-12T15:02:05.253178" level="INFO">Typing text 'admin@gmail.com' into text field 'id=username'.</msg>
<arg>id=username</arg>
<arg>${USER_USERNAME}</arg>
<doc>Types the given ``text`` into the text field identified by ``locator``.</doc>
<status status="PASS" start="2025-03-12T15:02:05.252920" elapsed="0.076816"/>
</kw>
<kw name="Input Text" owner="SeleniumLibrary">
<msg time="2025-03-12T15:02:05.330223" level="INFO">Typing text '12345678' into text field 'id=password'.</msg>
<arg>id=password</arg>
<arg>${USER_PASSWORD}</arg>
<doc>Types the given ``text`` into the text field identified by ``locator``.</doc>
<status status="PASS" start="2025-03-12T15:02:05.329948" elapsed="0.136585"/>
</kw>
<kw name="Click Button" owner="SeleniumLibrary">
<msg time="2025-03-12T15:02:05.466858" level="INFO">Clicking button 'xpath=//button[@type='submit']'.</msg>
<arg>xpath=//button[@type='submit']</arg>
<doc>Clicks the button identified by ``locator``.</doc>
<status status="PASS" start="2025-03-12T15:02:05.466684" elapsed="0.060073"/>
</kw>
<kw name="Sleep" owner="BuiltIn">
<msg time="2025-03-12T15:02:07.527734" level="INFO">Slept 2 seconds.</msg>
<arg>2s</arg>
<doc>Pauses the test executed for the given time.</doc>
<status status="PASS" start="2025-03-12T15:02:05.526916" elapsed="2.001120"/>
</kw>
<kw name="Location Should Be" owner="SeleniumLibrary">
<msg time="2025-03-12T15:02:07.540146" level="INFO">Current location is 'http://127.0.0.1:8000/dashboard'.</msg>
<arg>${USER URL}</arg>
<doc>Verifies that the current URL is exactly ``url``.</doc>
<status status="PASS" start="2025-03-12T15:02:07.528478" elapsed="0.011806"/>
</kw>
<status status="PASS" start="2025-03-12T15:02:05.252728" elapsed="2.287707"/>
</kw>
<kw name="Switch Language To">
<if>
<branch type="IF" condition="'${lang_code}' == 'en'">
<kw name="Get Text" owner="SeleniumLibrary">
<var>${new_lang}</var>
<arg>id=navbarDropdownMenuLink</arg>
<doc>Returns the text value of the element identified by ``locator``.</doc>
<status status="NOT RUN" start="2025-03-12T15:02:07.542055" elapsed="0.000064"/>
</kw>
<kw name="Should Contain" owner="BuiltIn">
<arg>${new_lang}</arg>
<arg>${expected_language}</arg>
<doc>Fails if ``container`` does not contain ``item`` one or more times.</doc>
<status status="NOT RUN" start="2025-03-12T15:02:07.542325" elapsed="0.000068"/>
</kw>
<return>
<status status="NOT RUN" start="2025-03-12T15:02:07.542871" elapsed="0.000072"/>
</return>
<status status="NOT RUN" start="2025-03-12T15:02:07.541655" elapsed="0.001363"/>
</branch>
<status status="PASS" start="2025-03-12T15:02:07.541595" elapsed="0.001494"/>
</if>
<kw name="Wait Until Element Is Visible" owner="SeleniumLibrary">
<arg>id=navbarDropdownMenuLink</arg>
<arg>10s</arg>
<doc>Waits until the element ``locator`` is visible.</doc>
<status status="PASS" start="2025-03-12T15:02:07.543286" elapsed="0.020911"/>
</kw>
<kw name="Mouse Over" owner="SeleniumLibrary">
<msg time="2025-03-12T15:02:07.564692" level="INFO">Simulating Mouse Over on element 'id=navbarDropdownMenuLink'.</msg>
<arg>id=navbarDropdownMenuLink</arg>
<doc>Simulates hovering the mouse over the element ``locator``.</doc>
<status status="PASS" start="2025-03-12T15:02:07.564443" elapsed="0.275812"/>
</kw>
<kw name="Click Element" owner="SeleniumLibrary">
<msg time="2025-03-12T15:02:07.841030" level="INFO">Clicking element 'id=navbarDropdownMenuLink'.</msg>
<arg>id=navbarDropdownMenuLink</arg>
<doc>Click the element identified by ``locator``.</doc>
<status status="PASS" start="2025-03-12T15:02:07.840644" elapsed="0.048232"/>
</kw>
<kw name="Execute Javascript" owner="SeleniumLibrary">
<msg time="2025-03-12T15:02:07.889307" level="INFO">Executing JavaScript:
document.querySelector('#navbarDropdownMenuLink').click();
Without any arguments.</msg>
<arg>document.querySelector('#navbarDropdownMenuLink').click();</arg>
<doc>Executes the given JavaScript code with possible arguments.</doc>
<status status="PASS" start="2025-03-12T15:02:07.889023" elapsed="0.004097"/>
</kw>
<kw name="Wait Until Element Is Visible" owner="SeleniumLibrary">
<arg>xpath=//div[contains(@class, 'dropdown-menu')]</arg>
<arg>10s</arg>
<doc>Waits until the element ``locator`` is visible.</doc>
<status status="PASS" start="2025-03-12T15:02:07.893262" elapsed="0.234648"/>
</kw>
<kw name="Get Element Attribute" owner="SeleniumLibrary">
<msg time="2025-03-12T15:02:08.137137" level="INFO">${dropdown_html} = 
                                                                                                                                            &lt;a class="dropdown-item" href="http://127.0.0.1:8000/lang/t...</msg>
<var>${dropdown_html}</var>
<arg>xpath=//div[contains(@class, 'dropdown-menu')]</arg>
<arg>innerHTML</arg>
<doc>Returns the value of ``attribute`` from the element ``locator``.</doc>
<status status="PASS" start="2025-03-12T15:02:08.128113" elapsed="0.009061"/>
</kw>
<kw name="Log" owner="BuiltIn">
<msg time="2025-03-12T15:02:08.137456" level="INFO">Dropdown HTML: 
                                                                                                                                            &lt;a class="dropdown-item" href="http://127.0.0.1:8000/lang/th"&gt;&lt;span class="flag-icon flag-icon-th"&gt;&lt;/span&gt;
                                ไทย&lt;/a&gt;
                                                                                                                &lt;a class="dropdown-item" href="http://127.0.0.1:8000/lang/zh"&gt;&lt;span class="flag-icon flag-icon-cn"&gt;&lt;/span&gt;
                                中文&lt;/a&gt;
                                                                                </msg>
<arg>Dropdown HTML: ${dropdown_html}</arg>
<doc>Logs the given message with the given level.</doc>
<status status="PASS" start="2025-03-12T15:02:08.137323" elapsed="0.000178"/>
</kw>
<kw name="Click Element" owner="SeleniumLibrary">
<msg time="2025-03-12T15:02:08.137720" level="INFO">Clicking element 'xpath=//a[contains(@href, "/lang/th")]'.</msg>
<arg>xpath=//a[contains(@href, "/lang/${lang_code}")]</arg>
<doc>Click the element identified by ``locator``.</doc>
<status status="PASS" start="2025-03-12T15:02:08.137580" elapsed="0.474079"/>
</kw>
<kw name="Sleep" owner="BuiltIn">
<msg time="2025-03-12T15:02:13.613042" level="INFO">Slept 5 seconds.</msg>
<arg>5s</arg>
<doc>Pauses the test executed for the given time.</doc>
<status status="PASS" start="2025-03-12T15:02:08.611920" elapsed="5.001513"/>
</kw>
<kw name="Get Text" owner="SeleniumLibrary">
<msg time="2025-03-12T15:02:13.645539" level="INFO">${new_lang} = ไทย</msg>
<var>${new_lang}</var>
<arg>id=navbarDropdownMenuLink</arg>
<doc>Returns the text value of the element identified by ``locator``.</doc>
<status status="PASS" start="2025-03-12T15:02:13.613886" elapsed="0.031734"/>
</kw>
<kw name="Should Contain" owner="BuiltIn">
<arg>${new_lang}</arg>
<arg>${expected_language}</arg>
<doc>Fails if ``container`` does not contain ``item`` one or more times.</doc>
<status status="PASS" start="2025-03-12T15:02:13.645933" elapsed="0.000327"/>
</kw>
<arg>th</arg>
<arg>ไทย</arg>
<status status="PASS" start="2025-03-12T15:02:07.541143" elapsed="6.105254"/>
</kw>
<kw name="Sleep" owner="BuiltIn">
<msg time="2025-03-12T15:02:15.647619" level="INFO">Slept 2 seconds.</msg>
<arg>2s</arg>
<doc>Pauses the test executed for the given time.</doc>
<status status="PASS" start="2025-03-12T15:02:13.646900" elapsed="2.000984"/>
</kw>
<kw name="Click Element" owner="SeleniumLibrary">
<msg time="2025-03-12T15:02:15.649272" level="INFO">Clicking element 'xpath=//span[contains(text(), 'จัดการผลงานวิจัย')]'.</msg>
<arg>xpath=//span[contains(text(), 'จัดการผลงานวิจัย')]</arg>
<doc>Click the element identified by ``locator``.</doc>
<status status="PASS" start="2025-03-12T15:02:15.648781" elapsed="0.115471"/>
</kw>
<kw name="Wait Until Element Is Visible" owner="SeleniumLibrary">
<arg>xpath=//a[contains(@href, '/papers') and contains(text(), 'ผลงานวิจัยที่เผยแพร่')]</arg>
<arg>timeout=5s</arg>
<doc>Waits until the element ``locator`` is visible.</doc>
<status status="PASS" start="2025-03-12T15:02:15.764701" elapsed="0.041334"/>
</kw>
<kw name="Click Element" owner="SeleniumLibrary">
<msg time="2025-03-12T15:02:15.807021" level="INFO">Clicking element 'xpath=//a[contains(@href, '/papers') and contains(text(), 'ผลงานวิจัยที่เผยแพร่')]'.</msg>
<arg>xpath=//a[contains(@href, '/papers') and contains(text(), 'ผลงานวิจัยที่เผยแพร่')]</arg>
<doc>Click the element identified by ``locator``.</doc>
<status status="PASS" start="2025-03-12T15:02:15.806665" elapsed="3.575016"/>
</kw>
<kw name="Get Source" owner="SeleniumLibrary">
<msg time="2025-03-12T15:02:19.415072" level="INFO">${html_source} = &lt;html lang="en" style="height: auto;"&gt;&lt;head&gt;&lt;style type="text/css"&gt;.swal-icon--error{border-color:#f27474;-webkit-animation:animateErrorIcon .5s;animation:animateErrorIcon .5s}.swal-icon--error__x-mar...</msg>
<var>${html_source}</var>
<doc>Returns the entire HTML source of the current page or frame.</doc>
<status status="PASS" start="2025-03-12T15:02:19.382171" elapsed="0.033110"/>
</kw>
<kw name="Should Contain" owner="BuiltIn">
<arg>${html_source}</arg>
<arg>งานวิจัยที่ตีพิมพ์</arg>
<doc>Fails if ``container`` does not contain ``item`` one or more times.</doc>
<status status="PASS" start="2025-03-12T15:02:19.416912" elapsed="0.000702"/>
</kw>
<kw name="Should Contain" owner="BuiltIn">
<arg>${html_source}</arg>
<arg>ชื่อเรื่อง</arg>
<doc>Fails if ``container`` does not contain ``item`` one or more times.</doc>
<status status="PASS" start="2025-03-12T15:02:19.418499" elapsed="0.000480"/>
</kw>
<kw name="Should Contain" owner="BuiltIn">
<arg>${html_source}</arg>
<arg>ลำดับ</arg>
<doc>Fails if ``container`` does not contain ``item`` one or more times.</doc>
<status status="PASS" start="2025-03-12T15:02:19.419678" elapsed="0.000227"/>
</kw>
<kw name="Should Contain" owner="BuiltIn">
<arg>${html_source}</arg>
<arg>ประเภท</arg>
<doc>Fails if ``container`` does not contain ``item`` one or more times.</doc>
<status status="PASS" start="2025-03-12T15:02:19.420434" elapsed="0.000494"/>
</kw>
<kw name="Should Contain" owner="BuiltIn">
<arg>${html_source}</arg>
<arg>ปีที่ตีพิมพ์</arg>
<doc>Fails if ``container`` does not contain ``item`` one or more times.</doc>
<status status="PASS" start="2025-03-12T15:02:19.423196" elapsed="0.000461"/>
</kw>
<kw name="Should Contain" owner="BuiltIn">
<arg>${html_source}</arg>
<arg>การกระทำ</arg>
<doc>Fails if ``container`` does not contain ``item`` one or more times.</doc>
<status status="PASS" start="2025-03-12T15:02:19.424312" elapsed="0.000629"/>
</kw>
<kw name="Should Contain" owner="BuiltIn">
<arg>${html_source}</arg>
<arg>ค้นหา</arg>
<doc>Fails if ``container`` does not contain ``item`` one or more times.</doc>
<status status="PASS" start="2025-03-12T15:02:19.426170" elapsed="0.000765"/>
</kw>
<kw name="Click Element" owner="SeleniumLibrary">
<msg time="2025-03-12T15:02:19.431680" level="INFO">Clicking element '//a[contains(@class, 'btn-primary') and contains(@class, 'btn-menu') and .//i[contains(@class, 'mdi-plus')]]'.</msg>
<arg>${ADD_BUTTON_XPATH}</arg>
<doc>Click the element identified by ``locator``.</doc>
<status status="PASS" start="2025-03-12T15:02:19.430686" elapsed="0.826072"/>
</kw>
<kw name="Get Source" owner="SeleniumLibrary">
<msg time="2025-03-12T15:02:20.270410" level="INFO">${html_source} = &lt;html lang="en" style="height: auto;"&gt;&lt;head&gt;&lt;style type="text/css"&gt;.swal-icon--error{border-color:#f27474;-webkit-animation:animateErrorIcon .5s;animation:animateErrorIcon .5s}.swal-icon--error__x-mar...</msg>
<var>${html_source}</var>
<doc>Returns the entire HTML source of the current page or frame.</doc>
<status status="PASS" start="2025-03-12T15:02:20.257401" elapsed="0.013098"/>
</kw>
<kw name="Should Contain" owner="BuiltIn">
<arg>${html_source}</arg>
<arg>เพิ่มผลงานตีพิมพ์</arg>
<doc>Fails if ``container`` does not contain ``item`` one or more times.</doc>
<status status="PASS" start="2025-03-12T15:02:20.271105" elapsed="0.000347"/>
</kw>
<kw name="Should Contain" owner="BuiltIn">
<arg>${html_source}</arg>
<arg>กรอกข้อมูลรายละเอียดงานวิจัย</arg>
<doc>Fails if ``container`` does not contain ``item`` one or more times.</doc>
<status status="PASS" start="2025-03-12T15:02:20.271817" elapsed="0.000252"/>
</kw>
<kw name="Should Contain" owner="BuiltIn">
<arg>${html_source}</arg>
<arg>แหล่งเผยแพร่งานวิจัย</arg>
<doc>Fails if ``container`` does not contain ``item`` one or more times.</doc>
<status status="PASS" start="2025-03-12T15:02:20.272535" elapsed="0.000374"/>
</kw>
<kw name="Should Contain" owner="BuiltIn">
<arg>${html_source}</arg>
<arg>ชื่องานวิจัย</arg>
<doc>Fails if ``container`` does not contain ``item`` one or more times.</doc>
<status status="PASS" start="2025-03-12T15:02:20.273312" elapsed="0.000282"/>
</kw>
<kw name="Should Contain" owner="BuiltIn">
<arg>${html_source}</arg>
<arg>บทคัดย่อ</arg>
<doc>Fails if ``container`` does not contain ``item`` one or more times.</doc>
<status status="PASS" start="2025-03-12T15:02:20.274059" elapsed="0.000332"/>
</kw>
<kw name="Should Contain" owner="BuiltIn">
<arg>${html_source}</arg>
<arg>คำสำคัญ</arg>
<doc>Fails if ``container`` does not contain ``item`` one or more times.</doc>
<status status="PASS" start="2025-03-12T15:02:20.274836" elapsed="0.000358"/>
</kw>
<kw name="Scroll Element Into View" owner="SeleniumLibrary">
<arg>id=paper_type</arg>
<doc>Scrolls the element identified by ``locator`` into view.</doc>
<status status="PASS" start="2025-03-12T15:02:20.276010" elapsed="0.281057"/>
</kw>
<kw name="Click Element" owner="SeleniumLibrary">
<msg time="2025-03-12T15:02:20.557775" level="INFO">Clicking element 'id=paper_type'.</msg>
<arg>id=paper_type</arg>
<doc>Click the element identified by ``locator``.</doc>
<status status="PASS" start="2025-03-12T15:02:20.557592" elapsed="0.132880"/>
</kw>
<kw name="Set Variable" owner="BuiltIn">
<msg time="2025-03-12T15:02:20.691136" level="INFO">${DROPDOWN_XPATH} = //select[@class="custom-select my-select" and @name="paper_type"]</msg>
<var>${DROPDOWN_XPATH}</var>
<arg>//select[@class="custom-select my-select" and @name="paper_type"]</arg>
<doc>Returns the given values which can then be assigned to a variables.</doc>
<status status="PASS" start="2025-03-12T15:02:20.690854" elapsed="0.000325"/>
</kw>
<kw name="Get List Items" owner="SeleniumLibrary">
<msg time="2025-03-12T15:02:20.850613" level="INFO">${options} = ['โปรดเลือกประเภทเอกสาร', 'วารสาร', 'รายงานการประชุมวิชาการ', 'ชุดหนังสือ', 'หนังสือ']</msg>
<var>${options}</var>
<arg>${DROPDOWN_XPATH}</arg>
<doc>Returns all labels or values of selection list ``locator``.</doc>
<status status="PASS" start="2025-03-12T15:02:20.691501" elapsed="0.159267"/>
</kw>
<kw name="Should Contain" owner="BuiltIn">
<arg>${options}</arg>
<arg>วารสาร</arg>
<doc>Fails if ``container`` does not contain ``item`` one or more times.</doc>
<status status="PASS" start="2025-03-12T15:02:20.859529" elapsed="0.000314"/>
</kw>
<kw name="Sleep" owner="BuiltIn">
<msg time="2025-03-12T15:02:21.361283" level="INFO">Slept 500 milliseconds.</msg>
<arg>0.5s</arg>
<doc>Pauses the test executed for the given time.</doc>
<status status="PASS" start="2025-03-12T15:02:20.860330" elapsed="0.501213"/>
</kw>
<kw name="Scroll Element Into View" owner="SeleniumLibrary">
<arg>id=paper_subtype</arg>
<doc>Scrolls the element identified by ``locator`` into view.</doc>
<status status="PASS" start="2025-03-12T15:02:21.363477" elapsed="0.331139"/>
</kw>
<kw name="Click Element" owner="SeleniumLibrary">
<msg time="2025-03-12T15:02:21.696072" level="INFO">Clicking element 'id=paper_subtype'.</msg>
<arg>id=paper_subtype</arg>
<doc>Click the element identified by ``locator``.</doc>
<status status="PASS" start="2025-03-12T15:02:21.695644" elapsed="0.080644"/>
</kw>
<kw name="Set Variable" owner="BuiltIn">
<msg time="2025-03-12T15:02:21.776799" level="INFO">${DROPDOWN_XPATH} = //select[@class="custom-select my-select" and @name="paper_subtype"]</msg>
<var>${DROPDOWN_XPATH}</var>
<arg>//select[@class="custom-select my-select" and @name="paper_subtype"]</arg>
<doc>Returns the given values which can then be assigned to a variables.</doc>
<status status="PASS" start="2025-03-12T15:02:21.776631" elapsed="0.000189"/>
</kw>
<kw name="Get List Items" owner="SeleniumLibrary">
<msg time="2025-03-12T15:02:21.886184" level="INFO">${options} = ['โปรดเลือกประเภทย่อย', 'บทความ', 'บทความในการประชุมวิชาการ', 'บรรณาธิการ', 'บทวิจารณ์', 'คำแก้ไข', 'บทในหนังสือ']</msg>
<var>${options}</var>
<arg>${DROPDOWN_XPATH}</arg>
<doc>Returns all labels or values of selection list ``locator``.</doc>
<status status="PASS" start="2025-03-12T15:02:21.777146" elapsed="0.109120"/>
</kw>
<kw name="Should Contain" owner="BuiltIn">
<arg>${options}</arg>
<arg>โปรดเลือกประเภทย่อย</arg>
<doc>Fails if ``container`` does not contain ``item`` one or more times.</doc>
<status status="PASS" start="2025-03-12T15:02:21.886837" elapsed="0.000355"/>
</kw>
<kw name="Should Contain" owner="BuiltIn">
<arg>${options}</arg>
<arg>บทความ</arg>
<doc>Fails if ``container`` does not contain ``item`` one or more times.</doc>
<status status="PASS" start="2025-03-12T15:02:21.887644" elapsed="0.000286"/>
</kw>
<kw name="Should Contain" owner="BuiltIn">
<arg>${options}</arg>
<arg>บทความในการประชุมวิชาการ</arg>
<doc>Fails if ``container`` does not contain ``item`` one or more times.</doc>
<status status="PASS" start="2025-03-12T15:02:21.888310" elapsed="0.000255"/>
</kw>
<kw name="Should Contain" owner="BuiltIn">
<arg>${options}</arg>
<arg>บรรณาธิการ</arg>
<doc>Fails if ``container`` does not contain ``item`` one or more times.</doc>
<status status="PASS" start="2025-03-12T15:02:21.889078" elapsed="0.000351"/>
</kw>
<kw name="Should Contain" owner="BuiltIn">
<arg>${options}</arg>
<arg>บทวิจารณ์</arg>
<doc>Fails if ``container`` does not contain ``item`` one or more times.</doc>
<status status="PASS" start="2025-03-12T15:02:21.890045" elapsed="0.000306"/>
</kw>
<kw name="Should Contain" owner="BuiltIn">
<arg>${options}</arg>
<arg>คำแก้ไข</arg>
<doc>Fails if ``container`` does not contain ``item`` one or more times.</doc>
<status status="PASS" start="2025-03-12T15:02:21.890753" elapsed="0.000469"/>
</kw>
<kw name="Should Contain" owner="BuiltIn">
<arg>${options}</arg>
<arg>บทในหนังสือ</arg>
<doc>Fails if ``container`` does not contain ``item`` one or more times.</doc>
<status status="PASS" start="2025-03-12T15:02:21.891694" elapsed="0.000336"/>
</kw>
<kw name="Sleep" owner="BuiltIn">
<msg time="2025-03-12T15:02:22.393605" level="INFO">Slept 500 milliseconds.</msg>
<arg>0.5s</arg>
<doc>Pauses the test executed for the given time.</doc>
<status status="PASS" start="2025-03-12T15:02:21.892707" elapsed="0.503590"/>
</kw>
<kw name="Scroll Element Into View" owner="SeleniumLibrary">
<arg>id=publication</arg>
<doc>Scrolls the element identified by ``locator`` into view.</doc>
<status status="PASS" start="2025-03-12T15:02:22.397014" elapsed="0.321447"/>
</kw>
<kw name="Click Element" owner="SeleniumLibrary">
<msg time="2025-03-12T15:02:22.719432" level="INFO">Clicking element 'id=publication'.</msg>
<arg>id=publication</arg>
<doc>Click the element identified by ``locator``.</doc>
<status status="PASS" start="2025-03-12T15:02:22.719116" elapsed="0.056279"/>
</kw>
<kw name="Set Variable" owner="BuiltIn">
<msg time="2025-03-12T15:02:22.775880" level="INFO">${DROPDOWN_XPATH} = //select[@class="custom-select my-select" and @name="publication"]</msg>
<var>${DROPDOWN_XPATH}</var>
<arg>//select[@class="custom-select my-select" and @name="publication"]</arg>
<doc>Returns the given values which can then be assigned to a variables.</doc>
<status status="PASS" start="2025-03-12T15:02:22.775719" elapsed="0.000182"/>
</kw>
<kw name="Get List Items" owner="SeleniumLibrary">
<msg time="2025-03-12T15:02:23.114828" level="INFO">${options} = ['โปรดเลือกประเภท', 'วารสารนานาชาติ', 'หนังสือนานาชาติ', 'การประชุมวิชาการนานาชาติ', 'การประชุมวิชาการในประเทศ', 'วารสารในประเทศ', 'หนังสือในประเทศ', 'นิตยสารในประเทศ', 'บทในหนังสือ']</msg>
<var>${options}</var>
<arg>${DROPDOWN_XPATH}</arg>
<doc>Returns all labels or values of selection list ``locator``.</doc>
<status status="PASS" start="2025-03-12T15:02:22.776055" elapsed="0.338811"/>
</kw>
<kw name="Should Contain" owner="BuiltIn">
<arg>${options}</arg>
<arg>หนังสือนานาชาติ</arg>
<doc>Fails if ``container`` does not contain ``item`` one or more times.</doc>
<status status="PASS" start="2025-03-12T15:02:23.115248" elapsed="0.000187"/>
</kw>
<kw name="Scroll Element Into View" owner="SeleniumLibrary">
<arg>xpath=//*[contains(text(),'ประเภทเอกสาร')]</arg>
<doc>Scrolls the element identified by ``locator`` into view.</doc>
<status status="PASS" start="2025-03-12T15:02:23.115608" elapsed="0.308842"/>
</kw>
<kw name="Should Contain" owner="BuiltIn">
<arg>${html_source}</arg>
<arg>ประเภทเอกสาร</arg>
<doc>Fails if ``container`` does not contain ``item`` one or more times.</doc>
<status status="PASS" start="2025-03-12T15:02:23.427694" elapsed="0.000397"/>
</kw>
<kw name="Scroll Element Into View" owner="SeleniumLibrary">
<arg>xpath=//*[contains(text(),'ประเภทย่อย')]</arg>
<doc>Scrolls the element identified by ``locator`` into view.</doc>
<status status="PASS" start="2025-03-12T15:02:23.428945" elapsed="0.323985"/>
</kw>
<kw name="Should Contain" owner="BuiltIn">
<arg>${html_source}</arg>
<arg>ประเภทย่อย</arg>
<doc>Fails if ``container`` does not contain ``item`` one or more times.</doc>
<status status="PASS" start="2025-03-12T15:02:23.753738" elapsed="0.000619"/>
</kw>
<kw name="Scroll Element Into View" owner="SeleniumLibrary">
<arg>xpath=//*[contains(text(),'การตีพิมพ์')]</arg>
<doc>Scrolls the element identified by ``locator`` into view.</doc>
<status status="PASS" start="2025-03-12T15:02:23.754937" elapsed="0.326213"/>
</kw>
<kw name="Should Contain" owner="BuiltIn">
<arg>${html_source}</arg>
<arg>การตีพิมพ์</arg>
<doc>Fails if ``container`` does not contain ``item`` one or more times.</doc>
<status status="PASS" start="2025-03-12T15:02:24.081580" elapsed="0.000272"/>
</kw>
<kw name="Scroll Element Into View" owner="SeleniumLibrary">
<arg>xpath=//*[contains(text(),'การอ้างอิง')]</arg>
<doc>Scrolls the element identified by ``locator`` into view.</doc>
<status status="PASS" start="2025-03-12T15:02:24.082346" elapsed="0.326125"/>
</kw>
<kw name="Should Contain" owner="BuiltIn">
<arg>${html_source}</arg>
<arg>การอ้างอิง</arg>
<doc>Fails if ``container`` does not contain ``item`` one or more times.</doc>
<status status="PASS" start="2025-03-12T15:02:24.409332" elapsed="0.000537"/>
</kw>
<kw name="Scroll Element Into View" owner="SeleniumLibrary">
<arg>xpath=//*[contains(text(),'เลขหน้า')]</arg>
<doc>Scrolls the element identified by ``locator`` into view.</doc>
<status status="PASS" start="2025-03-12T15:02:24.410771" elapsed="0.329053"/>
</kw>
<kw name="Should Contain" owner="BuiltIn">
<arg>${html_source}</arg>
<arg>เลขหน้า</arg>
<doc>Fails if ``container`` does not contain ``item`` one or more times.</doc>
<status status="PASS" start="2025-03-12T15:02:24.740780" elapsed="0.000539"/>
</kw>
<kw name="Scroll Element Into View" owner="SeleniumLibrary">
<arg>xpath=//*[contains(text(),'ทุนสนับสนุน')]</arg>
<doc>Scrolls the element identified by ``locator`` into view.</doc>
<status status="PASS" start="2025-03-12T15:02:24.742302" elapsed="0.307424"/>
</kw>
<kw name="Should Contain" owner="BuiltIn">
<arg>${html_source}</arg>
<arg>ทุนสนับสนุน</arg>
<doc>Fails if ``container`` does not contain ``item`` one or more times.</doc>
<status status="PASS" start="2025-03-12T15:02:25.050463" elapsed="0.000412"/>
</kw>
<kw name="Scroll Element Into View" owner="SeleniumLibrary">
<arg>xpath=//*[contains(text(),'บุคคลภายในสาขา')]</arg>
<doc>Scrolls the element identified by ``locator`` into view.</doc>
<status status="PASS" start="2025-03-12T15:02:25.051430" elapsed="0.311772"/>
</kw>
<kw name="Should Contain" owner="BuiltIn">
<arg>${html_source}</arg>
<arg>บุคคลภายในสาขา</arg>
<doc>Fails if ``container`` does not contain ``item`` one or more times.</doc>
<status status="PASS" start="2025-03-12T15:02:25.364544" elapsed="0.000547"/>
</kw>
<kw name="Scroll Element Into View" owner="SeleniumLibrary">
<arg>id=selUser0</arg>
<doc>Scrolls the element identified by ``locator`` into view.</doc>
<status status="PASS" start="2025-03-12T15:02:25.366337" elapsed="0.322769"/>
</kw>
<kw name="Click Element" owner="SeleniumLibrary">
<msg time="2025-03-12T15:02:25.689827" level="INFO">Clicking element 'id=selUser0'.</msg>
<arg>id=selUser0</arg>
<doc>Click the element identified by ``locator``.</doc>
<status status="PASS" start="2025-03-12T15:02:25.689596" elapsed="0.096276"/>
</kw>
<kw name="Click Element" owner="SeleniumLibrary">
<msg time="2025-03-12T15:02:25.787664" level="INFO">Clicking element 'id=pos'.</msg>
<arg>id=pos</arg>
<doc>Click the element identified by ``locator``.</doc>
<status status="PASS" start="2025-03-12T15:02:25.787235" elapsed="0.058211"/>
</kw>
<kw name="Scroll Element Into View" owner="SeleniumLibrary">
<arg>id=submit</arg>
<doc>Scrolls the element identified by ``locator`` into view.</doc>
<status status="PASS" start="2025-03-12T15:02:25.845840" elapsed="0.325769"/>
</kw>
<kw name="Scroll Element Into View" owner="SeleniumLibrary">
<arg>xpath=//*[contains(text(),'บุคคลภายนอก')]</arg>
<doc>Scrolls the element identified by ``locator`` into view.</doc>
<status status="PASS" start="2025-03-12T15:02:26.172803" elapsed="0.296180"/>
</kw>
<kw name="Should Contain" owner="BuiltIn">
<arg>${html_source}</arg>
<arg>บุคคลภายนอก</arg>
<doc>Fails if ``container`` does not contain ``item`` one or more times.</doc>
<status status="PASS" start="2025-03-12T15:02:26.469881" elapsed="0.000682"/>
</kw>
<kw name="Scroll Element Into View" owner="SeleniumLibrary">
<arg>id=pos2</arg>
<doc>Scrolls the element identified by ``locator`` into view.</doc>
<status status="PASS" start="2025-03-12T15:02:26.471110" elapsed="0.328201"/>
</kw>
<kw name="Click Element" owner="SeleniumLibrary">
<msg time="2025-03-12T15:02:26.800406" level="INFO">Clicking element 'id=pos2'.</msg>
<arg>id=pos2</arg>
<doc>Click the element identified by ``locator``.</doc>
<status status="PASS" start="2025-03-12T15:02:26.800008" elapsed="0.087648"/>
</kw>
<kw name="Go To" owner="SeleniumLibrary">
<msg time="2025-03-12T15:02:26.888626" level="INFO">Opening url 'http://127.0.0.1:8000/papers'</msg>
<arg>${SERVER}/papers</arg>
<doc>Navigates the current browser window to the provided ``url``.</doc>
<status status="PASS" start="2025-03-12T15:02:26.888317" elapsed="3.420206"/>
</kw>
<kw name="Wait Until Element Is Visible" owner="SeleniumLibrary">
<arg>${VIEW_BUTTON_XPATH}</arg>
<arg>timeout=10s</arg>
<doc>Waits until the element ``locator`` is visible.</doc>
<status status="PASS" start="2025-03-12T15:02:30.308922" elapsed="0.029241"/>
</kw>
<kw name="Click Element" owner="SeleniumLibrary">
<msg time="2025-03-12T15:02:30.339328" level="INFO">Clicking element '//a[contains(@class, 'btn-outline-primary')]/i[contains(@class, 'mdi-eye')]'.</msg>
<arg>${VIEW_BUTTON_XPATH}</arg>
<doc>Click the element identified by ``locator``.</doc>
<status status="PASS" start="2025-03-12T15:02:30.338987" elapsed="0.700717"/>
</kw>
<kw name="Sleep" owner="BuiltIn">
<msg time="2025-03-12T15:02:33.045044" level="INFO">Slept 2 seconds.</msg>
<arg>2s</arg>
<doc>Pauses the test executed for the given time.</doc>
<status status="PASS" start="2025-03-12T15:02:31.040149" elapsed="2.005085"/>
</kw>
<kw name="Get Source" owner="SeleniumLibrary">
<msg time="2025-03-12T15:02:33.058105" level="INFO">${html_source} = &lt;html lang="en" style="height: auto;"&gt;&lt;head&gt;&lt;style type="text/css"&gt;.swal-icon--error{border-color:#f27474;-webkit-animation:animateErrorIcon .5s;animation:animateErrorIcon .5s}.swal-icon--error__x-mar...</msg>
<var>${html_source}</var>
<doc>Returns the entire HTML source of the current page or frame.</doc>
<status status="PASS" start="2025-03-12T15:02:33.046978" elapsed="0.011367"/>
</kw>
<kw name="Should Contain" owner="BuiltIn">
<arg>${html_source}</arg>
<arg>รายละเอียดงานวารสาร</arg>
<doc>Fails if ``container`` does not contain ``item`` one or more times.</doc>
<status status="PASS" start="2025-03-12T15:02:33.059132" elapsed="0.000547"/>
</kw>
<kw name="Should Contain" owner="BuiltIn">
<arg>${html_source}</arg>
<arg>ชื่อเรื่อง</arg>
<doc>Fails if ``container`` does not contain ``item`` one or more times.</doc>
<status status="PASS" start="2025-03-12T15:02:33.060176" elapsed="0.000353"/>
</kw>
<kw name="Should Contain" owner="BuiltIn">
<arg>${html_source}</arg>
<arg>บทคัดย่อ</arg>
<doc>Fails if ``container`` does not contain ``item`` one or more times.</doc>
<status status="PASS" start="2025-03-12T15:02:33.060927" elapsed="0.000325"/>
</kw>
<kw name="Should Contain" owner="BuiltIn">
<arg>${html_source}</arg>
<arg>คำสำคัญ</arg>
<doc>Fails if ``container`` does not contain ``item`` one or more times.</doc>
<status status="PASS" start="2025-03-12T15:02:33.061623" elapsed="0.000298"/>
</kw>
<kw name="Should Contain" owner="BuiltIn">
<arg>${html_source}</arg>
<arg>ประเภท</arg>
<doc>Fails if ``container`` does not contain ``item`` one or more times.</doc>
<status status="PASS" start="2025-03-12T15:02:33.062732" elapsed="0.000385"/>
</kw>
<kw name="Should Contain" owner="BuiltIn">
<arg>${html_source}</arg>
<arg>ประเภทเอกสาร</arg>
<doc>Fails if ``container`` does not contain ``item`` one or more times.</doc>
<status status="PASS" start="2025-03-12T15:02:33.064174" elapsed="0.000357"/>
</kw>
<kw name="Should Contain" owner="BuiltIn">
<arg>${html_source}</arg>
<arg>การตีพิมพ์</arg>
<doc>Fails if ``container`` does not contain ``item`` one or more times.</doc>
<status status="PASS" start="2025-03-12T15:02:33.065582" elapsed="0.001533"/>
</kw>
<kw name="Should Contain" owner="BuiltIn">
<arg>${html_source}</arg>
<arg>ผู้เขียน</arg>
<doc>Fails if ``container`` does not contain ``item`` one or more times.</doc>
<status status="PASS" start="2025-03-12T15:02:33.068276" elapsed="0.000359"/>
</kw>
<kw name="Should Contain" owner="BuiltIn">
<arg>${html_source}</arg>
<arg>ชื่องานวารสาร</arg>
<doc>Fails if ``container`` does not contain ``item`` one or more times.</doc>
<status status="PASS" start="2025-03-12T15:02:33.068978" elapsed="0.001732"/>
</kw>
<kw name="Should Contain" owner="BuiltIn">
<arg>${html_source}</arg>
<arg>ปีที่ตีพิมพ์</arg>
<doc>Fails if ``container`` does not contain ``item`` one or more times.</doc>
<status status="PASS" start="2025-03-12T15:02:33.074941" elapsed="0.000806"/>
</kw>
<kw name="Should Contain" owner="BuiltIn">
<arg>${html_source}</arg>
<arg>เล่มที่</arg>
<doc>Fails if ``container`` does not contain ``item`` one or more times.</doc>
<status status="PASS" start="2025-03-12T15:02:33.079441" elapsed="0.000973"/>
</kw>
<kw name="Should Contain" owner="BuiltIn">
<arg>${html_source}</arg>
<arg>ฉบับที่</arg>
<doc>Fails if ``container`` does not contain ``item`` one or more times.</doc>
<status status="PASS" start="2025-03-12T15:02:33.084372" elapsed="0.000785"/>
</kw>
<kw name="Should Contain" owner="BuiltIn">
<arg>${html_source}</arg>
<arg>เลขหน้า</arg>
<doc>Fails if ``container`` does not contain ``item`` one or more times.</doc>
<status status="PASS" start="2025-03-12T15:02:33.085931" elapsed="0.002432"/>
</kw>
<kw name="Scroll Element Into View" owner="SeleniumLibrary">
<arg>xpath=//a[contains(text(),'กลับ')]</arg>
<doc>Scrolls the element identified by ``locator`` into view.</doc>
<status status="PASS" start="2025-03-12T15:02:33.094496" elapsed="0.322737"/>
</kw>
<kw name="Click Element" owner="SeleniumLibrary">
<msg time="2025-03-12T15:02:33.418722" level="INFO">Clicking element 'xpath=//a[contains(text(),'กลับ')]'.</msg>
<arg>xpath=//a[contains(text(),'กลับ')]</arg>
<doc>Click the element identified by ``locator``.</doc>
<status status="PASS" start="2025-03-12T15:02:33.418242" elapsed="3.709760"/>
</kw>
<kw name="Click Element" owner="SeleniumLibrary">
<msg time="2025-03-12T15:02:37.129121" level="INFO">Clicking element 'xpath=//span[contains(text(), 'จัดการผลงานวิจัย')]'.</msg>
<arg>xpath=//span[contains(text(), 'จัดการผลงานวิจัย')]</arg>
<doc>Click the element identified by ``locator``.</doc>
<status status="PASS" start="2025-03-12T15:02:37.128808" elapsed="0.099733"/>
</kw>
<kw name="Wait Until Element Is Visible" owner="SeleniumLibrary">
<arg>xpath=//a[contains(@href, '/books') and contains(text(), 'หนังสือ')]</arg>
<arg>timeout=2s</arg>
<doc>Waits until the element ``locator`` is visible.</doc>
<status status="PASS" start="2025-03-12T15:02:37.230223" elapsed="0.040408"/>
</kw>
<kw name="Click Element" owner="SeleniumLibrary">
<msg time="2025-03-12T15:02:37.271685" level="INFO">Clicking element 'xpath=//a[contains(@href, '/books') and contains(text(), 'หนังสือ')]'.</msg>
<arg>xpath=//a[contains(@href, '/books') and contains(text(), 'หนังสือ')]</arg>
<doc>Click the element identified by ``locator``.</doc>
<status status="PASS" start="2025-03-12T15:02:37.271288" elapsed="3.045127"/>
</kw>
<kw name="Sleep" owner="BuiltIn">
<msg time="2025-03-12T15:02:45.318697" level="INFO">Slept 5 seconds.</msg>
<arg>5s</arg>
<doc>Pauses the test executed for the given time.</doc>
<status status="PASS" start="2025-03-12T15:02:40.316841" elapsed="5.002013"/>
</kw>
<kw name="Get Source" owner="SeleniumLibrary">
<msg time="2025-03-12T15:02:45.329545" level="INFO">${html_source} = &lt;html lang="en" style="height: auto;"&gt;&lt;head&gt;&lt;style type="text/css"&gt;.swal-icon--error{border-color:#f27474;-webkit-animation:animateErrorIcon .5s;animation:animateErrorIcon .5s}.swal-icon--error__x-mar...</msg>
<var>${html_source}</var>
<doc>Returns the entire HTML source of the current page or frame.</doc>
<status status="PASS" start="2025-03-12T15:02:45.319633" elapsed="0.009976"/>
</kw>
<kw name="Log" owner="BuiltIn">
<msg time="2025-03-12T15:02:45.330582" level="INFO">&lt;html lang="en" style="height: auto;"&gt;&lt;head&gt;&lt;style type="text/css"&gt;.swal-icon--error{border-color:#f27474;-webkit-animation:animateErrorIcon .5s;animation:animateErrorIcon .5s}.swal-icon--error__x-mark{position:relative;display:block;-webkit-animation:animateXMark .5s;animation:animateXMark .5s}.swal-icon--error__line{position:absolute;height:5px;width:47px;background-color:#f27474;display:block;top:37px;border-radius:2px}.swal-icon--error__line--left{-webkit-transform:rotate(45deg);transform:rotate(45deg);left:17px}.swal-icon--error__line--right{-webkit-transform:rotate(-45deg);transform:rotate(-45deg);right:16px}@-webkit-keyframes animateErrorIcon{0%{-webkit-transform:rotateX(100deg);transform:rotateX(100deg);opacity:0}to{-webkit-transform:rotateX(0deg);transform:rotateX(0deg);opacity:1}}@keyframes animateErrorIcon{0%{-webkit-transform:rotateX(100deg);transform:rotateX(100deg);opacity:0}to{-webkit-transform:rotateX(0deg);transform:rotateX(0deg);opacity:1}}@-webkit-keyframes animateXMark{0%{-webkit-transform:scale(.4);transform:scale(.4);margin-top:26px;opacity:0}50%{-webkit-transform:scale(.4);transform:scale(.4);margin-top:26px;opacity:0}80%{-webkit-transform:scale(1.15);transform:scale(1.15);margin-top:-6px}to{-webkit-transform:scale(1);transform:scale(1);margin-top:0;opacity:1}}@keyframes animateXMark{0%{-webkit-transform:scale(.4);transform:scale(.4);margin-top:26px;opacity:0}50%{-webkit-transform:scale(.4);transform:scale(.4);margin-top:26px;opacity:0}80%{-webkit-transform:scale(1.15);transform:scale(1.15);margin-top:-6px}to{-webkit-transform:scale(1);transform:scale(1);margin-top:0;opacity:1}}.swal-icon--warning{border-color:#f8bb86;-webkit-animation:pulseWarning .75s infinite alternate;animation:pulseWarning .75s infinite alternate}.swal-icon--warning__body{width:5px;height:47px;top:10px;border-radius:2px;margin-left:-2px}.swal-icon--warning__body,.swal-icon--warning__dot{position:absolute;left:50%;background-color:#f8bb86}.swal-icon--warning__dot{width:7px;height:7px;border-radius:50%;margin-left:-4px;bottom:-11px}@-webkit-keyframes pulseWarning{0%{border-color:#f8d486}to{border-color:#f8bb86}}@keyframes pulseWarning{0%{border-color:#f8d486}to{border-color:#f8bb86}}.swal-icon--success{border-color:#a5dc86}.swal-icon--success:after,.swal-icon--success:before{content:"";border-radius:50%;position:absolute;width:60px;height:120px;background:#fff;-webkit-transform:rotate(45deg);transform:rotate(45deg)}.swal-icon--success:before{border-radius:120px 0 0 120px;top:-7px;left:-33px;-webkit-transform:rotate(-45deg);transform:rotate(-45deg);-webkit-transform-origin:60px 60px;transform-origin:60px 60px}.swal-icon--success:after{border-radius:0 120px 120px 0;top:-11px;left:30px;-webkit-transform:rotate(-45deg);transform:rotate(-45deg);-webkit-transform-origin:0 60px;transform-origin:0 60px;-webkit-animation:rotatePlaceholder 4.25s ease-in;animation:rotatePlaceholder 4.25s ease-in}.swal-icon--success__ring{width:80px;height:80px;border:4px solid hsla(98,55%,69%,.2);border-radius:50%;box-sizing:content-box;position:absolute;left:-4px;top:-4px;z-index:2}.swal-icon--success__hide-corners{width:5px;height:90px;background-color:#fff;padding:1px;position:absolute;left:28px;top:8px;z-index:1;-webkit-transform:rotate(-45deg);transform:rotate(-45deg)}.swal-icon--success__line{height:5px;background-color:#a5dc86;display:block;border-radius:2px;position:absolute;z-index:2}.swal-icon--success__line--tip{width:25px;left:14px;top:46px;-webkit-transform:rotate(45deg);transform:rotate(45deg);-webkit-animation:animateSuccessTip .75s;animation:animateSuccessTip .75s}.swal-icon--success__line--long{width:47px;right:8px;top:38px;-webkit-transform:rotate(-45deg);transform:rotate(-45deg);-webkit-animation:animateSuccessLong .75s;animation:animateSuccessLong .75s}@-webkit-keyframes rotatePlaceholder{0%{-webkit-transform:rotate(-45deg);transform:rotate(-45deg)}5%{-webkit-transform:rotate(-45deg);transform:rotate(-45deg)}12%{-webkit-transform:rotate(-405deg);transform:rotate(-405deg)}to{-webkit-transform:rotate(-405deg);transform:rotate(-405deg)}}@keyframes rotatePlaceholder{0%{-webkit-transform:rotate(-45deg);transform:rotate(-45deg)}5%{-webkit-transform:rotate(-45deg);transform:rotate(-45deg)}12%{-webkit-transform:rotate(-405deg);transform:rotate(-405deg)}to{-webkit-transform:rotate(-405deg);transform:rotate(-405deg)}}@-webkit-keyframes animateSuccessTip{0%{width:0;left:1px;top:19px}54%{width:0;left:1px;top:19px}70%{width:50px;left:-8px;top:37px}84%{width:17px;left:21px;top:48px}to{width:25px;left:14px;top:45px}}@keyframes animateSuccessTip{0%{width:0;left:1px;top:19px}54%{width:0;left:1px;top:19px}70%{width:50px;left:-8px;top:37px}84%{width:17px;left:21px;top:48px}to{width:25px;left:14px;top:45px}}@-webkit-keyframes animateSuccessLong{0%{width:0;right:46px;top:54px}65%{width:0;right:46px;top:54px}84%{width:55px;right:0;top:35px}to{width:47px;right:8px;top:38px}}@keyframes animateSuccessLong{0%{width:0;right:46px;top:54px}65%{width:0;right:46px;top:54px}84%{width:55px;right:0;top:35px}to{width:47px;right:8px;top:38px}}.swal-icon--info{border-color:#c9dae1}.swal-icon--info:before{width:5px;height:29px;bottom:17px;border-radius:2px;margin-left:-2px}.swal-icon--info:after,.swal-icon--info:before{content:"";position:absolute;left:50%;background-color:#c9dae1}.swal-icon--info:after{width:7px;height:7px;border-radius:50%;margin-left:-3px;top:19px}.swal-icon{width:80px;height:80px;border-width:4px;border-style:solid;border-radius:50%;padding:0;position:relative;box-sizing:content-box;margin:20px auto}.swal-icon:first-child{margin-top:32px}.swal-icon--custom{width:auto;height:auto;max-width:100%;border:none;border-radius:0}.swal-icon img{max-width:100%;max-height:100%}.swal-title{color:rgba(0,0,0,.65);font-weight:600;text-transform:none;position:relative;display:block;padding:13px 16px;font-size:27px;line-height:normal;text-align:center;margin-bottom:0}.swal-title:first-child{margin-top:26px}.swal-title:not(:first-child){padding-bottom:0}.swal-title:not(:last-child){margin-bottom:13px}.swal-text{font-size:16px;position:relative;float:none;line-height:normal;vertical-align:top;text-align:left;display:inline-block;margin:0;padding:0 10px;font-weight:400;color:rgba(0,0,0,.64);max-width:calc(100% - 20px);overflow-wrap:break-word;box-sizing:border-box}.swal-text:first-child{margin-top:45px}.swal-text:last-child{margin-bottom:45px}.swal-footer{text-align:right;padding-top:13px;margin-top:13px;padding:13px 16px;border-radius:inherit;border-top-left-radius:0;border-top-right-radius:0}.swal-button-container{margin:5px;display:inline-block;position:relative}.swal-button{background-color:#7cd1f9;color:#fff;border:none;box-shadow:none;border-radius:5px;font-weight:600;font-size:14px;padding:10px 24px;margin:0;cursor:pointer}.swal-button[not:disabled]:hover{background-color:#78cbf2}.swal-button:active{background-color:#70bce0}.swal-button:focus{outline:none;box-shadow:0 0 0 1px #fff,0 0 0 3px rgba(43,114,165,.29)}.swal-button[disabled]{opacity:.5;cursor:default}.swal-button::-moz-focus-inner{border:0}.swal-button--cancel{color:#555;background-color:#efefef}.swal-button--cancel[not:disabled]:hover{background-color:#e8e8e8}.swal-button--cancel:active{background-color:#d7d7d7}.swal-button--cancel:focus{box-shadow:0 0 0 1px #fff,0 0 0 3px rgba(116,136,150,.29)}.swal-button--danger{background-color:#e64942}.swal-button--danger[not:disabled]:hover{background-color:#df4740}.swal-button--danger:active{background-color:#cf423b}.swal-button--danger:focus{box-shadow:0 0 0 1px #fff,0 0 0 3px rgba(165,43,43,.29)}.swal-content{padding:0 20px;margin-top:20px;font-size:medium}.swal-content:last-child{margin-bottom:20px}.swal-content__input,.swal-content__textarea{-webkit-appearance:none;background-color:#fff;border:none;font-size:14px;display:block;box-sizing:border-box;width:100%;border:1px solid rgba(0,0,0,.14);padding:10px 13px;border-radius:2px;transition:border-color .2s}.swal-content__input:focus,.swal-content__textarea:focus{outline:none;border-color:#6db8ff}.swal-content__textarea{resize:vertical}.swal-button--loading{color:transparent}.swal-button--loading~.swal-button__loader{opacity:1}.swal-button__loader{position:absolute;height:auto;width:43px;z-index:2;left:50%;top:50%;-webkit-transform:translateX(-50%) translateY(-50%);transform:translateX(-50%) translateY(-50%);text-align:center;pointer-events:none;opacity:0}.swal-button__loader div{display:inline-block;float:none;vertical-align:baseline;width:9px;height:9px;padding:0;border:none;margin:2px;opacity:.4;border-radius:7px;background-color:hsla(0,0%,100%,.9);transition:background .2s;-webkit-animation:swal-loading-anim 1s infinite;animation:swal-loading-anim 1s infinite}.swal-button__loader div:nth-child(3n+2){-webkit-animation-delay:.15s;animation-delay:.15s}.swal-button__loader div:nth-child(3n+3){-webkit-animation-delay:.3s;animation-delay:.3s}@-webkit-keyframes swal-loading-anim{0%{opacity:.4}20%{opacity:.4}50%{opacity:1}to{opacity:.4}}@keyframes swal-loading-anim{0%{opacity:.4}20%{opacity:.4}50%{opacity:1}to{opacity:.4}}.swal-overlay{position:fixed;top:0;bottom:0;left:0;right:0;text-align:center;font-size:0;overflow-y:auto;background-color:rgba(0,0,0,.4);z-index:10000;pointer-events:none;opacity:0;transition:opacity .3s}.swal-overlay:before{content:" ";display:inline-block;vertical-align:middle;height:100%}.swal-overlay--show-modal{opacity:1;pointer-events:auto}.swal-overlay--show-modal .swal-modal{opacity:1;pointer-events:auto;box-sizing:border-box;-webkit-animation:showSweetAlert .3s;animation:showSweetAlert .3s;will-change:transform}.swal-modal{width:478px;opacity:0;pointer-events:none;background-color:#fff;text-align:center;border-radius:5px;position:static;margin:20px auto;display:inline-block;vertical-align:middle;-webkit-transform:scale(1);transform:scale(1);-webkit-transform-origin:50% 50%;transform-origin:50% 50%;z-index:10001;transition:opacity .2s,-webkit-transform .3s;transition:transform .3s,opacity .2s;transition:transform .3s,opacity .2s,-webkit-transform .3s}@media (max-width:500px){.swal-modal{width:calc(100% - 20px)}}@-webkit-keyframes showSweetAlert{0%{-webkit-transform:scale(1);transform:scale(1)}1%{-webkit-transform:scale(.5);transform:scale(.5)}45%{-webkit-transform:scale(1.05);transform:scale(1.05)}80%{-webkit-transform:scale(.95);transform:scale(.95)}to{-webkit-transform:scale(1);transform:scale(1)}}@keyframes showSweetAlert{0%{-webkit-transform:scale(1);transform:scale(1)}1%{-webkit-transform:scale(.5);transform:scale(.5)}45%{-webkit-transform:scale(1.05);transform:scale(1.05)}80%{-webkit-transform:scale(.95);transform:scale(.95)}to{-webkit-transform:scale(1);transform:scale(1)}}&lt;/style&gt;&lt;link rel="stylesheet" href="https://cdn.datatables.net/fixedheader/3.2.3/css/fixedHeader.bootstrap4.min.css"&gt;
&lt;link rel="stylesheet" href="https://cdn.datatables.net/1.12.0/css/dataTables.bootstrap4.min.css"&gt;
&lt;link rel="stylesheet" href="https://cdn.datatables.net/fixedheader/3.2.3/css/fixedHeader.bootstrap4.min.css"&gt;



&lt;!--
This is a starter template page. Use this page to start your new project from
scratch. This page gets rid of all links and provides the needed markup only.
--&gt;



    &lt;meta charset="utf-8"&gt;
    &lt;meta name="csrf-token" content="1e5tR87n4U39T497bgJKs0HvAexc2UARBGLoOZtB"&gt;
    &lt;title&gt;Dashboard&lt;/title&gt;
    &lt;base href="http://127.0.0.1:8000"&gt;
    &lt;link href="img/Newlogo.png" rel="shortcut icon" type="image/x-icon"&gt;
    &lt;!-- Font Awesome Icons --&gt;
    &lt;link rel="stylesheet" href="plugins/fontawesome-free/css/all.min.css"&gt;
    &lt;link rel="stylesheet" href="http://127.0.0.1:8000/plugins/ijaboCropTool/ijaboCropTool.min.css"&gt;
    &lt;!-- Theme style --&gt;
    &lt;!-- Google Font: Source Sans Pro --&gt;
    &lt;link rel="stylesheet" href="https://fonts.googleapis.com/css?family=Source+Sans+Pro:300,400,400i,700&amp;amp;display=fallback"&gt;

    &lt;!-- plugins:css --&gt;
    &lt;link rel="stylesheet" href="http://127.0.0.1:8000/vendors/feather/feather.css"&gt;
    &lt;link rel="stylesheet" href="http://127.0.0.1:8000/vendors/mdi/css/materialdesignicons.min.css"&gt;
    &lt;link rel="stylesheet" href="http://127.0.0.1:8000/vendors/ti-icons/css/themify-icons.css"&gt;
    &lt;link rel="stylesheet" href="http://127.0.0.1:8000/vendors/typicons/typicons.css"&gt;
    &lt;link rel="stylesheet" href="http://127.0.0.1:8000/vendors/simple-line-icons/css/simple-line-icons.css"&gt;
    &lt;link rel="stylesheet" href="http://127.0.0.1:8000/vendors/css/vendor.bundle.base.css"&gt;
    &lt;!-- endinject --&gt;
    &lt;!-- Plugin css for this page --&gt;
    &lt;!-- &lt;link rel="stylesheet" href="http://127.0.0.1:8000/vendors/datatables.net-bs4/dataTables.bootstrap4.css"&gt; --&gt;
    &lt;link rel="stylesheet" href="http://127.0.0.1:8000/js/select.dataTables.min.css"&gt;
    &lt;!-- End plugin css for this page --&gt;
    &lt;!-- inject:css --&gt;
    &lt;link rel="stylesheet" href="http://127.0.0.1:8000/css/styleadmin.css"&gt;

    &lt;!-- endinject --&gt;
    &lt;!-- &lt;link rel="shortcut icon" href="images/favicon.png" /&gt; --&gt;
    &lt;link href="https://cdn.jsdelivr.net/npm/select2@4.1.0-rc.0/dist/css/select2.min.css" rel="stylesheet"&gt;
    &lt;!-- &lt;script src="https://cdn.jsdelivr.net/npm/select2@4.1.0-rc.0/dist/js/select2.min.js"&gt; &lt;/script&gt; --&gt;

    &lt;link rel="stylesheet" href="https://cdnjs.cloudflare.com/ajax/libs/bootstrap-select/1.13.1/css/bootstrap-select.css"&gt;
    &lt;!-- &lt;link href="https://cdn.jsdelivr.net/npm/bootstrap@5.0.2/dist/css/bootstrap.min.css" rel="stylesheet"&gt; --&gt;
    &lt;script src="//ajax.googleapis.com/ajax/libs/jquery/1.11.3/jquery.min.js"&gt;&lt;/script&gt;
&lt;/head&gt;

&lt;body style="height: auto;"&gt;
    &lt;div class=" container-scroller sidebar-dark"&gt;
        &lt;!-- navbar ข้างบน 
    --&gt;
        &lt;nav class=" navbar default-layout col-lg-12 col-12 p-0 fixed-top d-flex align-items-top flex-row"&gt;
            &lt;div class="text-center navbar-brand-wrapper d-flex align-items-center justify-content-start"&gt;
                &lt;div class="me-3"&gt;
                    &lt;button class="navbar-toggler navbar-toggler align-self-center" type="button" data-bs-toggle="minimize"&gt;
                        &lt;span class="icon-menu"&gt;&lt;/span&gt;
                    &lt;/button&gt;
                &lt;/div&gt;
            &lt;/div&gt;
            &lt;!--   --&gt;
            &lt;!-- Left navbar links --&gt;
            &lt;div class="navbar-menu-wrapper d-flex align-items-top"&gt;
                &lt;ul class="navbar-nav"&gt;
                    &lt;li class="nav-item font-weight-semibold d-none d-lg-block ms-0"&gt;
                    &lt;h1 class="welcome-text"&gt;ระบบจัดการข้อมูลการวิจัย &lt;span class="text-black fw-bold"&gt;&lt;/span&gt;&lt;/h1&gt;
                        &lt;h3 class="welcome-sub-text"&gt; &lt;/h3&gt;
                    &lt;/li&gt;
                    
                &lt;/ul&gt;
                
                &lt;ul class="navbar-nav ms-auto"&gt;
                    &lt;li class="nav-item d-none d-lg-block"&gt;
                        &lt;div id="datepicker-popup" class="input-group date datepicker navbar-date-picker"&gt;
                            &lt;span class="input-group-addon input-group-prepend border-right"&gt;
                                &lt;span class="icon-calendar input-group-text calendar-icon"&gt;&lt;/span&gt;
                            &lt;/span&gt;
                            &lt;input type="text" class="form-control"&gt;
                        &lt;/div&gt;
                    &lt;/li&gt;
                    &lt;li class="nav-item"&gt;
                        &lt;form class="search-form" action="#"&gt;
                            &lt;i class="icon-search"&gt;&lt;/i&gt;
                            &lt;input type="search" class="form-control" placeholder="Search Here" title="Search here"&gt;
                        &lt;/form&gt;
                    &lt;/li&gt;
                    &lt;li class="nav-item dropdown"&gt;
                        &lt;a class="nav-link dropdown-toggle" href="#" id="navbarDropdownMenuLink" data-toggle="dropdown" aria-haspopup="true" aria-expanded="false"&gt;
                            &lt;span class="flag-icon flag-icon-th"&gt;&lt;/span&gt;
                            ไทย
                        &lt;/a&gt;
                        &lt;div class="dropdown-menu" aria-labelledby="navbarDropdownMenuLink"&gt;
                                                                                    &lt;a class="dropdown-item" href="http://127.0.0.1:8000/lang/en"&gt;&lt;span class="flag-icon flag-icon-us"&gt;&lt;/span&gt;
                                English&lt;/a&gt;
                                                                                                                                                                        &lt;a class="dropdown-item" href="http://127.0.0.1:8000/lang/zh"&gt;&lt;span class="flag-icon flag-icon-cn"&gt;&lt;/span&gt;
                                中文&lt;/a&gt;
                                                                                &lt;/div&gt;
                    &lt;/li&gt;
                    &lt;!-- &lt;li class="nav-item dropdown"&gt;
                        &lt;a class="nav-link count-indicator" id="countDropdown" href="#" data-bs-toggle="dropdown"
                            aria-expanded="false"&gt;
                            &lt;i class="icon-bell"&gt;&lt;/i&gt;
                            &lt;span class="count"&gt;&lt;/span&gt;
                        &lt;/a&gt;
                    &lt;/li&gt; --&gt;
                    &lt;!-- &lt;li class="nav-item dropdown d-none d-lg-block user-dropdown"&gt;
                        &lt;a class="nav-link" id="UserDropdown" href="#" data-bs-toggle="dropdown" aria-expanded="false"&gt;
                            &lt;img class="img-xs rounded-circle" src="http://127.0.0.1:8000/images/imag_user/UIMG_202203296242bbe5c8689.jpg"
                                alt="User profile picture"&gt;
                        &lt;/a&gt;
                    &lt;/li&gt; --&gt;
                    &lt;!-- &lt;div class="dropdown-menu dropdown-menu-right navbar-dropdown" aria-labelledby="UserDropdown"&gt;
                            &lt;div class="dropdown-header text-center"&gt;
                                &lt;img class="img-md rounded-circle" src="http://127.0.0.1:8000/images/imag_user/UIMG_202203296242bbe5c8689.jpg"
                                    alt="Profile image"&gt;
                                &lt;p class="mb-1 mt-3 font-weight-semibold"&gt;&lt;/p&gt;
                                &lt;p class="fw-light text-muted mb-0"&gt;&lt;/p&gt;
                            &lt;/div&gt;
                            &lt;a class="dropdown-item"&gt;&lt;i
                                    class="dropdown-item-icon mdi mdi-account-outline text-primary me-2"&gt;&lt;/i&gt; My
                                Profile &lt;span class="badge badge-pill badge-danger"&gt;1&lt;/span&gt;&lt;/a&gt;
                            &lt;a class="dropdown-item"&gt;&lt;i
                                    class="dropdown-item-icon mdi mdi-message-text-outline text-primary me-2"&gt;&lt;/i&gt;
                                Messages&lt;/a&gt;
                            &lt;a class="dropdown-item"&gt;&lt;i
                                    class="dropdown-item-icon mdi mdi-calendar-check-outline text-primary me-2"&gt;&lt;/i&gt;
                                Activity&lt;/a&gt;
                            &lt;a class="dropdown-item"&gt;&lt;i
                                    class="dropdown-item-icon mdi mdi-help-circle-outline text-primary me-2"&gt;&lt;/i&gt;
                                FAQ&lt;/a&gt;
                            &lt;a class="dropdown-item"&gt;&lt;i
                                    class="dropdown-item-icon mdi mdi-power text-primary me-2"&gt;&lt;/i&gt;Sign Out&lt;/a&gt; --&gt;
                    &lt;li class="nav-item d-none d-sm-inline-block"&gt;
                        &lt;a class="nav-link" href="http://127.0.0.1:8000/logout" onclick="event.preventDefault(); 
                        document.getElementById ('logout-form').submit();"&gt; ออกจากระบบ &lt;i class="mdi mdi-logout"&gt;&lt;/i&gt;&lt;/a&gt;
                        &lt;form id="logout-form" action="http://127.0.0.1:8000/logout" method="POST" class="d-none"&gt;
                            &lt;input type="hidden" name="_token" value="1e5tR87n4U39T497bgJKs0HvAexc2UARBGLoOZtB"&gt;                        &lt;/form&gt;
                    &lt;/li&gt;
            &lt;/ul&gt;&lt;/div&gt;
            
            &lt;button class="navbar-toggler navbar-toggler-right d-lg-none align-self-center" type="button" data-bs-toggle="offcanvas"&gt;
                &lt;span class="mdi mdi-menu"&gt;&lt;/span&gt;
            &lt;/button&gt;

        &lt;/nav&gt;
        &lt;!-- navbar ข้างบน --&gt;
        &lt;div class="container-fluid page-body-wrapper"&gt;
            &lt;!-- Main Sidebar Container --&gt;
            &lt;!-- &lt;div class="theme-setting-wrapper"&gt;
                &lt;div id="settings-trigger"&gt;&lt;i class="mdi mdi-home"&gt;&lt;/i&gt;&lt;/div&gt;
            &lt;/div&gt; --&gt;
            &lt;nav class="sidebar sidebar-offcanvas" id="sidebar"&gt;
                &lt;ul class="nav"&gt;
                    &lt;li class="nav-item"&gt;
                        &lt;a class="nav-link " href="http://127.0.0.1:8000/dashboard"&gt;
                            &lt;i class="menu-icon mdi mdi-grid-large"&gt;&lt;/i&gt;
                            &lt;span class="menu-title"&gt;แดชบอร์ด&lt;/span&gt;                        &lt;/a&gt;
                    &lt;/li&gt;
                    &lt;li class="nav-item nav-category"&gt;โปรไฟล์&lt;/li&gt;
                    &lt;li class="nav-item"&gt;
                        &lt;a class="nav-link " href="http://127.0.0.1:8000/profile"&gt;
                            &lt;i class="menu-icon mdi mdi-account-circle-outline"&gt;&lt;/i&gt;
                            &lt;span class="menu-title"&gt;โปรไฟล์ผู้ใช้&lt;/span&gt;

                        &lt;/a&gt;
                    &lt;/li&gt;
                    &lt;!-- &lt;li class="nav-item"&gt;
                        &lt;a class="nav-link "
                            href="http://127.0.0.1:8000/settings"&gt;
                            &lt;i class="menu-icon mdi mdi mdi-settings-outline"&gt;&lt;/i&gt;
                            &lt;span class="menu-title"&gt;Settings&lt;/span&gt;

                        &lt;/a&gt;
                    &lt;/li&gt; --&gt;
                    &lt;li class="nav-item nav-category"&gt;ตัวเลือก&lt;/li&gt;
                                        &lt;li class="nav-item"&gt;
                        &lt;a class="nav-link" href="http://127.0.0.1:8000/funds"&gt;
                            &lt;i class="menu-icon mdi mdi-file-document-box-outline"&gt;&lt;/i&gt;
                            &lt;span class="menu-title"&gt;จัดการทุน&lt;/span&gt;

                        &lt;/a&gt;
                    &lt;/li&gt;
                                                            &lt;li class="nav-item"&gt;
                        &lt;a class="nav-link" href="http://127.0.0.1:8000/researchProjects"&gt;
                            &lt;i class="menu-icon mdi mdi-book-outline"&gt;&lt;/i&gt;
                            &lt;span class="menu-title"&gt;โครงการวิจัย&lt;/span&gt;

                        &lt;/a&gt;
                    &lt;/li&gt;
                                                            &lt;li class="nav-item"&gt;
                        &lt;a class="nav-link" href="http://127.0.0.1:8000/researchGroups"&gt;
                            &lt;i class="menu-icon mdi mdi-view-dashboard-outline"&gt;&lt;/i&gt;
                            &lt;span class="menu-title"&gt;กลุ่มวิจัย&lt;/span&gt;

                        &lt;/a&gt;
                    &lt;/li&gt;
                                                            &lt;li class="nav-item active"&gt;
                        &lt;a class="nav-link" data-bs-toggle="collapse" href="#ManagePublications" aria-expanded="false" aria-controls="ManagePublications"&gt;
                            &lt;i class="menu-icon mdi mdi-book-open-page-variant"&gt;&lt;/i&gt;
                            &lt;span class="menu-title"&gt;จัดการผลงานวิจัย&lt;/span&gt;
                            &lt;i class="menu-arrow"&gt;&lt;/i&gt;
                        &lt;/a&gt;
                        &lt;div class="collapse show" id="ManagePublications"&gt;
                            &lt;ul class="nav flex-column sub-menu"&gt;
                                &lt;li class="nav-item"&gt; &lt;a class="nav-link" href="http://127.0.0.1:8000/papers"&gt;ผลงานวิจัยที่เผยแพร่&lt;/a&gt;&lt;/li&gt;
                                &lt;li class="nav-item"&gt; &lt;a class="nav-link active" href="/books"&gt;หนังสือ&lt;/a&gt;&lt;/li&gt;
                                &lt;li class="nav-item"&gt; &lt;a class="nav-link" href="/patents"&gt;ผลงานวิชาการอื่นๆ&lt;/a&gt;&lt;/li&gt;
                            &lt;/ul&gt;
                        &lt;/div&gt;
                    &lt;/li&gt;
                                                                                &lt;li class="nav-item nav-category"&gt;ผู้ดูแล&lt;/li&gt;
                    &lt;li class="nav-item"&gt;
                        &lt;a class="nav-link" href="http://127.0.0.1:8000/users"&gt;
                            &lt;i class="menu-icon mdi mdi-account-multiple-outline"&gt;&lt;/i&gt;
                            &lt;span class="menu-title"&gt;ผู้ใช้&lt;/span&gt;
                        &lt;/a&gt;
                    &lt;/li&gt;
                                                            &lt;li class="nav-item"&gt;
                        &lt;a class="nav-link" href="http://127.0.0.1:8000/roles"&gt;
                            &lt;i class="menu-icon mdi mdi-chart-gantt"&gt;&lt;/i&gt;
                            &lt;span class="menu-title"&gt;บทบาท&lt;/span&gt;
                        &lt;/a&gt;
                    &lt;/li&gt;
                                                            &lt;li class="nav-item"&gt;
                        &lt;a class="nav-link" href="http://127.0.0.1:8000/permissions"&gt;
                            &lt;i class="menu-icon mdi mdi-checkbox-marked-circle-outline"&gt;&lt;/i&gt;
                            &lt;span class="menu-title"&gt;สิทธิ์&lt;/span&gt;
                        &lt;/a&gt;
                    &lt;/li&gt;
                                                            &lt;li class="nav-item"&gt;
                        &lt;a class="nav-link" href="http://127.0.0.1:8000/departments"&gt;
                            &lt;i class="menu-icon mdi mdi-animation-outline"&gt;&lt;/i&gt;
                            &lt;span class="menu-title"&gt;แผนก&lt;/span&gt;
                        &lt;/a&gt;
                    &lt;/li&gt;
                    
                                        &lt;li class="nav-item"&gt;
                        &lt;a class="nav-link" href="http://127.0.0.1:8000/programs"&gt;
                            &lt;i class="menu-icon mdi mdi-format-list-bulleted"&gt;&lt;/i&gt;
                            &lt;span class="menu-title"&gt;จัดการโปรแกรม&lt;/span&gt;
                        &lt;/a&gt;
                    &lt;/li&gt;
                                                            &lt;li class="nav-item"&gt;
                        &lt;a class="nav-link" href="http://127.0.0.1:8000/experts"&gt;
                            &lt;i class="menu-icon mdi mdi-buffer"&gt;&lt;/i&gt;
                            &lt;span class="menu-title"&gt;จัดการความเชี่ยวชาญ&lt;/span&gt;
                        &lt;/a&gt;
                    &lt;/li&gt;
                                        &lt;!--                     &lt;li class="nav-item"&gt;
                        &lt;a class="nav-link" target="_blank" href="http://127.0.0.1:8000/logs/overall"&gt;
                            &lt;i class="menu-icon mdi mdi-monitor-multiple"&gt;&lt;/i&gt;
                            &lt;span class="menu-title"&gt;Logs System&lt;/span&gt;
                        &lt;/a&gt;
                    &lt;/li&gt;
                     --&gt;

                &lt;/ul&gt;
            &lt;/nav&gt;

            &lt;!-- Content Wrapper. Contains page content --&gt;
            &lt;div class="main-panel"&gt;
                &lt;div class="content-wrapper" style="min-height: 843px;"&gt;
                    
&lt;div class="container"&gt;
        &lt;div class="card" style="padding: 16px;"&gt;
        &lt;div class="card-body"&gt;
            &lt;h4 class="card-title"&gt;หนังสือ
                &lt;book&lt; h4=""&gt;
                    &lt;a class="btn btn-primary btn-menu btn-icon-text btn-sm mb-3" href="http://127.0.0.1:8000/books/create"&gt;&lt;i class="mdi mdi-plus btn-icon-prepend"&gt;&lt;/i&gt; เพิ่ม&lt;/a&gt;
                    &lt;!-- &lt;div class="table-responsive"&gt; --&gt;
                    &lt;div id="example1_wrapper" class="dataTables_wrapper dt-bootstrap4 no-footer"&gt;&lt;div class="row"&gt;&lt;div class="col-sm-12 col-md-6"&gt;&lt;div class="dataTables_length" id="example1_length"&gt;&lt;label&gt;แสดง &lt;select name="example1_length" aria-controls="example1" class="custom-select custom-select-sm form-control form-control-sm"&gt;&lt;option value="10"&gt;10&lt;/option&gt;&lt;option value="25"&gt;25&lt;/option&gt;&lt;option value="50"&gt;50&lt;/option&gt;&lt;option value="100"&gt;100&lt;/option&gt;&lt;/select&gt; รายการ&lt;/label&gt;&lt;/div&gt;&lt;/div&gt;&lt;div class="col-sm-12 col-md-6"&gt;&lt;div id="example1_filter" class="dataTables_filter"&gt;&lt;label&gt;ค้นหา:&lt;input type="search" class="form-control form-control-sm" placeholder="" aria-controls="example1"&gt;&lt;/label&gt;&lt;/div&gt;&lt;/div&gt;&lt;/div&gt;&lt;div class="row"&gt;&lt;div class="col-sm-12"&gt;&lt;table id="example1" class="table table-striped dataTable no-footer" role="grid" aria-describedby="example1_info"&gt;
                        &lt;thead&gt;
                            &lt;tr role="row"&gt;&lt;th class="sorting_asc" tabindex="0" aria-controls="example1" rowspan="1" colspan="1" aria-sort="ascending" aria-label="เลขที่: activate to sort column descending" style="width: 98.4125px;"&gt;เลขที่&lt;/th&gt;&lt;th class="sorting" tabindex="0" aria-controls="example1" rowspan="1" colspan="1" aria-label="ชื่อ: activate to sort column ascending" style="width: 72.45px;"&gt;ชื่อ&lt;/th&gt;&lt;th class="sorting" tabindex="0" aria-controls="example1" rowspan="1" colspan="1" aria-label="ปี: activate to sort column ascending" style="width: 55px;"&gt;ปี&lt;/th&gt;&lt;th class="sorting" tabindex="0" aria-controls="example1" rowspan="1" colspan="1" aria-label="แหล่งข่าว: activate to sort column ascending" style="width: 145.425px;"&gt;แหล่งข่าว&lt;/th&gt;&lt;th class="sorting" tabindex="0" aria-controls="example1" rowspan="1" colspan="1" aria-label="หน้าหนังสือ: activate to sort column ascending" style="width: 166.525px;"&gt;หน้าหนังสือ&lt;/th&gt;&lt;th width="280px" class="sorting" tabindex="0" aria-controls="example1" rowspan="1" colspan="1" aria-label="การกระทำ: activate to sort column ascending" style="width: 280px;"&gt;การกระทำ&lt;/th&gt;&lt;/tr&gt;
                            &lt;/thead&gt;&lt;thead&gt;
                            &lt;/thead&gt;&lt;tbody&gt;
                                                        &lt;tr class="odd"&gt;&lt;td valign="top" colspan="6" class="dataTables_empty"&gt;ไม่พบข้อมูลที่ตรงกัน&lt;/td&gt;&lt;/tr&gt;&lt;/tbody&gt;&lt;tbody&gt;
                    &lt;/tbody&gt;&lt;/table&gt;&lt;/div&gt;&lt;/div&gt;&lt;div class="row"&gt;&lt;div class="col-sm-12 col-md-5"&gt;&lt;div class="dataTables_info" id="example1_info" role="status" aria-live="polite"&gt;ไม่มีข้อมูล&lt;/div&gt;&lt;/div&gt;&lt;div class="col-sm-12 col-md-7"&gt;&lt;div class="dataTables_paginate paging_simple_numbers" id="example1_paginate"&gt;&lt;ul class="pagination"&gt;&lt;li class="paginate_button page-item previous disabled" id="example1_previous"&gt;&lt;a href="#" aria-controls="example1" data-dt-idx="0" tabindex="0" class="page-link"&gt;ก่อนหน้า&lt;/a&gt;&lt;/li&gt;&lt;li class="paginate_button page-item next disabled" id="example1_next"&gt;&lt;a href="#" aria-controls="example1" data-dt-idx="1" tabindex="0" class="page-link"&gt;ถัดไป&lt;/a&gt;&lt;/li&gt;&lt;/ul&gt;&lt;/div&gt;&lt;/div&gt;&lt;/div&gt;&lt;/div&gt;
                    &lt;!-- &lt;/div&gt; --&gt;
                    &lt;br&gt;

        &lt;/book&lt;&gt;&lt;/h4&gt;&lt;/div&gt;
    &lt;/div&gt;


&lt;/div&gt;
&lt;script src="https://code.jquery.com/jquery-3.3.1.js"&gt;&lt;/script&gt;
&lt;script src="http://cdn.datatables.net/1.10.18/js/jquery.dataTables.min.js" defer=""&gt;&lt;/script&gt;
&lt;script src="https://cdn.datatables.net/1.12.0/js/dataTables.bootstrap4.min.js" defer=""&gt;&lt;/script&gt;
&lt;script src="https://cdn.datatables.net/fixedheader/3.2.3/js/dataTables.fixedHeader.min.js" defer=""&gt;&lt;/script&gt;
&lt;script&gt;
    $(document).ready(function() {
        // ดึง locale จาก Blade
        let locale = "th";

        let languageSettings = {};

        if (locale === 'en') {
            languageSettings = {
                lengthMenu: "Show _MENU_ entries",
                zeroRecords: "No matching records found",
                info: "Showing _START_ to _END_ of _TOTAL_ entries",
                infoEmpty: "No records available",
                infoFiltered: "(filtered from _MAX_ total records)",
                search: "Search:",
                paginate: {
                    first: "First",
                    last: "Last",
                    next: "Next",
                    previous: "Previous"
                }
            };
        } else if (locale === 'zh') {
            languageSettings = {
                lengthMenu: "显示 _MENU_ 条目",
                zeroRecords: "未找到匹配的记录",
                info: "显示第 _START_ 至 _END_ 项结果，共 _TOTAL_ 项",
                infoEmpty: "没有可用记录",
                infoFiltered: "(从 _MAX_ 条记录中过滤)",
                search: "搜索:",
                paginate: {
                    first: "首页",
                    last: "末页",
                    next: "下页",
                    previous: "上页"
                }
            };
        } else {
            // สมมติว่าถ้าเป็น 'th' หรือภาษาอื่น ใช้ภาษาไทย
            languageSettings = {
                lengthMenu: "แสดง _MENU_ รายการ",
                zeroRecords: "ไม่พบข้อมูลที่ตรงกัน",
                info: "แสดง _START_ ถึง _END_ จากทั้งหมด _TOTAL_ รายการ",
                infoEmpty: "ไม่มีข้อมูล",
                infoFiltered: "(กรองจากทั้งหมด _MAX_ รายการ)",
                search: "ค้นหา:",
                paginate: {
                    first: "หน้าแรก",
                    last: "หน้าสุดท้าย",
                    next: "ถัดไป",
                    previous: "ก่อนหน้า"
                }
            };
        }

        var table1 = $('#example1').DataTable({
            responsive: true,
            language: languageSettings
        });
    });
&lt;/script&gt;
&lt;script type="text/javascript"&gt;
    $('.show_confirm').click(function(event) {
        var form = $(this).closest("form");
        var name = $(this).data("name");
        event.preventDefault();
        swal({
                title: `Are you sure?`,
                text: "If you delete this, it will be gone forever.",
                icon: "warning",
                buttons: true,
                dangerMode: true,
            })
            .then((willDelete) =&gt; {
                if (willDelete) {
                    swal("Delete Successfully", {
                        icon: "success",
                    }).then(function() {
                        location.reload();
                        form.submit();
                    });
                }
            });
    });
&lt;/script&gt;
                &lt;/div&gt;
                &lt;footer class="footer"&gt;
                    &lt;div class="d-sm-flex justify-content-center justify-content-sm-between"&gt;
                    &lt;/div&gt;
                &lt;/footer&gt;
            &lt;/div&gt;

        &lt;/div&gt;
    &lt;/div&gt;
    &lt;!-- plugins:js --&gt;
    &lt;script src="http://127.0.0.1:8000/vendors/js/vendor.bundle.base.js"&gt;&lt;/script&gt;
    &lt;!-- endinject --&gt;
    &lt;!-- Plugin js for this page --&gt;
    &lt;script src="http://127.0.0.1:8000/vendors/chart.js/Chart.min.js"&gt;&lt;/script&gt;
    &lt;script src="http://127.0.0.1:8000/vendors/bootstrap-datepicker/bootstrap-datepicker.min.js"&gt;&lt;/script&gt;
    &lt;script src="http://127.0.0.1:8000/vendors/progressbar.js/progressbar.min.js"&gt;&lt;/script&gt;

    &lt;!-- End plugin js for this page --&gt;
    &lt;!-- inject:js --&gt;
    &lt;script src="http://127.0.0.1:8000/js/off-canvas.js"&gt;&lt;/script&gt;
    &lt;script src="http://127.0.0.1:8000/js/hoverable-collapse.js"&gt;&lt;/script&gt;
    &lt;script src="http://127.0.0.1:8000/js/template.js"&gt;&lt;/script&gt;
    &lt;script src="http://127.0.0.1:8000/js/settings.js"&gt;&lt;/script&gt;
    &lt;script src="http://127.0.0.1:8000/js/todolist.js"&gt;&lt;/script&gt;
    &lt;!-- endinject --&gt;
    &lt;!-- Custom js for this page--&gt;
    &lt;script src="http://127.0.0.1:8000/js/dashboard.js"&gt;&lt;/script&gt;
    &lt;script src="http://127.0.0.1:8000/js/Chart.roundedBarCharts.js"&gt;&lt;/script&gt;
    &lt;!-- End custom js for this page--&gt;

    &lt;!-- Bootstrap 4 --&gt;
    &lt;script src="plugins/bootstrap/js/bootstrap.bundle.min.js"&gt;&lt;/script&gt;
    &lt;script src="http://127.0.0.1:8000/plugins/ijaboCropTool/ijaboCropTool.min.js"&gt;&lt;/script&gt;
    &lt;!-- AdminLTE App --&gt;
    &lt;script src="dist/js/adminlte.min.js"&gt;&lt;/script&gt;

    &lt;script src="https://stackpath.bootstrapcdn.com/bootstrap/4.1.1/js/bootstrap.bundle.min.js"&gt;&lt;/script&gt;
    &lt;script src="https://cdnjs.cloudflare.com/ajax/libs/bootstrap-select/1.13.1/js/bootstrap-select.min.js"&gt;&lt;/script&gt;

    &lt;!-- Select2 JS --&gt;
    &lt;script src="https://cdn.jsdelivr.net/npm/select2@4.1.0-beta.1/dist/js/select2.min.js"&gt;&lt;/script&gt;
    &lt;script src="https://cdnjs.cloudflare.com/ajax/libs/sweetalert/2.1.0/sweetalert.min.js"&gt;&lt;/script&gt;

    





&lt;/body&gt;&lt;/html&gt;</msg>
<arg>${html_source}</arg>
<doc>Logs the given message with the given level.</doc>
<status status="PASS" start="2025-03-12T15:02:45.330039" elapsed="0.002343"/>
</kw>
<kw name="Should Contain" owner="BuiltIn">
<arg>${html_source}</arg>
<arg>หนังสือ</arg>
<doc>Fails if ``container`` does not contain ``item`` one or more times.</doc>
<status status="PASS" start="2025-03-12T15:02:45.333075" elapsed="0.000548"/>
</kw>
<kw name="Should Contain" owner="BuiltIn">
<arg>${html_source}</arg>
<arg>แสดง</arg>
<doc>Fails if ``container`` does not contain ``item`` one or more times.</doc>
<status status="PASS" start="2025-03-12T15:02:45.334303" elapsed="0.000491"/>
</kw>
<kw name="Get Text" owner="SeleniumLibrary">
<arg>xpath=//th[contains(text(), 'เลขที่')]</arg>
<doc>Returns the text value of the element identified by ``locator``.</doc>
<status status="PASS" start="2025-03-12T15:02:45.341033" elapsed="0.062068"/>
</kw>
<kw name="Should Contain" owner="BuiltIn">
<arg>${html_source}</arg>
<arg>ชื่อ</arg>
<doc>Fails if ``container`` does not contain ``item`` one or more times.</doc>
<status status="PASS" start="2025-03-12T15:02:45.403641" elapsed="0.000284"/>
</kw>
<kw name="Should Contain" owner="BuiltIn">
<arg>${html_source}</arg>
<arg>ปี</arg>
<doc>Fails if ``container`` does not contain ``item`` one or more times.</doc>
<status status="PASS" start="2025-03-12T15:02:45.404723" elapsed="0.000475"/>
</kw>
<kw name="Get Text" owner="SeleniumLibrary">
<arg>xpath=//th[contains(text(), 'แหล่งข่าว')]</arg>
<doc>Returns the text value of the element identified by ``locator``.</doc>
<status status="PASS" start="2025-03-12T15:02:45.405884" elapsed="0.061008"/>
</kw>
<kw name="Should Contain" owner="BuiltIn">
<arg>${html_source}</arg>
<arg>หนังสือ</arg>
<doc>Fails if ``container`` does not contain ``item`` one or more times.</doc>
<status status="PASS" start="2025-03-12T15:02:45.467303" elapsed="0.000234"/>
</kw>
<kw name="Click Element" owner="SeleniumLibrary">
<msg time="2025-03-12T15:02:45.468187" level="INFO">Clicking element '//a[contains(@class, 'btn-primary') and contains(@class, 'btn-menu') and .//i[contains(@class, 'mdi-plus')]]'.</msg>
<arg>${ADD_BUTTON_XPATH}</arg>
<doc>Click the element identified by ``locator``.</doc>
<status status="PASS" start="2025-03-12T15:02:45.467817" elapsed="4.185021"/>
</kw>
<kw name="Get Source" owner="SeleniumLibrary">
<msg time="2025-03-12T15:02:49.659597" level="INFO">${html_source} = &lt;html lang="en" style="height: auto;"&gt;&lt;head&gt;&lt;style type="text/css"&gt;.swal-icon--error{border-color:#f27474;-webkit-animation:animateErrorIcon .5s;animation:animateErrorIcon .5s}.swal-icon--error__x-mar...</msg>
<var>${html_source}</var>
<doc>Returns the entire HTML source of the current page or frame.</doc>
<status status="PASS" start="2025-03-12T15:02:49.653290" elapsed="0.006376"/>
</kw>
<kw name="Should Contain" owner="BuiltIn">
<arg>${html_source}</arg>
<arg>เพิ่มหนังสือ</arg>
<doc>Fails if ``container`` does not contain ``item`` one or more times.</doc>
<status status="PASS" start="2025-03-12T15:02:49.660034" elapsed="0.000239"/>
</kw>
<kw name="Should Contain" owner="BuiltIn">
<arg>${html_source}</arg>
<arg>กรอกรายละเอียดหนังสือ</arg>
<doc>Fails if ``container`` does not contain ``item`` one or more times.</doc>
<status status="PASS" start="2025-03-12T15:02:49.660671" elapsed="0.000197"/>
</kw>
<kw name="Should Contain" owner="BuiltIn">
<arg>${html_source}</arg>
<arg>สถานที่เผยแพร่</arg>
<doc>Fails if ``container`` does not contain ``item`` one or more times.</doc>
<status status="PASS" start="2025-03-12T15:02:49.661124" elapsed="0.000185"/>
</kw>
<kw name="Should Contain" owner="BuiltIn">
<arg>${html_source}</arg>
<arg>ปี (โฆษณา)</arg>
<doc>Fails if ``container`` does not contain ``item`` one or more times.</doc>
<status status="PASS" start="2025-03-12T15:02:49.661537" elapsed="0.000199"/>
</kw>
<kw name="Should Contain" owner="BuiltIn">
<arg>${html_source}</arg>
<arg>จำนวนหน้า</arg>
<doc>Fails if ``container`` does not contain ``item`` one or more times.</doc>
<status status="PASS" start="2025-03-12T15:02:49.661999" elapsed="0.000283"/>
</kw>
<kw name="Go To" owner="SeleniumLibrary">
<msg time="2025-03-12T15:02:49.662774" level="INFO">Opening url 'http://127.0.0.1:8000/books'</msg>
<arg>${SERVER}/books</arg>
<doc>Navigates the current browser window to the provided ``url``.</doc>
<status status="PASS" start="2025-03-12T15:02:49.662603" elapsed="2.964297"/>
</kw>
<kw name="Wait Until Element Is Visible" owner="SeleniumLibrary">
<msg time="2025-03-12T15:03:02.772916" level="INFO" html="true">&lt;/td&gt;&lt;/tr&gt;&lt;tr&gt;&lt;td colspan="3"&gt;&lt;a href="selenium-screenshot-2.png"&gt;&lt;img src="selenium-screenshot-2.png" width="800px"&gt;&lt;/a&gt;</msg>
<msg time="2025-03-12T15:03:02.773067" level="FAIL">Element '//a[contains(@class, 'btn-outline-primary')]/i[contains(@class, 'mdi-eye')]' not visible after 10 seconds.</msg>
<arg>${VIEW_BUTTON_XPATH}</arg>
<arg>timeout=10s</arg>
<doc>Waits until the element ``locator`` is visible.</doc>
<status status="FAIL" start="2025-03-12T15:02:52.627340" elapsed="10.160525">Element '//a[contains(@class, 'btn-outline-primary')]/i[contains(@class, 'mdi-eye')]' not visible after 10 seconds.</status>
</kw>
<kw name="Click Element" owner="SeleniumLibrary">
<arg>${VIEW_BUTTON_XPATH}</arg>
<doc>Click the element identified by ``locator``.</doc>
<status status="NOT RUN" start="2025-03-12T15:03:02.788802" elapsed="0.000040"/>
</kw>
<kw name="Sleep" owner="BuiltIn">
<arg>2s</arg>
<doc>Pauses the test executed for the given time.</doc>
<status status="NOT RUN" start="2025-03-12T15:03:02.789091" elapsed="0.000040"/>
</kw>
<kw name="Get Source" owner="SeleniumLibrary">
<var>${html_source}</var>
<doc>Returns the entire HTML source of the current page or frame.</doc>
<status status="NOT RUN" start="2025-03-12T15:03:02.789859" elapsed="0.000037"/>
</kw>
<kw name="Should Contain" owner="BuiltIn">
<arg>${html_source}</arg>
<arg>รายละเอียดหนังสือปฏิบัติการ</arg>
<doc>Fails if ``container`` does not contain ``item`` one or more times.</doc>
<status status="NOT RUN" start="2025-03-12T15:03:02.790614" elapsed="0.000042"/>
</kw>
<kw name="Should Contain" owner="BuiltIn">
<arg>${html_source}</arg>
<arg>ข้อมูลรายละเอียดหนังสือ</arg>
<doc>Fails if ``container`` does not contain ``item`` one or more times.</doc>
<status status="NOT RUN" start="2025-03-12T15:03:02.791452" elapsed="0.000025"/>
</kw>
<kw name="Should Contain" owner="BuiltIn">
<arg>${html_source}</arg>
<arg>ชื่อหนังสือ</arg>
<doc>Fails if ``container`` does not contain ``item`` one or more times.</doc>
<status status="NOT RUN" start="2025-03-12T15:03:02.791842" elapsed="0.000074"/>
</kw>
<kw name="Should Contain" owner="BuiltIn">
<arg>${html_source}</arg>
<arg>ปี</arg>
<doc>Fails if ``container`` does not contain ``item`` one or more times.</doc>
<status status="NOT RUN" start="2025-03-12T15:03:02.792157" elapsed="0.000034"/>
</kw>
<kw name="Should Contain" owner="BuiltIn">
<arg>${html_source}</arg>
<arg>แหล่งข่าว</arg>
<doc>Fails if ``container`` does not contain ``item`` one or more times.</doc>
<status status="NOT RUN" start="2025-03-12T15:03:02.792322" elapsed="0.000019"/>
</kw>
<kw name="Should Contain" owner="BuiltIn">
<arg>${html_source}</arg>
<arg>หน้าหนังสือ</arg>
<doc>Fails if ``container`` does not contain ``item`` one or more times.</doc>
<status status="NOT RUN" start="2025-03-12T15:03:02.792467" elapsed="0.000025"/>
</kw>
<kw name="Should Contain" owner="BuiltIn">
<arg>${html_source}</arg>
<arg>กลับ</arg>
<doc>Fails if ``container`` does not contain ``item`` one or more times.</doc>
<status status="NOT RUN" start="2025-03-12T15:03:02.792638" elapsed="0.000018"/>
</kw>
<kw name="Click Element" owner="SeleniumLibrary">
<arg>xpath=//span[contains(text(), 'จัดการผลงานวิจัย')]</arg>
<doc>Click the element identified by ``locator``.</doc>
<status status="NOT RUN" start="2025-03-12T15:03:02.792825" elapsed="0.000016"/>
</kw>
<kw name="Wait Until Element Is Visible" owner="SeleniumLibrary">
<arg>xpath=//a[contains(@href, '/patents') and contains(text(), 'ผลงานวิชาการอื่นๆ')]</arg>
<arg>timeout=2s</arg>
<doc>Waits until the element ``locator`` is visible.</doc>
<status status="NOT RUN" start="2025-03-12T15:03:02.792936" elapsed="0.000014"/>
</kw>
<kw name="Click Element" owner="SeleniumLibrary">
<arg>xpath=//a[contains(@href, '/patents') and contains(text(), 'ผลงานวิชาการอื่นๆ')]</arg>
<doc>Click the element identified by ``locator``.</doc>
<status status="NOT RUN" start="2025-03-12T15:03:02.793042" elapsed="0.000014"/>
</kw>
<tag>ManagePublications</tag>
<status status="FAIL" start="2025-03-12T15:02:03.770196" elapsed="59.023018">Element '//a[contains(@class, 'btn-outline-primary')]/i[contains(@class, 'mdi-eye')]' not visible after 10 seconds.</status>
</test>
<status status="FAIL" start="2025-03-12T15:02:03.391040" elapsed="59.403232"/>
</suite>
<statistics>
<total>
<stat pass="0" fail="1" skip="0">All Tests</stat>
</total>
<tag>
<stat pass="0" fail="1" skip="0">ManagePublications</stat>
</tag>
<suite>
<stat pass="0" fail="1" skip="0" id="s1" name="UAT-Project-014">UAT-Project-014</stat>
</suite>
</statistics>
<errors>
</errors>
</robot>
