<?xml version="1.0" encoding="UTF-8"?>
<robot generator="Robot 7.1.1 (Python 3.13.0 on win32)" generated="2025-03-13T03:37:25.526372" rpa="false" schemaversion="5">
<suite id="s1" name="UAT-Project-010 &amp; UAT-Project-011 &amp; UAT-Project-012 &amp; UAT-Project-013">
<suite id="s1-s1" name="UAT-Project-010" source="C:\Users\Lenovo\Documents\GitHub\git-group-repository-group-5\sprint3\test_sprint3\code\UAT-Project-010.robot">
<test id="s1-s1-t1" name="Dashboard Page Switch Language To TH" line="133">
<kw name="Open Browser To Login Page">
<kw name="Evaluate" owner="BuiltIn">
<msg time="2025-03-13T03:37:25.849569" level="INFO">${chrome_options} = &lt;selenium.webdriver.chrome.options.Options object at 0x0000029CE5850050&gt;</msg>
<var>${chrome_options}</var>
<arg>sys.modules['selenium.webdriver'].ChromeOptions()</arg>
<arg>sys</arg>
<doc>Evaluates the given expression in Python and returns the result.</doc>
<status status="PASS" start="2025-03-13T03:37:25.849321" elapsed="0.000277"/>
</kw>
<kw name="Call Method" owner="BuiltIn">
<arg>${chrome_options}</arg>
<arg>add_argument</arg>
<arg>--disable-gpu</arg>
<doc>Calls the named method of the given object with the provided arguments.</doc>
<status status="PASS" start="2025-03-13T03:37:25.849705" elapsed="0.000102"/>
</kw>
<kw name="Call Method" owner="BuiltIn">
<arg>${chrome_options}</arg>
<arg>add_argument</arg>
<arg>--no-sandbox</arg>
<doc>Calls the named method of the given object with the provided arguments.</doc>
<status status="PASS" start="2025-03-13T03:37:25.849882" elapsed="0.000085"/>
</kw>
<kw name="Call Method" owner="BuiltIn">
<arg>${chrome_options}</arg>
<arg>add_argument</arg>
<arg>--disable-dev-shm-usage</arg>
<doc>Calls the named method of the given object with the provided arguments.</doc>
<status status="PASS" start="2025-03-13T03:37:25.850028" elapsed="0.000142"/>
</kw>
<kw name="Call Method" owner="BuiltIn">
<arg>${chrome_options}</arg>
<arg>add_argument</arg>
<arg>--start-maximized</arg>
<doc>Calls the named method of the given object with the provided arguments.</doc>
<status status="PASS" start="2025-03-13T03:37:25.850251" elapsed="0.000084"/>
</kw>
<kw name="Call Method" owner="BuiltIn">
<arg>${chrome_options}</arg>
<arg>add_argument</arg>
<arg>--disable-extensions</arg>
<doc>Calls the named method of the given object with the provided arguments.</doc>
<status status="PASS" start="2025-03-13T03:37:25.850403" elapsed="0.000073"/>
</kw>
<kw name="Call Method" owner="BuiltIn">
<arg>${chrome_options}</arg>
<arg>add_argument</arg>
<arg>--disable-popup-blocking</arg>
<doc>Calls the named method of the given object with the provided arguments.</doc>
<status status="PASS" start="2025-03-13T03:37:25.850533" elapsed="0.000064"/>
</kw>
<kw name="Call Method" owner="BuiltIn">
<arg>${chrome_options}</arg>
<arg>add_argument</arg>
<arg>--disable-infobars</arg>
<doc>Calls the named method of the given object with the provided arguments.</doc>
<status status="PASS" start="2025-03-13T03:37:25.850649" elapsed="0.000063"/>
</kw>
<kw name="Set Variable" owner="BuiltIn">
<msg time="2025-03-13T03:37:25.850886" level="INFO">${chrome_options.binary_location} = E:/Software Engineering/chromefortesting/chrome.exe</msg>
<var>${chrome_options.binary_location}</var>
<arg>${CHROME_BROWSER_PATH}</arg>
<doc>Returns the given values which can then be assigned to a variables.</doc>
<status status="PASS" start="2025-03-13T03:37:25.850774" elapsed="0.000132"/>
</kw>
<kw name="Evaluate" owner="BuiltIn">
<msg time="2025-03-13T03:37:25.851670" level="INFO">${service} = &lt;selenium.webdriver.chrome.service.Service object at 0x0000029CE575FCB0&gt;</msg>
<var>${service}</var>
<arg>sys.modules["selenium.webdriver.chrome.service"].Service(executable_path=r"${CHROME_DRIVER_PATH}")</arg>
<doc>Evaluates the given expression in Python and returns the result.</doc>
<status status="PASS" start="2025-03-13T03:37:25.850988" elapsed="0.000714"/>
</kw>
<kw name="Create Webdriver" owner="SeleniumLibrary">
<msg time="2025-03-13T03:37:25.852025" level="INFO">Creating an instance of the Chrome WebDriver.</msg>
<arg>Chrome</arg>
<arg>options=${chrome_options}</arg>
<arg>service=${service}</arg>
<doc>Creates an instance of Selenium WebDriver.</doc>
<status status="PASS" start="2025-03-13T03:37:25.851804" elapsed="1.252253"/>
</kw>
<kw name="Go To" owner="SeleniumLibrary">
<msg time="2025-03-13T03:37:27.104444" level="INFO">Opening url 'https://csgroup568.cpkkuhost.com/login'</msg>
<arg>${LOGIN URL}</arg>
<doc>Navigates the current browser window to the provided ``url``.</doc>
<status status="PASS" start="2025-03-13T03:37:27.104265" elapsed="2.073590"/>
</kw>
<kw name="Login Page Should Be Open">
<kw name="Location Should Be" owner="SeleniumLibrary">
<msg time="2025-03-13T03:37:29.185864" level="INFO">Current location is 'https://csgroup568.cpkkuhost.com/login'.</msg>
<arg>${LOGIN URL}</arg>
<doc>Verifies that the current URL is exactly ``url``.</doc>
<status status="PASS" start="2025-03-13T03:37:29.178574" elapsed="0.007376"/>
</kw>
<status status="PASS" start="2025-03-13T03:37:29.178139" elapsed="0.007907"/>
</kw>
<kw name="Maximize Browser Window" owner="SeleniumLibrary">
<doc>Maximizes current browser window.</doc>
<status status="PASS" start="2025-03-13T03:37:29.186165" elapsed="0.004014"/>
</kw>
<status status="PASS" start="2025-03-13T03:37:25.848785" elapsed="3.341603"/>
</kw>
<kw name="Login Page Should Be Open">
<kw name="Location Should Be" owner="SeleniumLibrary">
<msg time="2025-03-13T03:37:29.194958" level="INFO">Current location is 'https://csgroup568.cpkkuhost.com/login'.</msg>
<arg>${LOGIN URL}</arg>
<doc>Verifies that the current URL is exactly ``url``.</doc>
<status status="PASS" start="2025-03-13T03:37:29.191143" elapsed="0.003927"/>
</kw>
<status status="PASS" start="2025-03-13T03:37:29.190849" elapsed="0.004334"/>
</kw>
<kw name="User Login">
<kw name="Input Text" owner="SeleniumLibrary">
<msg time="2025-03-13T03:37:29.196085" level="INFO">Typing text '615020084-7' into text field 'id=username'.</msg>
<arg>id=username</arg>
<arg>${USER_USERNAME}</arg>
<doc>Types the given ``text`` into the text field identified by ``locator``.</doc>
<status status="PASS" start="2025-03-13T03:37:29.195771" elapsed="0.062989"/>
</kw>
<kw name="Input Text" owner="SeleniumLibrary">
<msg time="2025-03-13T03:37:29.259101" level="INFO">Typing text '615020084-7' into text field 'id=password'.</msg>
<arg>id=password</arg>
<arg>${USER_PASSWORD}</arg>
<doc>Types the given ``text`` into the text field identified by ``locator``.</doc>
<status status="PASS" start="2025-03-13T03:37:29.258911" elapsed="0.061047"/>
</kw>
<kw name="Click Button" owner="SeleniumLibrary">
<msg time="2025-03-13T03:37:29.320275" level="INFO">Clicking button 'xpath=//button[@type='submit']'.</msg>
<arg>xpath=//button[@type='submit']</arg>
<doc>Clicks the button identified by ``locator``.</doc>
<status status="PASS" start="2025-03-13T03:37:29.320117" elapsed="0.053105"/>
</kw>
<kw name="Sleep" owner="BuiltIn">
<msg time="2025-03-13T03:37:31.374406" level="INFO">Slept 2 seconds.</msg>
<arg>2s</arg>
<doc>Pauses the test executed for the given time.</doc>
<status status="PASS" start="2025-03-13T03:37:29.373365" elapsed="2.001296"/>
</kw>
<kw name="Location Should Be" owner="SeleniumLibrary">
<msg time="2025-03-13T03:37:32.339124" level="INFO">Current location is 'https://csgroup568.cpkkuhost.com/dashboard'.</msg>
<arg>${USER URL}</arg>
<doc>Verifies that the current URL is exactly ``url``.</doc>
<status status="PASS" start="2025-03-13T03:37:31.375131" elapsed="0.964229"/>
</kw>
<status status="PASS" start="2025-03-13T03:37:29.195494" elapsed="3.144021"/>
</kw>
<kw name="Sleep" owner="BuiltIn">
<msg time="2025-03-13T03:37:34.340334" level="INFO">Slept 2 seconds.</msg>
<arg>2s</arg>
<doc>Pauses the test executed for the given time.</doc>
<status status="PASS" start="2025-03-13T03:37:32.339912" elapsed="2.000515"/>
</kw>
<kw name="Switch Language To">
<if>
<branch type="IF" condition="'${lang_code}' == 'en'">
<kw name="Get Text" owner="SeleniumLibrary">
<var>${new_lang}</var>
<arg>id=navbarDropdownMenuLink</arg>
<doc>Returns the text value of the element identified by ``locator``.</doc>
<status status="NOT RUN" start="2025-03-13T03:37:34.341238" elapsed="0.000186"/>
</kw>
<kw name="Should Contain" owner="BuiltIn">
<arg>${new_lang}</arg>
<arg>${expected_language}</arg>
<doc>Fails if ``container`` does not contain ``item`` one or more times.</doc>
<status status="NOT RUN" start="2025-03-13T03:37:34.341530" elapsed="0.000019"/>
</kw>
<return>
<status status="NOT RUN" start="2025-03-13T03:37:34.341589" elapsed="0.000025"/>
</return>
<status status="NOT RUN" start="2025-03-13T03:37:34.341044" elapsed="0.000596"/>
</branch>
<status status="PASS" start="2025-03-13T03:37:34.341022" elapsed="0.000644"/>
</if>
<kw name="Wait Until Element Is Visible" owner="SeleniumLibrary">
<arg>id=navbarDropdownMenuLink</arg>
<arg>10s</arg>
<doc>Waits until the element ``locator`` is visible.</doc>
<status status="PASS" start="2025-03-13T03:37:34.341723" elapsed="0.017619"/>
</kw>
<kw name="Mouse Over" owner="SeleniumLibrary">
<msg time="2025-03-13T03:37:34.360849" level="INFO">Simulating Mouse Over on element 'id=navbarDropdownMenuLink'.</msg>
<arg>id=navbarDropdownMenuLink</arg>
<doc>Simulates hovering the mouse over the element ``locator``.</doc>
<status status="PASS" start="2025-03-13T03:37:34.359747" elapsed="0.302463"/>
</kw>
<kw name="Click Element" owner="SeleniumLibrary">
<msg time="2025-03-13T03:37:34.662704" level="INFO">Clicking element 'id=navbarDropdownMenuLink'.</msg>
<arg>id=navbarDropdownMenuLink</arg>
<doc>Click the element identified by ``locator``.</doc>
<status status="PASS" start="2025-03-13T03:37:34.662459" elapsed="0.065673"/>
</kw>
<kw name="Execute Javascript" owner="SeleniumLibrary">
<msg time="2025-03-13T03:37:34.729399" level="INFO">Executing JavaScript:
document.querySelector('#navbarDropdownMenuLink').click();
Without any arguments.</msg>
<arg>document.querySelector('#navbarDropdownMenuLink').click();</arg>
<doc>Executes the given JavaScript code with possible arguments.</doc>
<status status="PASS" start="2025-03-13T03:37:34.728547" elapsed="0.007065"/>
</kw>
<kw name="Wait Until Element Is Visible" owner="SeleniumLibrary">
<arg>xpath=//div[contains(@class, 'dropdown-menu')]</arg>
<arg>10s</arg>
<doc>Waits until the element ``locator`` is visible.</doc>
<status status="PASS" start="2025-03-13T03:37:34.735948" elapsed="0.035387"/>
</kw>
<kw name="Get Element Attribute" owner="SeleniumLibrary">
<msg time="2025-03-13T03:37:34.786410" level="INFO">${dropdown_html} = 
                                                                                                                                            &lt;a class="dropdown-item" href="https://csgroup568.cpkkuhost...</msg>
<var>${dropdown_html}</var>
<arg>xpath=//div[contains(@class, 'dropdown-menu')]</arg>
<arg>innerHTML</arg>
<doc>Returns the value of ``attribute`` from the element ``locator``.</doc>
<status status="PASS" start="2025-03-13T03:37:34.771584" elapsed="0.014885"/>
</kw>
<kw name="Log" owner="BuiltIn">
<msg time="2025-03-13T03:37:34.786887" level="INFO">Dropdown HTML: 
                                                                                                                                            &lt;a class="dropdown-item" href="https://csgroup568.cpkkuhost.com/lang/th"&gt;&lt;span class="flag-icon flag-icon-th"&gt;&lt;/span&gt;
                                ไทย&lt;/a&gt;
                                                                                                                &lt;a class="dropdown-item" href="https://csgroup568.cpkkuhost.com/lang/zh"&gt;&lt;span class="flag-icon flag-icon-cn"&gt;&lt;/span&gt;
                                中文&lt;/a&gt;
                                                                                </msg>
<arg>Dropdown HTML: ${dropdown_html}</arg>
<doc>Logs the given message with the given level.</doc>
<status status="PASS" start="2025-03-13T03:37:34.786680" elapsed="0.000283"/>
</kw>
<kw name="Click Element" owner="SeleniumLibrary">
<msg time="2025-03-13T03:37:34.787437" level="INFO">Clicking element 'xpath=//a[contains(@href, "/lang/th")]'.</msg>
<arg>xpath=//a[contains(@href, "/lang/${lang_code}")]</arg>
<doc>Click the element identified by ``locator``.</doc>
<status status="PASS" start="2025-03-13T03:37:34.787102" elapsed="0.872383"/>
</kw>
<kw name="Sleep" owner="BuiltIn">
<msg time="2025-03-13T03:37:40.660217" level="INFO">Slept 5 seconds.</msg>
<arg>5s</arg>
<doc>Pauses the test executed for the given time.</doc>
<status status="PASS" start="2025-03-13T03:37:35.659772" elapsed="5.000583"/>
</kw>
<kw name="Get Text" owner="SeleniumLibrary">
<msg time="2025-03-13T03:37:40.695943" level="INFO">${new_lang} = ไทย</msg>
<var>${new_lang}</var>
<arg>id=navbarDropdownMenuLink</arg>
<doc>Returns the text value of the element identified by ``locator``.</doc>
<status status="PASS" start="2025-03-13T03:37:40.660586" elapsed="0.035418"/>
</kw>
<kw name="Should Contain" owner="BuiltIn">
<arg>${new_lang}</arg>
<arg>${expected_language}</arg>
<doc>Fails if ``container`` does not contain ``item`` one or more times.</doc>
<status status="PASS" start="2025-03-13T03:37:40.696210" elapsed="0.000247"/>
</kw>
<arg>th</arg>
<arg>ไทย</arg>
<status status="PASS" start="2025-03-13T03:37:34.340832" elapsed="6.355721"/>
</kw>
<kw name="Get Source" owner="SeleniumLibrary">
<msg time="2025-03-13T03:37:40.705668" level="INFO">${html_source} = &lt;html lang="en" style="height: auto;"&gt;&lt;head&gt;&lt;style type="text/css"&gt;.swal-icon--error{border-color:#f27474;-webkit-animation:animateErrorIcon .5s;animation:animateErrorIcon .5s}.swal-icon--error__x-mar...</msg>
<var>${html_source}</var>
<doc>Returns the entire HTML source of the current page or frame.</doc>
<status status="PASS" start="2025-03-13T03:37:40.697052" elapsed="0.008705"/>
</kw>
<for flavor="IN">
<iter>
<kw name="Should Contain" owner="BuiltIn">
<arg>${html_source}</arg>
<arg>${word}</arg>
<doc>Fails if ``container`` does not contain ``item`` one or more times.</doc>
<status status="PASS" start="2025-03-13T03:37:40.706704" elapsed="0.000333"/>
</kw>
<var name="${word}">ระบบจัดการข้อมูลการวิจัย</var>
<status status="PASS" start="2025-03-13T03:37:40.706492" elapsed="0.000649"/>
</iter>
<iter>
<kw name="Should Contain" owner="BuiltIn">
<arg>${html_source}</arg>
<arg>${word}</arg>
<doc>Fails if ``container`` does not contain ``item`` one or more times.</doc>
<status status="PASS" start="2025-03-13T03:37:40.707692" elapsed="0.000308"/>
</kw>
<var name="${word}">ยินดีต้อนรับเข้าสู่ระบบจัดการข้อมูลวิจัยของสาขาวิชาวิทยาการคอมพิวเตอร์</var>
<status status="PASS" start="2025-03-13T03:37:40.707494" elapsed="0.000602"/>
</iter>
<iter>
<kw name="Should Contain" owner="BuiltIn">
<arg>${html_source}</arg>
<arg>${word}</arg>
<doc>Fails if ``container`` does not contain ``item`` one or more times.</doc>
<status status="PASS" start="2025-03-13T03:37:40.708448" elapsed="0.000283"/>
</kw>
<var name="${word}">สวัสดี</var>
<status status="PASS" start="2025-03-13T03:37:40.708297" elapsed="0.000527"/>
</iter>
<iter>
<kw name="Should Contain" owner="BuiltIn">
<arg>${html_source}</arg>
<arg>${word}</arg>
<doc>Fails if ``container`` does not contain ``item`` one or more times.</doc>
<status status="PASS" start="2025-03-13T03:37:40.709149" elapsed="0.000285"/>
</kw>
<var name="${word}">แดชบอร์ด</var>
<status status="PASS" start="2025-03-13T03:37:40.709003" elapsed="0.000518"/>
</iter>
<iter>
<kw name="Should Contain" owner="BuiltIn">
<arg>${html_source}</arg>
<arg>${word}</arg>
<doc>Fails if ``container`` does not contain ``item`` one or more times.</doc>
<status status="PASS" start="2025-03-13T03:37:40.709870" elapsed="0.000287"/>
</kw>
<var name="${word}">โปรไฟล์</var>
<status status="PASS" start="2025-03-13T03:37:40.709717" elapsed="0.000531"/>
</iter>
<iter>
<kw name="Should Contain" owner="BuiltIn">
<arg>${html_source}</arg>
<arg>${word}</arg>
<doc>Fails if ``container`` does not contain ``item`` one or more times.</doc>
<status status="PASS" start="2025-03-13T03:37:40.711466" elapsed="0.000597"/>
</kw>
<var name="${word}">โปรไฟล์ผู้ใช้</var>
<status status="PASS" start="2025-03-13T03:37:40.711310" elapsed="0.000850"/>
</iter>
<iter>
<kw name="Should Contain" owner="BuiltIn">
<arg>${html_source}</arg>
<arg>${word}</arg>
<doc>Fails if ``container`` does not contain ``item`` one or more times.</doc>
<status status="PASS" start="2025-03-13T03:37:40.712435" elapsed="0.000217"/>
</kw>
<var name="${word}">ตัวเลือก</var>
<status status="PASS" start="2025-03-13T03:37:40.712316" elapsed="0.000407"/>
</iter>
<iter>
<kw name="Should Contain" owner="BuiltIn">
<arg>${html_source}</arg>
<arg>${word}</arg>
<doc>Fails if ``container`` does not contain ``item`` one or more times.</doc>
<status status="PASS" start="2025-03-13T03:37:40.712968" elapsed="0.000281"/>
</kw>
<var name="${word}">วชรพล เกตวงษา</var>
<status status="PASS" start="2025-03-13T03:37:40.712850" elapsed="0.000509"/>
</iter>
<iter>
<kw name="Should Contain" owner="BuiltIn">
<arg>${html_source}</arg>
<arg>${word}</arg>
<doc>Fails if ``container`` does not contain ``item`` one or more times.</doc>
<status status="PASS" start="2025-03-13T03:37:40.713747" elapsed="0.000299"/>
</kw>
<var name="${word}">ออกจากระบบ</var>
<status status="PASS" start="2025-03-13T03:37:40.713543" elapsed="0.000597"/>
</iter>
<var>${word}</var>
<value>@{EXPECTED_WORDS_DASHBOARD_TH}</value>
<status status="PASS" start="2025-03-13T03:37:40.706145" elapsed="0.008401"/>
</for>
<kw name="Close Browser" owner="SeleniumLibrary">
<doc>Closes the current browser.</doc>
<status status="PASS" start="2025-03-13T03:37:40.715722" elapsed="3.231707"/>
</kw>
<tag>UAT001-OpenUserPage</tag>
<status status="PASS" start="2025-03-13T03:37:25.847966" elapsed="18.104146"/>
</test>
<test id="s1-s1-t2" name="Dashboard Page Switch Language To EN" line="146">
<kw name="Open Browser To Login Page">
<kw name="Evaluate" owner="BuiltIn">
<msg time="2025-03-13T03:37:43.959596" level="INFO">${chrome_options} = &lt;selenium.webdriver.chrome.options.Options object at 0x0000029CE4F04050&gt;</msg>
<var>${chrome_options}</var>
<arg>sys.modules['selenium.webdriver'].ChromeOptions()</arg>
<arg>sys</arg>
<doc>Evaluates the given expression in Python and returns the result.</doc>
<status status="PASS" start="2025-03-13T03:37:43.959100" elapsed="0.000574"/>
</kw>
<kw name="Call Method" owner="BuiltIn">
<arg>${chrome_options}</arg>
<arg>add_argument</arg>
<arg>--disable-gpu</arg>
<doc>Calls the named method of the given object with the provided arguments.</doc>
<status status="PASS" start="2025-03-13T03:37:43.959957" elapsed="0.000320"/>
</kw>
<kw name="Call Method" owner="BuiltIn">
<arg>${chrome_options}</arg>
<arg>add_argument</arg>
<arg>--no-sandbox</arg>
<doc>Calls the named method of the given object with the provided arguments.</doc>
<status status="PASS" start="2025-03-13T03:37:43.960526" elapsed="0.000296"/>
</kw>
<kw name="Call Method" owner="BuiltIn">
<arg>${chrome_options}</arg>
<arg>add_argument</arg>
<arg>--disable-dev-shm-usage</arg>
<doc>Calls the named method of the given object with the provided arguments.</doc>
<status status="PASS" start="2025-03-13T03:37:43.964714" elapsed="0.000289"/>
</kw>
<kw name="Call Method" owner="BuiltIn">
<arg>${chrome_options}</arg>
<arg>add_argument</arg>
<arg>--start-maximized</arg>
<doc>Calls the named method of the given object with the provided arguments.</doc>
<status status="PASS" start="2025-03-13T03:37:43.965207" elapsed="0.000174"/>
</kw>
<kw name="Call Method" owner="BuiltIn">
<arg>${chrome_options}</arg>
<arg>add_argument</arg>
<arg>--disable-extensions</arg>
<doc>Calls the named method of the given object with the provided arguments.</doc>
<status status="PASS" start="2025-03-13T03:37:43.965640" elapsed="0.000341"/>
</kw>
<kw name="Call Method" owner="BuiltIn">
<arg>${chrome_options}</arg>
<arg>add_argument</arg>
<arg>--disable-popup-blocking</arg>
<doc>Calls the named method of the given object with the provided arguments.</doc>
<status status="PASS" start="2025-03-13T03:37:43.966424" elapsed="0.000349"/>
</kw>
<kw name="Call Method" owner="BuiltIn">
<arg>${chrome_options}</arg>
<arg>add_argument</arg>
<arg>--disable-infobars</arg>
<doc>Calls the named method of the given object with the provided arguments.</doc>
<status status="PASS" start="2025-03-13T03:37:43.967233" elapsed="0.000348"/>
</kw>
<kw name="Set Variable" owner="BuiltIn">
<msg time="2025-03-13T03:37:43.968296" level="INFO">${chrome_options.binary_location} = E:/Software Engineering/chromefortesting/chrome.exe</msg>
<var>${chrome_options.binary_location}</var>
<arg>${CHROME_BROWSER_PATH}</arg>
<doc>Returns the given values which can then be assigned to a variables.</doc>
<status status="PASS" start="2025-03-13T03:37:43.967888" elapsed="0.000495"/>
</kw>
<kw name="Evaluate" owner="BuiltIn">
<msg time="2025-03-13T03:37:43.975727" level="INFO">${service} = &lt;selenium.webdriver.chrome.service.Service object at 0x0000029CE4E73ED0&gt;</msg>
<var>${service}</var>
<arg>sys.modules["selenium.webdriver.chrome.service"].Service(executable_path=r"${CHROME_DRIVER_PATH}")</arg>
<doc>Evaluates the given expression in Python and returns the result.</doc>
<status status="PASS" start="2025-03-13T03:37:43.968650" elapsed="0.007218"/>
</kw>
<kw name="Create Webdriver" owner="SeleniumLibrary">
<msg time="2025-03-13T03:37:43.982454" level="INFO">Creating an instance of the Chrome WebDriver.</msg>
<arg>Chrome</arg>
<arg>options=${chrome_options}</arg>
<arg>service=${service}</arg>
<doc>Creates an instance of Selenium WebDriver.</doc>
<status status="PASS" start="2025-03-13T03:37:43.977068" elapsed="1.235071"/>
</kw>
<kw name="Go To" owner="SeleniumLibrary">
<msg time="2025-03-13T03:37:45.212644" level="INFO">Opening url 'https://csgroup568.cpkkuhost.com/login'</msg>
<arg>${LOGIN URL}</arg>
<doc>Navigates the current browser window to the provided ``url``.</doc>
<status status="PASS" start="2025-03-13T03:37:45.212416" elapsed="2.084504"/>
</kw>
<kw name="Login Page Should Be Open">
<kw name="Location Should Be" owner="SeleniumLibrary">
<msg time="2025-03-13T03:37:47.310756" level="INFO">Current location is 'https://csgroup568.cpkkuhost.com/login'.</msg>
<arg>${LOGIN URL}</arg>
<doc>Verifies that the current URL is exactly ``url``.</doc>
<status status="PASS" start="2025-03-13T03:37:47.298993" elapsed="0.011912"/>
</kw>
<status status="PASS" start="2025-03-13T03:37:47.297647" elapsed="0.013430"/>
</kw>
<kw name="Maximize Browser Window" owner="SeleniumLibrary">
<doc>Maximizes current browser window.</doc>
<status status="PASS" start="2025-03-13T03:37:47.311291" elapsed="0.005450"/>
</kw>
<status status="PASS" start="2025-03-13T03:37:43.958778" elapsed="3.358125"/>
</kw>
<kw name="Login Page Should Be Open">
<kw name="Location Should Be" owner="SeleniumLibrary">
<msg time="2025-03-13T03:37:47.326278" level="INFO">Current location is 'https://csgroup568.cpkkuhost.com/login'.</msg>
<arg>${LOGIN URL}</arg>
<doc>Verifies that the current URL is exactly ``url``.</doc>
<status status="PASS" start="2025-03-13T03:37:47.317803" elapsed="0.008674"/>
</kw>
<status status="PASS" start="2025-03-13T03:37:47.317424" elapsed="0.009274"/>
</kw>
<kw name="User Login">
<kw name="Input Text" owner="SeleniumLibrary">
<msg time="2025-03-13T03:37:47.328144" level="INFO">Typing text '615020084-7' into text field 'id=username'.</msg>
<arg>id=username</arg>
<arg>${USER_USERNAME}</arg>
<doc>Types the given ``text`` into the text field identified by ``locator``.</doc>
<status status="PASS" start="2025-03-13T03:37:47.327872" elapsed="0.070928"/>
</kw>
<kw name="Input Text" owner="SeleniumLibrary">
<msg time="2025-03-13T03:37:47.399531" level="INFO">Typing text '615020084-7' into text field 'id=password'.</msg>
<arg>id=password</arg>
<arg>${USER_PASSWORD}</arg>
<doc>Types the given ``text`` into the text field identified by ``locator``.</doc>
<status status="PASS" start="2025-03-13T03:37:47.399063" elapsed="0.069243"/>
</kw>
<kw name="Click Button" owner="SeleniumLibrary">
<msg time="2025-03-13T03:37:47.468812" level="INFO">Clicking button 'xpath=//button[@type='submit']'.</msg>
<arg>xpath=//button[@type='submit']</arg>
<doc>Clicks the button identified by ``locator``.</doc>
<status status="PASS" start="2025-03-13T03:37:47.468566" elapsed="2.929383"/>
</kw>
<kw name="Sleep" owner="BuiltIn">
<msg time="2025-03-13T03:37:52.398975" level="INFO">Slept 2 seconds.</msg>
<arg>2s</arg>
<doc>Pauses the test executed for the given time.</doc>
<status status="PASS" start="2025-03-13T03:37:50.398167" elapsed="2.001026"/>
</kw>
<kw name="Location Should Be" owner="SeleniumLibrary">
<msg time="2025-03-13T03:37:52.412106" level="INFO">Current location is 'https://csgroup568.cpkkuhost.com/dashboard'.</msg>
<arg>${USER URL}</arg>
<doc>Verifies that the current URL is exactly ``url``.</doc>
<status status="PASS" start="2025-03-13T03:37:52.399484" elapsed="0.012737"/>
</kw>
<status status="PASS" start="2025-03-13T03:37:47.327438" elapsed="5.085011"/>
</kw>
<kw name="Sleep" owner="BuiltIn">
<msg time="2025-03-13T03:37:54.414110" level="INFO">Slept 2 seconds.</msg>
<arg>2s</arg>
<doc>Pauses the test executed for the given time.</doc>
<status status="PASS" start="2025-03-13T03:37:52.413169" elapsed="2.001207"/>
</kw>
<kw name="Switch Language To">
<if>
<branch type="IF" condition="'${lang_code}' == 'en'">
<kw name="Get Text" owner="SeleniumLibrary">
<msg time="2025-03-13T03:37:54.460968" level="INFO">${new_lang} = English</msg>
<var>${new_lang}</var>
<arg>id=navbarDropdownMenuLink</arg>
<doc>Returns the text value of the element identified by ``locator``.</doc>
<status status="PASS" start="2025-03-13T03:37:54.417070" elapsed="0.043991"/>
</kw>
<kw name="Should Contain" owner="BuiltIn">
<arg>${new_lang}</arg>
<arg>${expected_language}</arg>
<doc>Fails if ``container`` does not contain ``item`` one or more times.</doc>
<status status="PASS" start="2025-03-13T03:37:54.461350" elapsed="0.000353"/>
</kw>
<return>
<status status="PASS" start="2025-03-13T03:37:54.461838" elapsed="0.000136"/>
</return>
<status status="PASS" start="2025-03-13T03:37:54.416440" elapsed="0.045637"/>
</branch>
<status status="PASS" start="2025-03-13T03:37:54.416370" elapsed="0.045791"/>
</if>
<kw name="Wait Until Element Is Visible" owner="SeleniumLibrary">
<arg>id=navbarDropdownMenuLink</arg>
<arg>10s</arg>
<doc>Waits until the element ``locator`` is visible.</doc>
<status status="NOT RUN" start="2025-03-13T03:37:54.462505" elapsed="0.000083"/>
</kw>
<kw name="Mouse Over" owner="SeleniumLibrary">
<arg>id=navbarDropdownMenuLink</arg>
<doc>Simulates hovering the mouse over the element ``locator``.</doc>
<status status="NOT RUN" start="2025-03-13T03:37:54.462801" elapsed="0.000047"/>
</kw>
<kw name="Click Element" owner="SeleniumLibrary">
<arg>id=navbarDropdownMenuLink</arg>
<doc>Click the element identified by ``locator``.</doc>
<status status="NOT RUN" start="2025-03-13T03:37:54.463021" elapsed="0.000047"/>
</kw>
<kw name="Execute Javascript" owner="SeleniumLibrary">
<arg>document.querySelector('#navbarDropdownMenuLink').click();</arg>
<doc>Executes the given JavaScript code with possible arguments.</doc>
<status status="NOT RUN" start="2025-03-13T03:37:54.463304" elapsed="0.000049"/>
</kw>
<kw name="Wait Until Element Is Visible" owner="SeleniumLibrary">
<arg>xpath=//div[contains(@class, 'dropdown-menu')]</arg>
<arg>10s</arg>
<doc>Waits until the element ``locator`` is visible.</doc>
<status status="NOT RUN" start="2025-03-13T03:37:54.463521" elapsed="0.000050"/>
</kw>
<kw name="Get Element Attribute" owner="SeleniumLibrary">
<var>${dropdown_html}</var>
<arg>xpath=//div[contains(@class, 'dropdown-menu')]</arg>
<arg>innerHTML</arg>
<doc>Returns the value of ``attribute`` from the element ``locator``.</doc>
<status status="NOT RUN" start="2025-03-13T03:37:54.463748" elapsed="0.000045"/>
</kw>
<kw name="Log" owner="BuiltIn">
<arg>Dropdown HTML: ${dropdown_html}</arg>
<doc>Logs the given message with the given level.</doc>
<status status="NOT RUN" start="2025-03-13T03:37:54.463969" elapsed="0.000046"/>
</kw>
<kw name="Click Element" owner="SeleniumLibrary">
<arg>xpath=//a[contains(@href, "/lang/${lang_code}")]</arg>
<doc>Click the element identified by ``locator``.</doc>
<status status="NOT RUN" start="2025-03-13T03:37:54.464214" elapsed="0.000044"/>
</kw>
<kw name="Sleep" owner="BuiltIn">
<arg>5s</arg>
<doc>Pauses the test executed for the given time.</doc>
<status status="NOT RUN" start="2025-03-13T03:37:54.464405" elapsed="0.000044"/>
</kw>
<kw name="Get Text" owner="SeleniumLibrary">
<var>${new_lang}</var>
<arg>id=navbarDropdownMenuLink</arg>
<doc>Returns the text value of the element identified by ``locator``.</doc>
<status status="NOT RUN" start="2025-03-13T03:37:54.464607" elapsed="0.000042"/>
</kw>
<kw name="Should Contain" owner="BuiltIn">
<arg>${new_lang}</arg>
<arg>${expected_language}</arg>
<doc>Fails if ``container`` does not contain ``item`` one or more times.</doc>
<status status="NOT RUN" start="2025-03-13T03:37:54.464808" elapsed="0.000043"/>
</kw>
<arg>en</arg>
<arg>English</arg>
<status status="PASS" start="2025-03-13T03:37:54.415651" elapsed="0.049347"/>
</kw>
<kw name="Get Source" owner="SeleniumLibrary">
<msg time="2025-03-13T03:37:54.477748" level="INFO">${html_source} = &lt;html lang="en" style="height: auto;"&gt;&lt;head&gt;&lt;style type="text/css"&gt;.swal-icon--error{border-color:#f27474;-webkit-animation:animateErrorIcon .5s;animation:animateErrorIcon .5s}.swal-icon--error__x-mar...</msg>
<var>${html_source}</var>
<doc>Returns the entire HTML source of the current page or frame.</doc>
<status status="PASS" start="2025-03-13T03:37:54.465743" elapsed="0.012095"/>
</kw>
<for flavor="IN">
<iter>
<kw name="Should Contain" owner="BuiltIn">
<arg>${html_source}</arg>
<arg>${word}</arg>
<doc>Fails if ``container`` does not contain ``item`` one or more times.</doc>
<status status="PASS" start="2025-03-13T03:37:54.478840" elapsed="0.000335"/>
</kw>
<var name="${word}">Research Information Management System</var>
<status status="PASS" start="2025-03-13T03:37:54.478642" elapsed="0.000634"/>
</iter>
<iter>
<kw name="Should Contain" owner="BuiltIn">
<arg>${html_source}</arg>
<arg>${word}</arg>
<doc>Fails if ``container`` does not contain ``item`` one or more times.</doc>
<status status="PASS" start="2025-03-13T03:37:54.479594" elapsed="0.000282"/>
</kw>
<var name="${word}">Welcome to the Research Information Management System of the Computer Science Department</var>
<status status="PASS" start="2025-03-13T03:37:54.479451" elapsed="0.000520"/>
</iter>
<iter>
<kw name="Should Contain" owner="BuiltIn">
<arg>${html_source}</arg>
<arg>${word}</arg>
<doc>Fails if ``container`` does not contain ``item`` one or more times.</doc>
<status status="PASS" start="2025-03-13T03:37:54.480277" elapsed="0.000386"/>
</kw>
<var name="${word}">Hello</var>
<status status="PASS" start="2025-03-13T03:37:54.480139" elapsed="0.000628"/>
</iter>
<iter>
<kw name="Should Contain" owner="BuiltIn">
<arg>${html_source}</arg>
<arg>${word}</arg>
<doc>Fails if ``container`` does not contain ``item`` one or more times.</doc>
<status status="PASS" start="2025-03-13T03:37:54.481087" elapsed="0.000276"/>
</kw>
<var name="${word}">Dashboard</var>
<status status="PASS" start="2025-03-13T03:37:54.480941" elapsed="0.000526"/>
</iter>
<iter>
<kw name="Should Contain" owner="BuiltIn">
<arg>${html_source}</arg>
<arg>${word}</arg>
<doc>Fails if ``container`` does not contain ``item`` one or more times.</doc>
<status status="PASS" start="2025-03-13T03:37:54.481765" elapsed="0.000280"/>
</kw>
<var name="${word}">Profile</var>
<status status="PASS" start="2025-03-13T03:37:54.481631" elapsed="0.000501"/>
</iter>
<iter>
<kw name="Should Contain" owner="BuiltIn">
<arg>${html_source}</arg>
<arg>${word}</arg>
<doc>Fails if ``container`` does not contain ``item`` one or more times.</doc>
<status status="PASS" start="2025-03-13T03:37:54.482854" elapsed="0.000461"/>
</kw>
<var name="${word}">User Profile</var>
<status status="PASS" start="2025-03-13T03:37:54.482679" elapsed="0.000843"/>
</iter>
<iter>
<kw name="Should Contain" owner="BuiltIn">
<arg>${html_source}</arg>
<arg>${word}</arg>
<doc>Fails if ``container`` does not contain ``item`` one or more times.</doc>
<status status="PASS" start="2025-03-13T03:37:54.484082" elapsed="0.000339"/>
</kw>
<var name="${word}">Option</var>
<status status="PASS" start="2025-03-13T03:37:54.483918" elapsed="0.000598"/>
</iter>
<iter>
<kw name="Should Contain" owner="BuiltIn">
<arg>${html_source}</arg>
<arg>${word}</arg>
<doc>Fails if ``container`` does not contain ``item`` one or more times.</doc>
<status status="PASS" start="2025-03-13T03:37:54.484827" elapsed="0.000282"/>
</kw>
<var name="${word}">Logout</var>
<status status="PASS" start="2025-03-13T03:37:54.484682" elapsed="0.000519"/>
</iter>
<var>${word}</var>
<value>@{EXPECTED_WORDS_USER_EN}</value>
<status status="PASS" start="2025-03-13T03:37:54.478293" elapsed="0.006993"/>
</for>
<kw name="Close Browser" owner="SeleniumLibrary">
<doc>Closes the current browser.</doc>
<status status="PASS" start="2025-03-13T03:37:54.485659" elapsed="2.760697"/>
</kw>
<tag>UAT001-OpenUserPage</tag>
<status status="PASS" start="2025-03-13T03:37:43.957989" elapsed="13.288839"/>
</test>
<test id="s1-s1-t3" name="Dashboard Page Switch Language To ZH" line="159">
<kw name="Open Browser To Login Page">
<kw name="Evaluate" owner="BuiltIn">
<msg time="2025-03-13T03:37:57.248431" level="INFO">${chrome_options} = &lt;selenium.webdriver.chrome.options.Options object at 0x0000029CE5845810&gt;</msg>
<var>${chrome_options}</var>
<arg>sys.modules['selenium.webdriver'].ChromeOptions()</arg>
<arg>sys</arg>
<doc>Evaluates the given expression in Python and returns the result.</doc>
<status status="PASS" start="2025-03-13T03:37:57.248255" elapsed="0.000196"/>
</kw>
<kw name="Call Method" owner="BuiltIn">
<arg>${chrome_options}</arg>
<arg>add_argument</arg>
<arg>--disable-gpu</arg>
<doc>Calls the named method of the given object with the provided arguments.</doc>
<status status="PASS" start="2025-03-13T03:37:57.248529" elapsed="0.000084"/>
</kw>
<kw name="Call Method" owner="BuiltIn">
<arg>${chrome_options}</arg>
<arg>add_argument</arg>
<arg>--no-sandbox</arg>
<doc>Calls the named method of the given object with the provided arguments.</doc>
<status status="PASS" start="2025-03-13T03:37:57.248792" elapsed="0.000234"/>
</kw>
<kw name="Call Method" owner="BuiltIn">
<arg>${chrome_options}</arg>
<arg>add_argument</arg>
<arg>--disable-dev-shm-usage</arg>
<doc>Calls the named method of the given object with the provided arguments.</doc>
<status status="PASS" start="2025-03-13T03:37:57.249215" elapsed="0.000186"/>
</kw>
<kw name="Call Method" owner="BuiltIn">
<arg>${chrome_options}</arg>
<arg>add_argument</arg>
<arg>--start-maximized</arg>
<doc>Calls the named method of the given object with the provided arguments.</doc>
<status status="PASS" start="2025-03-13T03:37:57.249575" elapsed="0.000208"/>
</kw>
<kw name="Call Method" owner="BuiltIn">
<arg>${chrome_options}</arg>
<arg>add_argument</arg>
<arg>--disable-extensions</arg>
<doc>Calls the named method of the given object with the provided arguments.</doc>
<status status="PASS" start="2025-03-13T03:37:57.249839" elapsed="0.000060"/>
</kw>
<kw name="Call Method" owner="BuiltIn">
<arg>${chrome_options}</arg>
<arg>add_argument</arg>
<arg>--disable-popup-blocking</arg>
<doc>Calls the named method of the given object with the provided arguments.</doc>
<status status="PASS" start="2025-03-13T03:37:57.249948" elapsed="0.000061"/>
</kw>
<kw name="Call Method" owner="BuiltIn">
<arg>${chrome_options}</arg>
<arg>add_argument</arg>
<arg>--disable-infobars</arg>
<doc>Calls the named method of the given object with the provided arguments.</doc>
<status status="PASS" start="2025-03-13T03:37:57.250061" elapsed="0.000061"/>
</kw>
<kw name="Set Variable" owner="BuiltIn">
<msg time="2025-03-13T03:37:57.250485" level="INFO">${chrome_options.binary_location} = E:/Software Engineering/chromefortesting/chrome.exe</msg>
<var>${chrome_options.binary_location}</var>
<arg>${CHROME_BROWSER_PATH}</arg>
<doc>Returns the given values which can then be assigned to a variables.</doc>
<status status="PASS" start="2025-03-13T03:37:57.250232" elapsed="0.000312"/>
</kw>
<kw name="Evaluate" owner="BuiltIn">
<msg time="2025-03-13T03:37:57.251567" level="INFO">${service} = &lt;selenium.webdriver.chrome.service.Service object at 0x0000029CE5845950&gt;</msg>
<var>${service}</var>
<arg>sys.modules["selenium.webdriver.chrome.service"].Service(executable_path=r"${CHROME_DRIVER_PATH}")</arg>
<doc>Evaluates the given expression in Python and returns the result.</doc>
<status status="PASS" start="2025-03-13T03:37:57.250707" elapsed="0.000885"/>
</kw>
<kw name="Create Webdriver" owner="SeleniumLibrary">
<msg time="2025-03-13T03:37:57.251856" level="INFO">Creating an instance of the Chrome WebDriver.</msg>
<arg>Chrome</arg>
<arg>options=${chrome_options}</arg>
<arg>service=${service}</arg>
<doc>Creates an instance of Selenium WebDriver.</doc>
<status status="PASS" start="2025-03-13T03:37:57.251690" elapsed="1.211887"/>
</kw>
<kw name="Go To" owner="SeleniumLibrary">
<msg time="2025-03-13T03:37:58.464685" level="INFO">Opening url 'https://csgroup568.cpkkuhost.com/login'</msg>
<arg>${LOGIN URL}</arg>
<doc>Navigates the current browser window to the provided ``url``.</doc>
<status status="PASS" start="2025-03-13T03:37:58.464063" elapsed="2.087802"/>
</kw>
<kw name="Login Page Should Be Open">
<kw name="Location Should Be" owner="SeleniumLibrary">
<msg time="2025-03-13T03:38:00.564223" level="INFO">Current location is 'https://csgroup568.cpkkuhost.com/login'.</msg>
<arg>${LOGIN URL}</arg>
<doc>Verifies that the current URL is exactly ``url``.</doc>
<status status="PASS" start="2025-03-13T03:38:00.553271" elapsed="0.011140"/>
</kw>
<status status="PASS" start="2025-03-13T03:38:00.552531" elapsed="0.012099"/>
</kw>
<kw name="Maximize Browser Window" owner="SeleniumLibrary">
<doc>Maximizes current browser window.</doc>
<status status="PASS" start="2025-03-13T03:38:00.564928" elapsed="0.007569"/>
</kw>
<status status="PASS" start="2025-03-13T03:37:57.248067" elapsed="3.324627"/>
</kw>
<kw name="Login Page Should Be Open">
<kw name="Location Should Be" owner="SeleniumLibrary">
<msg time="2025-03-13T03:38:00.585986" level="INFO">Current location is 'https://csgroup568.cpkkuhost.com/login'.</msg>
<arg>${LOGIN URL}</arg>
<doc>Verifies that the current URL is exactly ``url``.</doc>
<status status="PASS" start="2025-03-13T03:38:00.574768" elapsed="0.011435"/>
</kw>
<status status="PASS" start="2025-03-13T03:38:00.573733" elapsed="0.012650"/>
</kw>
<kw name="User Login">
<kw name="Input Text" owner="SeleniumLibrary">
<msg time="2025-03-13T03:38:00.589638" level="INFO">Typing text '615020084-7' into text field 'id=username'.</msg>
<arg>id=username</arg>
<arg>${USER_USERNAME}</arg>
<doc>Types the given ``text`` into the text field identified by ``locator``.</doc>
<status status="PASS" start="2025-03-13T03:38:00.588955" elapsed="0.078456"/>
</kw>
<kw name="Input Text" owner="SeleniumLibrary">
<msg time="2025-03-13T03:38:00.668185" level="INFO">Typing text '615020084-7' into text field 'id=password'.</msg>
<arg>id=password</arg>
<arg>${USER_PASSWORD}</arg>
<doc>Types the given ``text`` into the text field identified by ``locator``.</doc>
<status status="PASS" start="2025-03-13T03:38:00.667802" elapsed="0.067076"/>
</kw>
<kw name="Click Button" owner="SeleniumLibrary">
<msg time="2025-03-13T03:38:00.735350" level="INFO">Clicking button 'xpath=//button[@type='submit']'.</msg>
<arg>xpath=//button[@type='submit']</arg>
<doc>Clicks the button identified by ``locator``.</doc>
<status status="PASS" start="2025-03-13T03:38:00.735126" elapsed="0.058109"/>
</kw>
<kw name="Sleep" owner="BuiltIn">
<msg time="2025-03-13T03:38:02.793970" level="INFO">Slept 2 seconds.</msg>
<arg>2s</arg>
<doc>Pauses the test executed for the given time.</doc>
<status status="PASS" start="2025-03-13T03:38:00.793587" elapsed="2.000510"/>
</kw>
<kw name="Location Should Be" owner="SeleniumLibrary">
<msg time="2025-03-13T03:38:03.701026" level="INFO">Current location is 'https://csgroup568.cpkkuhost.com/dashboard'.</msg>
<arg>${USER URL}</arg>
<doc>Verifies that the current URL is exactly ``url``.</doc>
<status status="PASS" start="2025-03-13T03:38:02.794328" elapsed="0.906863"/>
</kw>
<status status="PASS" start="2025-03-13T03:38:00.588012" elapsed="3.113374"/>
</kw>
<kw name="Sleep" owner="BuiltIn">
<msg time="2025-03-13T03:38:05.702907" level="INFO">Slept 2 seconds.</msg>
<arg>2s</arg>
<doc>Pauses the test executed for the given time.</doc>
<status status="PASS" start="2025-03-13T03:38:03.702015" elapsed="2.001083"/>
</kw>
<kw name="Switch Language To">
<if>
<branch type="IF" condition="'${lang_code}' == 'en'">
<kw name="Get Text" owner="SeleniumLibrary">
<var>${new_lang}</var>
<arg>id=navbarDropdownMenuLink</arg>
<doc>Returns the text value of the element identified by ``locator``.</doc>
<status status="NOT RUN" start="2025-03-13T03:38:05.705359" elapsed="0.000156"/>
</kw>
<kw name="Should Contain" owner="BuiltIn">
<arg>${new_lang}</arg>
<arg>${expected_language}</arg>
<doc>Fails if ``container`` does not contain ``item`` one or more times.</doc>
<status status="NOT RUN" start="2025-03-13T03:38:05.708074" elapsed="0.000106"/>
</kw>
<return>
<status status="NOT RUN" start="2025-03-13T03:38:05.708314" elapsed="0.000059"/>
</return>
<status status="NOT RUN" start="2025-03-13T03:38:05.704334" elapsed="0.004118"/>
</branch>
<status status="PASS" start="2025-03-13T03:38:05.704297" elapsed="0.004229"/>
</if>
<kw name="Wait Until Element Is Visible" owner="SeleniumLibrary">
<arg>id=navbarDropdownMenuLink</arg>
<arg>10s</arg>
<doc>Waits until the element ``locator`` is visible.</doc>
<status status="PASS" start="2025-03-13T03:38:05.708762" elapsed="0.047084"/>
</kw>
<kw name="Mouse Over" owner="SeleniumLibrary">
<msg time="2025-03-13T03:38:05.756485" level="INFO">Simulating Mouse Over on element 'id=navbarDropdownMenuLink'.</msg>
<arg>id=navbarDropdownMenuLink</arg>
<doc>Simulates hovering the mouse over the element ``locator``.</doc>
<status status="PASS" start="2025-03-13T03:38:05.756164" elapsed="0.292068"/>
</kw>
<kw name="Click Element" owner="SeleniumLibrary">
<msg time="2025-03-13T03:38:06.048883" level="INFO">Clicking element 'id=navbarDropdownMenuLink'.</msg>
<arg>id=navbarDropdownMenuLink</arg>
<doc>Click the element identified by ``locator``.</doc>
<status status="PASS" start="2025-03-13T03:38:06.048563" elapsed="0.148913"/>
</kw>
<kw name="Execute Javascript" owner="SeleniumLibrary">
<msg time="2025-03-13T03:38:06.198391" level="INFO">Executing JavaScript:
document.querySelector('#navbarDropdownMenuLink').click();
Without any arguments.</msg>
<arg>document.querySelector('#navbarDropdownMenuLink').click();</arg>
<doc>Executes the given JavaScript code with possible arguments.</doc>
<status status="PASS" start="2025-03-13T03:38:06.197796" elapsed="0.026189"/>
</kw>
<kw name="Wait Until Element Is Visible" owner="SeleniumLibrary">
<arg>xpath=//div[contains(@class, 'dropdown-menu')]</arg>
<arg>10s</arg>
<doc>Waits until the element ``locator`` is visible.</doc>
<status status="PASS" start="2025-03-13T03:38:06.224266" elapsed="0.033390"/>
</kw>
<kw name="Get Element Attribute" owner="SeleniumLibrary">
<msg time="2025-03-13T03:38:06.279569" level="INFO">${dropdown_html} = 
                                                                                                                                            &lt;a class="dropdown-item" href="https://csgroup568.cpkkuhost...</msg>
<var>${dropdown_html}</var>
<arg>xpath=//div[contains(@class, 'dropdown-menu')]</arg>
<arg>innerHTML</arg>
<doc>Returns the value of ``attribute`` from the element ``locator``.</doc>
<status status="PASS" start="2025-03-13T03:38:06.258034" elapsed="0.021622"/>
</kw>
<kw name="Log" owner="BuiltIn">
<msg time="2025-03-13T03:38:06.280352" level="INFO">Dropdown HTML: 
                                                                                                                                            &lt;a class="dropdown-item" href="https://csgroup568.cpkkuhost.com/lang/th"&gt;&lt;span class="flag-icon flag-icon-th"&gt;&lt;/span&gt;
                                ไทย&lt;/a&gt;
                                                                                                                &lt;a class="dropdown-item" href="https://csgroup568.cpkkuhost.com/lang/zh"&gt;&lt;span class="flag-icon flag-icon-cn"&gt;&lt;/span&gt;
                                中文&lt;/a&gt;
                                                                                </msg>
<arg>Dropdown HTML: ${dropdown_html}</arg>
<doc>Logs the given message with the given level.</doc>
<status status="PASS" start="2025-03-13T03:38:06.279987" elapsed="0.000518"/>
</kw>
<kw name="Click Element" owner="SeleniumLibrary">
<msg time="2025-03-13T03:38:06.281967" level="INFO">Clicking element 'xpath=//a[contains(@href, "/lang/zh")]'.</msg>
<arg>xpath=//a[contains(@href, "/lang/${lang_code}")]</arg>
<doc>Click the element identified by ``locator``.</doc>
<status status="PASS" start="2025-03-13T03:38:06.280791" elapsed="0.849781"/>
</kw>
<kw name="Sleep" owner="BuiltIn">
<msg time="2025-03-13T03:38:12.131514" level="INFO">Slept 5 seconds.</msg>
<arg>5s</arg>
<doc>Pauses the test executed for the given time.</doc>
<status status="PASS" start="2025-03-13T03:38:07.130843" elapsed="5.000880"/>
</kw>
<kw name="Get Text" owner="SeleniumLibrary">
<msg time="2025-03-13T03:38:12.153973" level="INFO">${new_lang} = 中文</msg>
<var>${new_lang}</var>
<arg>id=navbarDropdownMenuLink</arg>
<doc>Returns the text value of the element identified by ``locator``.</doc>
<status status="PASS" start="2025-03-13T03:38:12.132978" elapsed="0.021050"/>
</kw>
<kw name="Should Contain" owner="BuiltIn">
<arg>${new_lang}</arg>
<arg>${expected_language}</arg>
<doc>Fails if ``container`` does not contain ``item`` one or more times.</doc>
<status status="PASS" start="2025-03-13T03:38:12.154230" elapsed="0.000220"/>
</kw>
<arg>zh</arg>
<arg>中文</arg>
<status status="PASS" start="2025-03-13T03:38:05.703877" elapsed="6.450664"/>
</kw>
<kw name="Get Source" owner="SeleniumLibrary">
<msg time="2025-03-13T03:38:12.159668" level="INFO">${html_source} = &lt;html lang="en" style="height: auto;"&gt;&lt;head&gt;&lt;style type="text/css"&gt;.swal-icon--error{border-color:#f27474;-webkit-animation:animateErrorIcon .5s;animation:animateErrorIcon .5s}.swal-icon--error__x-mar...</msg>
<var>${html_source}</var>
<doc>Returns the entire HTML source of the current page or frame.</doc>
<status status="PASS" start="2025-03-13T03:38:12.154894" elapsed="0.004829"/>
</kw>
<for flavor="IN">
<iter>
<kw name="Should Contain" owner="BuiltIn">
<arg>${html_source}</arg>
<arg>${word}</arg>
<doc>Fails if ``container`` does not contain ``item`` one or more times.</doc>
<status status="PASS" start="2025-03-13T03:38:12.160532" elapsed="0.000355"/>
</kw>
<var name="${word}">研究信息管理系统</var>
<status status="PASS" start="2025-03-13T03:38:12.160324" elapsed="0.000669"/>
</iter>
<iter>
<kw name="Should Contain" owner="BuiltIn">
<arg>${html_source}</arg>
<arg>${word}</arg>
<doc>Fails if ``container`` does not contain ``item`` one or more times.</doc>
<status status="PASS" start="2025-03-13T03:38:12.161358" elapsed="0.000313"/>
</kw>
<var name="${word}">欢迎来到计算机科学系的研究信息管理系统</var>
<status status="PASS" start="2025-03-13T03:38:12.161187" elapsed="0.000572"/>
</iter>
<iter>
<kw name="Should Contain" owner="BuiltIn">
<arg>${html_source}</arg>
<arg>${word}</arg>
<doc>Fails if ``container`` does not contain ``item`` one or more times.</doc>
<status status="PASS" start="2025-03-13T03:38:12.162119" elapsed="0.000278"/>
</kw>
<var name="${word}">你好</var>
<status status="PASS" start="2025-03-13T03:38:12.161952" elapsed="0.000849"/>
</iter>
<iter>
<kw name="Should Contain" owner="BuiltIn">
<arg>${html_source}</arg>
<arg>${word}</arg>
<doc>Fails if ``container`` does not contain ``item`` one or more times.</doc>
<status status="PASS" start="2025-03-13T03:38:12.163696" elapsed="0.000907"/>
</kw>
<var name="${word}">仪表板</var>
<status status="PASS" start="2025-03-13T03:38:12.163102" elapsed="0.001778"/>
</iter>
<iter>
<kw name="Should Contain" owner="BuiltIn">
<arg>${html_source}</arg>
<arg>${word}</arg>
<doc>Fails if ``container`` does not contain ``item`` one or more times.</doc>
<status status="PASS" start="2025-03-13T03:38:12.165430" elapsed="0.000405"/>
</kw>
<var name="${word}">个人资料</var>
<status status="PASS" start="2025-03-13T03:38:12.165246" elapsed="0.000700"/>
</iter>
<iter>
<kw name="Should Contain" owner="BuiltIn">
<arg>${html_source}</arg>
<arg>${word}</arg>
<doc>Fails if ``container`` does not contain ``item`` one or more times.</doc>
<status status="PASS" start="2025-03-13T03:38:12.166294" elapsed="0.000329"/>
</kw>
<var name="${word}">用户资料</var>
<status status="PASS" start="2025-03-13T03:38:12.166125" elapsed="0.000602"/>
</iter>
<iter>
<kw name="Should Contain" owner="BuiltIn">
<arg>${html_source}</arg>
<arg>${word}</arg>
<doc>Fails if ``container`` does not contain ``item`` one or more times.</doc>
<status status="PASS" start="2025-03-13T03:38:12.167065" elapsed="0.000311"/>
</kw>
<var name="${word}">选项</var>
<status status="PASS" start="2025-03-13T03:38:12.166905" elapsed="0.000593"/>
</iter>
<iter>
<kw name="Should Contain" owner="BuiltIn">
<arg>${html_source}</arg>
<arg>${word}</arg>
<doc>Fails if ``container`` does not contain ``item`` one or more times.</doc>
<status status="PASS" start="2025-03-13T03:38:12.167815" elapsed="0.000289"/>
</kw>
<var name="${word}">退出系统</var>
<status status="PASS" start="2025-03-13T03:38:12.167669" elapsed="0.000522"/>
</iter>
<var>${word}</var>
<value>@{EXPECTED_WORDS_USER_CN}</value>
<status status="PASS" start="2025-03-13T03:38:12.160019" elapsed="0.008259"/>
</for>
<kw name="Close Browser" owner="SeleniumLibrary">
<doc>Closes the current browser.</doc>
<status status="PASS" start="2025-03-13T03:38:12.168871" elapsed="2.673400"/>
</kw>
<tag>UAT001-OpenUserPage</tag>
<status status="PASS" start="2025-03-13T03:37:57.247605" elapsed="17.602074"/>
</test>
<test id="s1-s1-t4" name="Profile Page Switch Language To TH" line="173">
<kw name="Open Browser To Login Page">
<kw name="Evaluate" owner="BuiltIn">
<msg time="2025-03-13T03:38:14.852179" level="INFO">${chrome_options} = &lt;selenium.webdriver.chrome.options.Options object at 0x0000029CE5737820&gt;</msg>
<var>${chrome_options}</var>
<arg>sys.modules['selenium.webdriver'].ChromeOptions()</arg>
<arg>sys</arg>
<doc>Evaluates the given expression in Python and returns the result.</doc>
<status status="PASS" start="2025-03-13T03:38:14.851797" elapsed="0.000422"/>
</kw>
<kw name="Call Method" owner="BuiltIn">
<arg>${chrome_options}</arg>
<arg>add_argument</arg>
<arg>--disable-gpu</arg>
<doc>Calls the named method of the given object with the provided arguments.</doc>
<status status="PASS" start="2025-03-13T03:38:14.852371" elapsed="0.000157"/>
</kw>
<kw name="Call Method" owner="BuiltIn">
<arg>${chrome_options}</arg>
<arg>add_argument</arg>
<arg>--no-sandbox</arg>
<doc>Calls the named method of the given object with the provided arguments.</doc>
<status status="PASS" start="2025-03-13T03:38:14.852651" elapsed="0.000146"/>
</kw>
<kw name="Call Method" owner="BuiltIn">
<arg>${chrome_options}</arg>
<arg>add_argument</arg>
<arg>--disable-dev-shm-usage</arg>
<doc>Calls the named method of the given object with the provided arguments.</doc>
<status status="PASS" start="2025-03-13T03:38:14.852917" elapsed="0.000142"/>
</kw>
<kw name="Call Method" owner="BuiltIn">
<arg>${chrome_options}</arg>
<arg>add_argument</arg>
<arg>--start-maximized</arg>
<doc>Calls the named method of the given object with the provided arguments.</doc>
<status status="PASS" start="2025-03-13T03:38:14.854113" elapsed="0.000274"/>
</kw>
<kw name="Call Method" owner="BuiltIn">
<arg>${chrome_options}</arg>
<arg>add_argument</arg>
<arg>--disable-extensions</arg>
<doc>Calls the named method of the given object with the provided arguments.</doc>
<status status="PASS" start="2025-03-13T03:38:14.854581" elapsed="0.000216"/>
</kw>
<kw name="Call Method" owner="BuiltIn">
<arg>${chrome_options}</arg>
<arg>add_argument</arg>
<arg>--disable-popup-blocking</arg>
<doc>Calls the named method of the given object with the provided arguments.</doc>
<status status="PASS" start="2025-03-13T03:38:14.854979" elapsed="0.000213"/>
</kw>
<kw name="Call Method" owner="BuiltIn">
<arg>${chrome_options}</arg>
<arg>add_argument</arg>
<arg>--disable-infobars</arg>
<doc>Calls the named method of the given object with the provided arguments.</doc>
<status status="PASS" start="2025-03-13T03:38:14.855369" elapsed="0.005968"/>
</kw>
<kw name="Set Variable" owner="BuiltIn">
<msg time="2025-03-13T03:38:14.862004" level="INFO">${chrome_options.binary_location} = E:/Software Engineering/chromefortesting/chrome.exe</msg>
<var>${chrome_options.binary_location}</var>
<arg>${CHROME_BROWSER_PATH}</arg>
<doc>Returns the given values which can then be assigned to a variables.</doc>
<status status="PASS" start="2025-03-13T03:38:14.861664" elapsed="0.000392"/>
</kw>
<kw name="Evaluate" owner="BuiltIn">
<msg time="2025-03-13T03:38:14.863859" level="INFO">${service} = &lt;selenium.webdriver.chrome.service.Service object at 0x0000029CE57375C0&gt;</msg>
<var>${service}</var>
<arg>sys.modules["selenium.webdriver.chrome.service"].Service(executable_path=r"${CHROME_DRIVER_PATH}")</arg>
<doc>Evaluates the given expression in Python and returns the result.</doc>
<status status="PASS" start="2025-03-13T03:38:14.862252" elapsed="0.001683"/>
</kw>
<kw name="Create Webdriver" owner="SeleniumLibrary">
<msg time="2025-03-13T03:38:14.864851" level="INFO">Creating an instance of the Chrome WebDriver.</msg>
<arg>Chrome</arg>
<arg>options=${chrome_options}</arg>
<arg>service=${service}</arg>
<doc>Creates an instance of Selenium WebDriver.</doc>
<status status="PASS" start="2025-03-13T03:38:14.864206" elapsed="1.270712"/>
</kw>
<kw name="Go To" owner="SeleniumLibrary">
<msg time="2025-03-13T03:38:16.135372" level="INFO">Opening url 'https://csgroup568.cpkkuhost.com/login'</msg>
<arg>${LOGIN URL}</arg>
<doc>Navigates the current browser window to the provided ``url``.</doc>
<status status="PASS" start="2025-03-13T03:38:16.135159" elapsed="2.049730"/>
</kw>
<kw name="Login Page Should Be Open">
<kw name="Location Should Be" owner="SeleniumLibrary">
<msg time="2025-03-13T03:38:18.193609" level="INFO">Current location is 'https://csgroup568.cpkkuhost.com/login'.</msg>
<arg>${LOGIN URL}</arg>
<doc>Verifies that the current URL is exactly ``url``.</doc>
<status status="PASS" start="2025-03-13T03:38:18.185743" elapsed="0.008120"/>
</kw>
<status status="PASS" start="2025-03-13T03:38:18.185266" elapsed="0.008771"/>
</kw>
<kw name="Maximize Browser Window" owner="SeleniumLibrary">
<doc>Maximizes current browser window.</doc>
<status status="PASS" start="2025-03-13T03:38:18.194241" elapsed="0.005612"/>
</kw>
<status status="PASS" start="2025-03-13T03:38:14.851505" elapsed="3.348524"/>
</kw>
<kw name="Login Page Should Be Open">
<kw name="Location Should Be" owner="SeleniumLibrary">
<msg time="2025-03-13T03:38:18.207309" level="INFO">Current location is 'https://csgroup568.cpkkuhost.com/login'.</msg>
<arg>${LOGIN URL}</arg>
<doc>Verifies that the current URL is exactly ``url``.</doc>
<status status="PASS" start="2025-03-13T03:38:18.200927" elapsed="0.006534"/>
</kw>
<status status="PASS" start="2025-03-13T03:38:18.200523" elapsed="0.007091"/>
</kw>
<kw name="User Login">
<kw name="Input Text" owner="SeleniumLibrary">
<msg time="2025-03-13T03:38:18.209330" level="INFO">Typing text '615020084-7' into text field 'id=username'.</msg>
<arg>id=username</arg>
<arg>${USER_USERNAME}</arg>
<doc>Types the given ``text`` into the text field identified by ``locator``.</doc>
<status status="PASS" start="2025-03-13T03:38:18.208594" elapsed="0.069333"/>
</kw>
<kw name="Input Text" owner="SeleniumLibrary">
<msg time="2025-03-13T03:38:18.278464" level="INFO">Typing text '615020084-7' into text field 'id=password'.</msg>
<arg>id=password</arg>
<arg>${USER_PASSWORD}</arg>
<doc>Types the given ``text`` into the text field identified by ``locator``.</doc>
<status status="PASS" start="2025-03-13T03:38:18.278178" elapsed="0.081372"/>
</kw>
<kw name="Click Button" owner="SeleniumLibrary">
<msg time="2025-03-13T03:38:18.360055" level="INFO">Clicking button 'xpath=//button[@type='submit']'.</msg>
<arg>xpath=//button[@type='submit']</arg>
<doc>Clicks the button identified by ``locator``.</doc>
<status status="PASS" start="2025-03-13T03:38:18.359808" elapsed="0.058415"/>
</kw>
<kw name="Sleep" owner="BuiltIn">
<msg time="2025-03-13T03:38:20.420142" level="INFO">Slept 2 seconds.</msg>
<arg>2s</arg>
<doc>Pauses the test executed for the given time.</doc>
<status status="PASS" start="2025-03-13T03:38:18.418455" elapsed="2.001931"/>
</kw>
<kw name="Location Should Be" owner="SeleniumLibrary">
<msg time="2025-03-13T03:38:21.276908" level="INFO">Current location is 'https://csgroup568.cpkkuhost.com/dashboard'.</msg>
<arg>${USER URL}</arg>
<doc>Verifies that the current URL is exactly ``url``.</doc>
<status status="PASS" start="2025-03-13T03:38:20.420812" elapsed="0.856224"/>
</kw>
<status status="PASS" start="2025-03-13T03:38:18.208117" elapsed="3.069059"/>
</kw>
<kw name="Go To" owner="SeleniumLibrary">
<msg time="2025-03-13T03:38:21.277868" level="INFO">Opening url 'https://csgroup568.cpkkuhost.com/profile'</msg>
<arg>${SERVER}/profile</arg>
<doc>Navigates the current browser window to the provided ``url``.</doc>
<status status="PASS" start="2025-03-13T03:38:21.277639" elapsed="0.721549"/>
</kw>
<kw name="Sleep" owner="BuiltIn">
<msg time="2025-03-13T03:38:24.001368" level="INFO">Slept 2 seconds.</msg>
<arg>2s</arg>
<doc>Pauses the test executed for the given time.</doc>
<status status="PASS" start="2025-03-13T03:38:21.999603" elapsed="2.001947"/>
</kw>
<kw name="Switch Language To">
<if>
<branch type="IF" condition="'${lang_code}' == 'en'">
<kw name="Get Text" owner="SeleniumLibrary">
<var>${new_lang}</var>
<arg>id=navbarDropdownMenuLink</arg>
<doc>Returns the text value of the element identified by ``locator``.</doc>
<status status="NOT RUN" start="2025-03-13T03:38:24.003378" elapsed="0.000053"/>
</kw>
<kw name="Should Contain" owner="BuiltIn">
<arg>${new_lang}</arg>
<arg>${expected_language}</arg>
<doc>Fails if ``container`` does not contain ``item`` one or more times.</doc>
<status status="NOT RUN" start="2025-03-13T03:38:24.004152" elapsed="0.000051"/>
</kw>
<return>
<status status="NOT RUN" start="2025-03-13T03:38:24.004353" elapsed="0.000065"/>
</return>
<status status="NOT RUN" start="2025-03-13T03:38:24.002985" elapsed="0.001498"/>
</branch>
<status status="PASS" start="2025-03-13T03:38:24.002947" elapsed="0.001585"/>
</if>
<kw name="Wait Until Element Is Visible" owner="SeleniumLibrary">
<arg>id=navbarDropdownMenuLink</arg>
<arg>10s</arg>
<doc>Waits until the element ``locator`` is visible.</doc>
<status status="PASS" start="2025-03-13T03:38:24.005398" elapsed="0.048740"/>
</kw>
<kw name="Mouse Over" owner="SeleniumLibrary">
<msg time="2025-03-13T03:38:24.054715" level="INFO">Simulating Mouse Over on element 'id=navbarDropdownMenuLink'.</msg>
<arg>id=navbarDropdownMenuLink</arg>
<doc>Simulates hovering the mouse over the element ``locator``.</doc>
<status status="PASS" start="2025-03-13T03:38:24.054433" elapsed="0.295178"/>
</kw>
<kw name="Click Element" owner="SeleniumLibrary">
<msg time="2025-03-13T03:38:24.350146" level="INFO">Clicking element 'id=navbarDropdownMenuLink'.</msg>
<arg>id=navbarDropdownMenuLink</arg>
<doc>Click the element identified by ``locator``.</doc>
<status status="PASS" start="2025-03-13T03:38:24.349840" elapsed="0.098513"/>
</kw>
<kw name="Execute Javascript" owner="SeleniumLibrary">
<msg time="2025-03-13T03:38:24.449019" level="INFO">Executing JavaScript:
document.querySelector('#navbarDropdownMenuLink').click();
Without any arguments.</msg>
<arg>document.querySelector('#navbarDropdownMenuLink').click();</arg>
<doc>Executes the given JavaScript code with possible arguments.</doc>
<status status="PASS" start="2025-03-13T03:38:24.448577" elapsed="0.006497"/>
</kw>
<kw name="Wait Until Element Is Visible" owner="SeleniumLibrary">
<arg>xpath=//div[contains(@class, 'dropdown-menu')]</arg>
<arg>10s</arg>
<doc>Waits until the element ``locator`` is visible.</doc>
<status status="PASS" start="2025-03-13T03:38:24.455304" elapsed="0.044336"/>
</kw>
<kw name="Get Element Attribute" owner="SeleniumLibrary">
<msg time="2025-03-13T03:38:24.523199" level="INFO">${dropdown_html} = 
                                                                                                                                            &lt;a class="dropdown-item" href="https://csgroup568.cpkkuhost...</msg>
<var>${dropdown_html}</var>
<arg>xpath=//div[contains(@class, 'dropdown-menu')]</arg>
<arg>innerHTML</arg>
<doc>Returns the value of ``attribute`` from the element ``locator``.</doc>
<status status="PASS" start="2025-03-13T03:38:24.500131" elapsed="0.023133"/>
</kw>
<kw name="Log" owner="BuiltIn">
<msg time="2025-03-13T03:38:24.524071" level="INFO">Dropdown HTML: 
                                                                                                                                            &lt;a class="dropdown-item" href="https://csgroup568.cpkkuhost.com/lang/th"&gt;&lt;span class="flag-icon flag-icon-th"&gt;&lt;/span&gt;
                                ไทย&lt;/a&gt;
                                                                                                                &lt;a class="dropdown-item" href="https://csgroup568.cpkkuhost.com/lang/zh"&gt;&lt;span class="flag-icon flag-icon-cn"&gt;&lt;/span&gt;
                                中文&lt;/a&gt;
                                                                                </msg>
<arg>Dropdown HTML: ${dropdown_html}</arg>
<doc>Logs the given message with the given level.</doc>
<status status="PASS" start="2025-03-13T03:38:24.523635" elapsed="0.000658"/>
</kw>
<kw name="Click Element" owner="SeleniumLibrary">
<msg time="2025-03-13T03:38:24.525148" level="INFO">Clicking element 'xpath=//a[contains(@href, "/lang/th")]'.</msg>
<arg>xpath=//a[contains(@href, "/lang/${lang_code}")]</arg>
<doc>Click the element identified by ``locator``.</doc>
<status status="PASS" start="2025-03-13T03:38:24.524643" elapsed="0.912282"/>
</kw>
<kw name="Sleep" owner="BuiltIn">
<msg time="2025-03-13T03:38:30.437476" level="INFO">Slept 5 seconds.</msg>
<arg>5s</arg>
<doc>Pauses the test executed for the given time.</doc>
<status status="PASS" start="2025-03-13T03:38:25.437151" elapsed="5.000521"/>
</kw>
<kw name="Get Text" owner="SeleniumLibrary">
<msg time="2025-03-13T03:38:30.482700" level="INFO">${new_lang} = ไทย</msg>
<var>${new_lang}</var>
<arg>id=navbarDropdownMenuLink</arg>
<doc>Returns the text value of the element identified by ``locator``.</doc>
<status status="PASS" start="2025-03-13T03:38:30.437979" elapsed="0.044828"/>
</kw>
<kw name="Should Contain" owner="BuiltIn">
<arg>${new_lang}</arg>
<arg>${expected_language}</arg>
<doc>Fails if ``container`` does not contain ``item`` one or more times.</doc>
<status status="PASS" start="2025-03-13T03:38:30.483209" elapsed="0.000554"/>
</kw>
<arg>th</arg>
<arg>ไทย</arg>
<status status="PASS" start="2025-03-13T03:38:24.002479" elapsed="6.481532"/>
</kw>
<kw name="Get Source" owner="SeleniumLibrary">
<msg time="2025-03-13T03:38:30.508153" level="INFO">${html_source} = &lt;html lang="en" style="height: auto;"&gt;&lt;head&gt;&lt;style type="text/css"&gt;.swal-icon--error{border-color:#f27474;-webkit-animation:animateErrorIcon .5s;animation:animateErrorIcon .5s}.swal-icon--error__x-mar...</msg>
<var>${html_source}</var>
<doc>Returns the entire HTML source of the current page or frame.</doc>
<status status="PASS" start="2025-03-13T03:38:30.484744" elapsed="0.025123"/>
</kw>
<kw name="Should Contain" owner="BuiltIn">
<arg>${html_source}</arg>
<arg>บัญชีผู้ใช้</arg>
<doc>Fails if ``container`` does not contain ``item`` one or more times.</doc>
<status status="PASS" start="2025-03-13T03:38:30.513319" elapsed="0.001336"/>
</kw>
<kw name="Should Contain" owner="BuiltIn">
<arg>${html_source}</arg>
<arg>รหัสผ่าน</arg>
<doc>Fails if ``container`` does not contain ``item`` one or more times.</doc>
<status status="PASS" start="2025-03-13T03:38:30.515664" elapsed="0.000682"/>
</kw>
<kw name="Click Element" owner="SeleniumLibrary">
<msg time="2025-03-13T03:38:30.518252" level="INFO">Clicking element 'xpath=//span[contains(@class, 'menu-title') and text()='บัญชีผู้ใช้']'.</msg>
<arg>xpath=//span[contains(@class, 'menu-title') and text()='บัญชีผู้ใช้']</arg>
<doc>Click the element identified by ``locator``.</doc>
<status status="PASS" start="2025-03-13T03:38:30.517601" elapsed="0.116227"/>
</kw>
<kw name="Sleep" owner="BuiltIn">
<msg time="2025-03-13T03:38:32.635658" level="INFO">Slept 2 seconds.</msg>
<arg>2s</arg>
<doc>Pauses the test executed for the given time.</doc>
<status status="PASS" start="2025-03-13T03:38:30.634675" elapsed="2.001247"/>
</kw>
<kw name="Get Source" owner="SeleniumLibrary">
<msg time="2025-03-13T03:38:32.687007" level="INFO">${html_source} = &lt;html lang="en" style="height: auto;"&gt;&lt;head&gt;&lt;style type="text/css"&gt;.swal-icon--error{border-color:#f27474;-webkit-animation:animateErrorIcon .5s;animation:animateErrorIcon .5s}.swal-icon--error__x-mar...</msg>
<var>${html_source}</var>
<doc>Returns the entire HTML source of the current page or frame.</doc>
<status status="PASS" start="2025-03-13T03:38:32.639774" elapsed="0.047374"/>
</kw>
<kw name="Should Contain" owner="BuiltIn">
<arg>${html_source}</arg>
<arg>การตั้งค่าโปรไฟล์</arg>
<doc>Fails if ``container`` does not contain ``item`` one or more times.</doc>
<status status="PASS" start="2025-03-13T03:38:32.688127" elapsed="0.000594"/>
</kw>
<kw name="Should Contain" owner="BuiltIn">
<arg>${html_source}</arg>
<arg>คำนำหน้า</arg>
<doc>Fails if ``container`` does not contain ``item`` one or more times.</doc>
<status status="PASS" start="2025-03-13T03:38:32.689686" elapsed="0.000602"/>
</kw>
<kw name="Should Contain" owner="BuiltIn">
<arg>${html_source}</arg>
<arg>ชื่อ (ภาษาอังกฤษ)</arg>
<doc>Fails if ``container`` does not contain ``item`` one or more times.</doc>
<status status="PASS" start="2025-03-13T03:38:32.690612" elapsed="0.000209"/>
</kw>
<kw name="Should Contain" owner="BuiltIn">
<arg>${html_source}</arg>
<arg>นามสกุล (ภาษาอังกฤษ)</arg>
<doc>Fails if ``container`` does not contain ``item`` one or more times.</doc>
<status status="PASS" start="2025-03-13T03:38:32.691364" elapsed="0.000417"/>
</kw>
<kw name="Should Contain" owner="BuiltIn">
<arg>${html_source}</arg>
<arg>ชื่อ (ภาษาไทย)</arg>
<doc>Fails if ``container`` does not contain ``item`` one or more times.</doc>
<status status="PASS" start="2025-03-13T03:38:32.692413" elapsed="0.000481"/>
</kw>
<kw name="Should Contain" owner="BuiltIn">
<arg>${html_source}</arg>
<arg>นามสกุล (ภาษาไทย)</arg>
<doc>Fails if ``container`` does not contain ``item`` one or more times.</doc>
<status status="PASS" start="2025-03-13T03:38:32.693982" elapsed="0.000404"/>
</kw>
<kw name="Should Contain" owner="BuiltIn">
<arg>${html_source}</arg>
<arg>อีเมล</arg>
<doc>Fails if ``container`` does not contain ``item`` one or more times.</doc>
<status status="PASS" start="2025-03-13T03:38:32.698209" elapsed="0.003922"/>
</kw>
<kw name="Click Element" owner="SeleniumLibrary">
<msg time="2025-03-13T03:38:32.703654" level="INFO">Clicking element 'xpath=//span[contains(@class, 'menu-title') and text()='รหัสผ่าน']'.</msg>
<arg>xpath=//span[contains(@class, 'menu-title') and text()='รหัสผ่าน']</arg>
<doc>Click the element identified by ``locator``.</doc>
<status status="PASS" start="2025-03-13T03:38:32.703266" elapsed="0.093572"/>
</kw>
<kw name="Sleep" owner="BuiltIn">
<msg time="2025-03-13T03:38:34.798580" level="INFO">Slept 2 seconds.</msg>
<arg>2s</arg>
<doc>Pauses the test executed for the given time.</doc>
<status status="PASS" start="2025-03-13T03:38:32.797436" elapsed="2.001287"/>
</kw>
<kw name="Get Source" owner="SeleniumLibrary">
<msg time="2025-03-13T03:38:34.829805" level="INFO">${html_source} = &lt;html lang="en" style="height: auto;"&gt;&lt;head&gt;&lt;style type="text/css"&gt;.swal-icon--error{border-color:#f27474;-webkit-animation:animateErrorIcon .5s;animation:animateErrorIcon .5s}.swal-icon--error__x-mar...</msg>
<var>${html_source}</var>
<doc>Returns the entire HTML source of the current page or frame.</doc>
<status status="PASS" start="2025-03-13T03:38:34.802826" elapsed="0.029649"/>
</kw>
<kw name="Should Contain" owner="BuiltIn">
<arg>${html_source}</arg>
<arg>รหัสผ่านเก่า</arg>
<doc>Fails if ``container`` does not contain ``item`` one or more times.</doc>
<status status="PASS" start="2025-03-13T03:38:34.836092" elapsed="0.001113"/>
</kw>
<kw name="Should Contain" owner="BuiltIn">
<arg>${html_source}</arg>
<arg>รหัสผ่านใหม่</arg>
<doc>Fails if ``container`` does not contain ``item`` one or more times.</doc>
<status status="PASS" start="2025-03-13T03:38:34.839412" elapsed="0.000542"/>
</kw>
<kw name="Should Contain" owner="BuiltIn">
<arg>${html_source}</arg>
<arg>ยืนยันรหัสผ่านใหม่</arg>
<doc>Fails if ``container`` does not contain ``item`` one or more times.</doc>
<status status="PASS" start="2025-03-13T03:38:34.840590" elapsed="0.002507"/>
</kw>
<kw name="Should Contain" owner="BuiltIn">
<arg>${html_source}</arg>
<arg>การตั้งค่ารหัสผ่าน</arg>
<doc>Fails if ``container`` does not contain ``item`` one or more times.</doc>
<status status="PASS" start="2025-03-13T03:38:34.845527" elapsed="0.000342"/>
</kw>
<kw name="Get Element Attribute" owner="SeleniumLibrary">
<msg time="2025-03-13T03:38:34.893406" level="INFO">${placeholder_value} = กรอกรหัสผ่านปัจจุบัน</msg>
<var>${placeholder_value}</var>
<arg>id=inputpassword</arg>
<arg>placeholder</arg>
<doc>Returns the value of ``attribute`` from the element ``locator``.</doc>
<status status="PASS" start="2025-03-13T03:38:34.846461" elapsed="0.047002"/>
</kw>
<kw name="Should Be Equal" owner="BuiltIn">
<arg>${placeholder_value}</arg>
<arg>กรอกรหัสผ่านปัจจุบัน</arg>
<doc>Fails if the given objects are unequal.</doc>
<status status="PASS" start="2025-03-13T03:38:34.894187" elapsed="0.000418"/>
</kw>
<kw name="Close Browser" owner="SeleniumLibrary">
<doc>Closes the current browser.</doc>
<status status="PASS" start="2025-03-13T03:38:34.895280" elapsed="2.756567"/>
</kw>
<tag>Profile</tag>
<status status="PASS" start="2025-03-13T03:38:14.850929" elapsed="22.801613"/>
</test>
<test id="s1-s1-t5" name="Profile Page Switch Language To EN" line="208">
<kw name="Open Browser To Login Page">
<kw name="Evaluate" owner="BuiltIn">
<msg time="2025-03-13T03:38:37.656191" level="INFO">${chrome_options} = &lt;selenium.webdriver.chrome.options.Options object at 0x0000029CE4E76520&gt;</msg>
<var>${chrome_options}</var>
<arg>sys.modules['selenium.webdriver'].ChromeOptions()</arg>
<arg>sys</arg>
<doc>Evaluates the given expression in Python and returns the result.</doc>
<status status="PASS" start="2025-03-13T03:38:37.655553" elapsed="0.000721"/>
</kw>
<kw name="Call Method" owner="BuiltIn">
<arg>${chrome_options}</arg>
<arg>add_argument</arg>
<arg>--disable-gpu</arg>
<doc>Calls the named method of the given object with the provided arguments.</doc>
<status status="PASS" start="2025-03-13T03:38:37.656724" elapsed="0.001026"/>
</kw>
<kw name="Call Method" owner="BuiltIn">
<arg>${chrome_options}</arg>
<arg>add_argument</arg>
<arg>--no-sandbox</arg>
<doc>Calls the named method of the given object with the provided arguments.</doc>
<status status="PASS" start="2025-03-13T03:38:37.658093" elapsed="0.000333"/>
</kw>
<kw name="Call Method" owner="BuiltIn">
<arg>${chrome_options}</arg>
<arg>add_argument</arg>
<arg>--disable-dev-shm-usage</arg>
<doc>Calls the named method of the given object with the provided arguments.</doc>
<status status="PASS" start="2025-03-13T03:38:37.658689" elapsed="0.000434"/>
</kw>
<kw name="Call Method" owner="BuiltIn">
<arg>${chrome_options}</arg>
<arg>add_argument</arg>
<arg>--start-maximized</arg>
<doc>Calls the named method of the given object with the provided arguments.</doc>
<status status="PASS" start="2025-03-13T03:38:37.659266" elapsed="0.000144"/>
</kw>
<kw name="Call Method" owner="BuiltIn">
<arg>${chrome_options}</arg>
<arg>add_argument</arg>
<arg>--disable-extensions</arg>
<doc>Calls the named method of the given object with the provided arguments.</doc>
<status status="PASS" start="2025-03-13T03:38:37.659531" elapsed="0.000147"/>
</kw>
<kw name="Call Method" owner="BuiltIn">
<arg>${chrome_options}</arg>
<arg>add_argument</arg>
<arg>--disable-popup-blocking</arg>
<doc>Calls the named method of the given object with the provided arguments.</doc>
<status status="PASS" start="2025-03-13T03:38:37.659793" elapsed="0.000137"/>
</kw>
<kw name="Call Method" owner="BuiltIn">
<arg>${chrome_options}</arg>
<arg>add_argument</arg>
<arg>--disable-infobars</arg>
<doc>Calls the named method of the given object with the provided arguments.</doc>
<status status="PASS" start="2025-03-13T03:38:37.660043" elapsed="0.000135"/>
</kw>
<kw name="Set Variable" owner="BuiltIn">
<msg time="2025-03-13T03:38:37.660633" level="INFO">${chrome_options.binary_location} = E:/Software Engineering/chromefortesting/chrome.exe</msg>
<var>${chrome_options.binary_location}</var>
<arg>${CHROME_BROWSER_PATH}</arg>
<doc>Returns the given values which can then be assigned to a variables.</doc>
<status status="PASS" start="2025-03-13T03:38:37.660301" elapsed="0.000400"/>
</kw>
<kw name="Evaluate" owner="BuiltIn">
<msg time="2025-03-13T03:38:37.662283" level="INFO">${service} = &lt;selenium.webdriver.chrome.service.Service object at 0x0000029CE5737490&gt;</msg>
<var>${service}</var>
<arg>sys.modules["selenium.webdriver.chrome.service"].Service(executable_path=r"${CHROME_DRIVER_PATH}")</arg>
<doc>Evaluates the given expression in Python and returns the result.</doc>
<status status="PASS" start="2025-03-13T03:38:37.661052" elapsed="0.001310"/>
</kw>
<kw name="Create Webdriver" owner="SeleniumLibrary">
<msg time="2025-03-13T03:38:37.663308" level="INFO">Creating an instance of the Chrome WebDriver.</msg>
<arg>Chrome</arg>
<arg>options=${chrome_options}</arg>
<arg>service=${service}</arg>
<doc>Creates an instance of Selenium WebDriver.</doc>
<status status="PASS" start="2025-03-13T03:38:37.662665" elapsed="1.252545"/>
</kw>
<kw name="Go To" owner="SeleniumLibrary">
<msg time="2025-03-13T03:38:38.915658" level="INFO">Opening url 'https://csgroup568.cpkkuhost.com/login'</msg>
<arg>${LOGIN URL}</arg>
<doc>Navigates the current browser window to the provided ``url``.</doc>
<status status="PASS" start="2025-03-13T03:38:38.915453" elapsed="2.082419"/>
</kw>
<kw name="Login Page Should Be Open">
<kw name="Location Should Be" owner="SeleniumLibrary">
<msg time="2025-03-13T03:38:41.016116" level="INFO">Current location is 'https://csgroup568.cpkkuhost.com/login'.</msg>
<arg>${LOGIN URL}</arg>
<doc>Verifies that the current URL is exactly ``url``.</doc>
<status status="PASS" start="2025-03-13T03:38:41.000463" elapsed="0.015972"/>
</kw>
<status status="PASS" start="2025-03-13T03:38:40.999175" elapsed="0.017646"/>
</kw>
<kw name="Maximize Browser Window" owner="SeleniumLibrary">
<doc>Maximizes current browser window.</doc>
<status status="PASS" start="2025-03-13T03:38:41.017373" elapsed="0.007788"/>
</kw>
<status status="PASS" start="2025-03-13T03:38:37.654945" elapsed="3.370375"/>
</kw>
<kw name="Login Page Should Be Open">
<kw name="Location Should Be" owner="SeleniumLibrary">
<msg time="2025-03-13T03:38:41.032965" level="INFO">Current location is 'https://csgroup568.cpkkuhost.com/login'.</msg>
<arg>${LOGIN URL}</arg>
<doc>Verifies that the current URL is exactly ``url``.</doc>
<status status="PASS" start="2025-03-13T03:38:41.026305" elapsed="0.006791"/>
</kw>
<status status="PASS" start="2025-03-13T03:38:41.025866" elapsed="0.007365"/>
</kw>
<kw name="User Login">
<kw name="Input Text" owner="SeleniumLibrary">
<msg time="2025-03-13T03:38:41.034358" level="INFO">Typing text '615020084-7' into text field 'id=username'.</msg>
<arg>id=username</arg>
<arg>${USER_USERNAME}</arg>
<doc>Types the given ``text`` into the text field identified by ``locator``.</doc>
<status status="PASS" start="2025-03-13T03:38:41.034077" elapsed="0.093607"/>
</kw>
<kw name="Input Text" owner="SeleniumLibrary">
<msg time="2025-03-13T03:38:41.128215" level="INFO">Typing text '615020084-7' into text field 'id=password'.</msg>
<arg>id=password</arg>
<arg>${USER_PASSWORD}</arg>
<doc>Types the given ``text`` into the text field identified by ``locator``.</doc>
<status status="PASS" start="2025-03-13T03:38:41.127926" elapsed="0.086415"/>
</kw>
<kw name="Click Button" owner="SeleniumLibrary">
<msg time="2025-03-13T03:38:41.215101" level="INFO">Clicking button 'xpath=//button[@type='submit']'.</msg>
<arg>xpath=//button[@type='submit']</arg>
<doc>Clicks the button identified by ``locator``.</doc>
<status status="PASS" start="2025-03-13T03:38:41.214735" elapsed="3.035924"/>
</kw>
<kw name="Sleep" owner="BuiltIn">
<msg time="2025-03-13T03:38:46.251735" level="INFO">Slept 2 seconds.</msg>
<arg>2s</arg>
<doc>Pauses the test executed for the given time.</doc>
<status status="PASS" start="2025-03-13T03:38:44.250875" elapsed="2.001119"/>
</kw>
<kw name="Location Should Be" owner="SeleniumLibrary">
<msg time="2025-03-13T03:38:46.262399" level="INFO">Current location is 'https://csgroup568.cpkkuhost.com/dashboard'.</msg>
<arg>${USER URL}</arg>
<doc>Verifies that the current URL is exactly ``url``.</doc>
<status status="PASS" start="2025-03-13T03:38:46.252437" elapsed="0.010174"/>
</kw>
<status status="PASS" start="2025-03-13T03:38:41.033706" elapsed="5.229469"/>
</kw>
<kw name="Go To" owner="SeleniumLibrary">
<msg time="2025-03-13T03:38:46.264523" level="INFO">Opening url 'https://csgroup568.cpkkuhost.com/profile'</msg>
<arg>${SERVER}/profile</arg>
<doc>Navigates the current browser window to the provided ``url``.</doc>
<status status="PASS" start="2025-03-13T03:38:46.263980" elapsed="0.644031"/>
</kw>
<kw name="Sleep" owner="BuiltIn">
<msg time="2025-03-13T03:38:48.915562" level="INFO">Slept 2 seconds.</msg>
<arg>2s</arg>
<doc>Pauses the test executed for the given time.</doc>
<status status="PASS" start="2025-03-13T03:38:46.913302" elapsed="2.002515"/>
</kw>
<kw name="Switch Language To">
<if>
<branch type="IF" condition="'${lang_code}' == 'en'">
<kw name="Get Text" owner="SeleniumLibrary">
<msg time="2025-03-13T03:38:48.983773" level="INFO">${new_lang} = English</msg>
<var>${new_lang}</var>
<arg>id=navbarDropdownMenuLink</arg>
<doc>Returns the text value of the element identified by ``locator``.</doc>
<status status="PASS" start="2025-03-13T03:38:48.919247" elapsed="0.064608"/>
</kw>
<kw name="Should Contain" owner="BuiltIn">
<arg>${new_lang}</arg>
<arg>${expected_language}</arg>
<doc>Fails if ``container`` does not contain ``item`` one or more times.</doc>
<status status="PASS" start="2025-03-13T03:38:48.984163" elapsed="0.000296"/>
</kw>
<return>
<status status="PASS" start="2025-03-13T03:38:48.984635" elapsed="0.000090"/>
</return>
<status status="PASS" start="2025-03-13T03:38:48.918809" elapsed="0.066083"/>
</branch>
<status status="PASS" start="2025-03-13T03:38:48.918757" elapsed="0.066190"/>
</if>
<kw name="Wait Until Element Is Visible" owner="SeleniumLibrary">
<arg>id=navbarDropdownMenuLink</arg>
<arg>10s</arg>
[...]
</kw>
<kw name="Call Method" owner="BuiltIn">
<arg>${chrome_options}</arg>
<arg>add_argument</arg>
<arg>--disable-extensions</arg>
<doc>Calls the named method of the given object with the provided arguments.</doc>
<status status="PASS" start="2025-03-13T03:41:19.432617" elapsed="0.000063"/>
</kw>
<kw name="Call Method" owner="BuiltIn">
<arg>${chrome_options}</arg>
<arg>add_argument</arg>
<arg>--disable-popup-blocking</arg>
<doc>Calls the named method of the given object with the provided arguments.</doc>
<status status="PASS" start="2025-03-13T03:41:19.432730" elapsed="0.000062"/>
</kw>
<kw name="Call Method" owner="BuiltIn">
<arg>${chrome_options}</arg>
<arg>add_argument</arg>
<arg>--disable-infobars</arg>
<doc>Calls the named method of the given object with the provided arguments.</doc>
<status status="PASS" start="2025-03-13T03:41:19.432842" elapsed="0.000060"/>
</kw>
<kw name="Evaluate" owner="BuiltIn">
<msg time="2025-03-13T03:41:19.433353" level="INFO">${service} = &lt;selenium.webdriver.chrome.service.Service object at 0x0000029CE5867890&gt;</msg>
<var>${service}</var>
<arg>sys.modules["selenium.webdriver.chrome.service"].Service(executable_path=r"${CHROME_DRIVER_PATH}")</arg>
<doc>Evaluates the given expression in Python and returns the result.</doc>
<status status="PASS" start="2025-03-13T03:41:19.432962" elapsed="0.000417"/>
</kw>
<kw name="Create Webdriver" owner="SeleniumLibrary">
<msg time="2025-03-13T03:41:19.433605" level="INFO">Creating an instance of the Chrome WebDriver.</msg>
<arg>Chrome</arg>
<arg>options=${chrome_options}</arg>
<arg>service=${service}</arg>
<doc>Creates an instance of Selenium WebDriver.</doc>
<status status="PASS" start="2025-03-13T03:41:19.433473" elapsed="1.304055"/>
</kw>
<kw name="Go To" owner="SeleniumLibrary">
<msg time="2025-03-13T03:41:20.737810" level="INFO">Opening url 'https://csgroup568.cpkkuhost.com/login'</msg>
<arg>${LOGIN URL}</arg>
<doc>Navigates the current browser window to the provided ``url``.</doc>
<status status="PASS" start="2025-03-13T03:41:20.737680" elapsed="2.000621"/>
</kw>
<kw name="Login Page Should Be Open">
<kw name="Location Should Be" owner="SeleniumLibrary">
<msg time="2025-03-13T03:41:22.745258" level="INFO">Current location is 'https://csgroup568.cpkkuhost.com/login'.</msg>
<arg>${LOGIN URL}</arg>
<doc>Verifies that the current URL is exactly ``url``.</doc>
<status status="PASS" start="2025-03-13T03:41:22.738972" elapsed="0.006359"/>
</kw>
<status status="PASS" start="2025-03-13T03:41:22.738661" elapsed="0.006744"/>
</kw>
<kw name="Maximize Browser Window" owner="SeleniumLibrary">
<doc>Maximizes current browser window.</doc>
<status status="PASS" start="2025-03-13T03:41:22.745496" elapsed="0.003805"/>
</kw>
<status status="PASS" start="2025-03-13T03:41:19.431374" elapsed="3.318212"/>
</kw>
<kw name="Login Page Should Be Open">
<kw name="Location Should Be" owner="SeleniumLibrary">
<msg time="2025-03-13T03:41:22.754816" level="INFO">Current location is 'https://csgroup568.cpkkuhost.com/login'.</msg>
<arg>${LOGIN URL}</arg>
<doc>Verifies that the current URL is exactly ``url``.</doc>
<status status="PASS" start="2025-03-13T03:41:22.750654" elapsed="0.004282"/>
</kw>
<status status="PASS" start="2025-03-13T03:41:22.750199" elapsed="0.004853"/>
</kw>
<kw name="User Login">
<kw name="Input Text" owner="SeleniumLibrary">
<msg time="2025-03-13T03:41:22.756052" level="INFO">Typing text 'admin@gmail.com' into text field 'id=username'.</msg>
<arg>id=username</arg>
<arg>${USER_USERNAME}</arg>
<doc>Types the given ``text`` into the text field identified by ``locator``.</doc>
<status status="PASS" start="2025-03-13T03:41:22.755746" elapsed="0.087278"/>
</kw>
<kw name="Input Text" owner="SeleniumLibrary">
<msg time="2025-03-13T03:41:22.843354" level="INFO">Typing text '12345678' into text field 'id=password'.</msg>
<arg>id=password</arg>
<arg>${USER_PASSWORD}</arg>
<doc>Types the given ``text`` into the text field identified by ``locator``.</doc>
<status status="PASS" start="2025-03-13T03:41:22.843170" elapsed="0.078999"/>
</kw>
<kw name="Click Button" owner="SeleniumLibrary">
<msg time="2025-03-13T03:41:22.922677" level="INFO">Clicking button 'xpath=//button[@type='submit']'.</msg>
<arg>xpath=//button[@type='submit']</arg>
<doc>Clicks the button identified by ``locator``.</doc>
<status status="PASS" start="2025-03-13T03:41:22.922449" elapsed="0.712108"/>
</kw>
<kw name="Sleep" owner="BuiltIn">
<msg time="2025-03-13T03:41:25.635284" level="INFO">Slept 2 seconds.</msg>
<arg>2s</arg>
<doc>Pauses the test executed for the given time.</doc>
<status status="PASS" start="2025-03-13T03:41:23.634919" elapsed="2.000456"/>
</kw>
<kw name="Location Should Be" owner="SeleniumLibrary">
<msg time="2025-03-13T03:41:26.018711" level="INFO" html="true">&lt;/td&gt;&lt;/tr&gt;&lt;tr&gt;&lt;td colspan="3"&gt;&lt;a href="selenium-screenshot-10.png"&gt;&lt;img src="selenium-screenshot-10.png" width="800px"&gt;&lt;/a&gt;</msg>
<msg time="2025-03-13T03:41:26.018878" level="FAIL">Location should have been 'https://csgroup568.cpkkuhost.com/dashboard' but was 'https://csgroup568.cpkkuhost.com/login'.</msg>
<arg>${USER URL}</arg>
<doc>Verifies that the current URL is exactly ``url``.</doc>
<status status="FAIL" start="2025-03-13T03:41:25.635509" elapsed="0.384130">Location should have been 'https://csgroup568.cpkkuhost.com/dashboard' but was 'https://csgroup568.cpkkuhost.com/login'.</status>
</kw>
<status status="FAIL" start="2025-03-13T03:41:22.755409" elapsed="3.264414">Location should have been 'https://csgroup568.cpkkuhost.com/dashboard' but was 'https://csgroup568.cpkkuhost.com/login'.</status>
</kw>
<kw name="Click Element" owner="SeleniumLibrary">
<arg>xpath=//a[@href='${SERVER}/roles']</arg>
<doc>Click the element identified by ``locator``.</doc>
<status status="NOT RUN" start="2025-03-13T03:41:26.020121" elapsed="0.000031"/>
</kw>
<kw name="Switch Language To">
<arg>th</arg>
<arg>ไทย</arg>
<status status="NOT RUN" start="2025-03-13T03:41:26.020534" elapsed="0.000048"/>
</kw>
<kw name="Get Source" owner="SeleniumLibrary">
<var>${html_source}</var>
<doc>Returns the entire HTML source of the current page or frame.</doc>
<status status="NOT RUN" start="2025-03-13T03:41:26.020783" elapsed="0.000023"/>
</kw>
<kw name="Should Contain" owner="BuiltIn">
<arg>${html_source}</arg>
<arg>ชื่อ</arg>
<doc>Fails if ``container`` does not contain ``item`` one or more times.</doc>
<status status="NOT RUN" start="2025-03-13T03:41:26.020945" elapsed="0.000025"/>
</kw>
<kw name="Should Contain" owner="BuiltIn">
<arg>${html_source}</arg>
<arg>การดำเนินการ</arg>
<doc>Fails if ``container`` does not contain ``item`` one or more times.</doc>
<status status="NOT RUN" start="2025-03-13T03:41:26.021130" elapsed="0.000020"/>
</kw>
<kw name="Wait Until Element Is Visible" owner="SeleniumLibrary">
<arg>${VIEW_BUTTON_XPATH}</arg>
<arg>timeout=10s</arg>
<doc>Waits until the element ``locator`` is visible.</doc>
<status status="NOT RUN" start="2025-03-13T03:41:26.021477" elapsed="0.000029"/>
</kw>
<kw name="Click Element" owner="SeleniumLibrary">
<arg>${VIEW_BUTTON_XPATH}</arg>
<doc>Click the element identified by ``locator``.</doc>
<status status="NOT RUN" start="2025-03-13T03:41:26.021946" elapsed="0.000037"/>
</kw>
<kw name="Should Contain" owner="BuiltIn">
<arg>${html_source}</arg>
<arg>ชื่อ</arg>
<doc>Fails if ``container`` does not contain ``item`` one or more times.</doc>
<status status="NOT RUN" start="2025-03-13T03:41:26.022161" elapsed="0.000025"/>
</kw>
<kw name="Should Contain" owner="BuiltIn">
<arg>${html_source}</arg>
<arg>สิทธิ์</arg>
<doc>Fails if ``container`` does not contain ``item`` one or more times.</doc>
<status status="NOT RUN" start="2025-03-13T03:41:26.022498" elapsed="0.000038"/>
</kw>
<kw name="Sleep" owner="BuiltIn">
<arg>2s</arg>
<doc>Pauses the test executed for the given time.</doc>
<status status="NOT RUN" start="2025-03-13T03:41:26.022754" elapsed="0.000036"/>
</kw>
<kw name="Go To" owner="SeleniumLibrary">
<arg>${SERVER}/roles</arg>
<doc>Navigates the current browser window to the provided ``url``.</doc>
<status status="NOT RUN" start="2025-03-13T03:41:26.022999" elapsed="0.000055"/>
</kw>
<kw name="Go To" owner="SeleniumLibrary">
<arg>${SERVER}/roles/5/edit</arg>
<doc>Navigates the current browser window to the provided ``url``.</doc>
<status status="NOT RUN" start="2025-03-13T03:41:26.023270" elapsed="0.000032"/>
</kw>
<kw name="Page Should Contain" owner="SeleniumLibrary">
<arg>แก้ไขบทบาท</arg>
<doc>Verifies that current page contains ``text``.</doc>
<status status="NOT RUN" start="2025-03-13T03:41:26.023492" elapsed="0.000039"/>
</kw>
<kw name="Should Contain" owner="BuiltIn">
<arg>${html_source}</arg>
<arg>ชื่อ</arg>
<doc>Fails if ``container`` does not contain ``item`` one or more times.</doc>
<status status="NOT RUN" start="2025-03-13T03:41:26.024040" elapsed="0.000041"/>
</kw>
<kw name="Should Contain" owner="BuiltIn">
<arg>${html_source}</arg>
<arg>สิทธิ์</arg>
<doc>Fails if ``container`` does not contain ``item`` one or more times.</doc>
<status status="NOT RUN" start="2025-03-13T03:41:26.024373" elapsed="0.000043"/>
</kw>
<kw name="Sleep" owner="BuiltIn">
<arg>1s</arg>
<doc>Pauses the test executed for the given time.</doc>
<status status="NOT RUN" start="2025-03-13T03:41:26.024584" elapsed="0.000030"/>
</kw>
<kw name="Execute Javascript" owner="SeleniumLibrary">
<arg>window.scrollTo(0,1500)</arg>
<doc>Executes the given JavaScript code with possible arguments.</doc>
<status status="NOT RUN" start="2025-03-13T03:41:26.024767" elapsed="0.000023"/>
</kw>
<kw name="Sleep" owner="BuiltIn">
<arg>1s</arg>
<doc>Pauses the test executed for the given time.</doc>
<status status="NOT RUN" start="2025-03-13T03:41:26.025064" elapsed="0.000035"/>
</kw>
<kw name="Page Should Contain Element" owner="SeleniumLibrary">
<arg>//button[@class="btn btn-primary mt-5" and text()="ส่งข้อมูล"]</arg>
<doc>Verifies that element ``locator`` is found on the current page.</doc>
<status status="NOT RUN" start="2025-03-13T03:41:26.025302" elapsed="0.000029"/>
</kw>
<kw name="Page Should Contain" owner="SeleniumLibrary">
<arg>กลับ</arg>
<doc>Verifies that current page contains ``text``.</doc>
<status status="NOT RUN" start="2025-03-13T03:41:26.025517" elapsed="0.000034"/>
</kw>
<kw name="Go To" owner="SeleniumLibrary">
<arg>${SERVER}/roles</arg>
<doc>Navigates the current browser window to the provided ``url``.</doc>
<status status="NOT RUN" start="2025-03-13T03:41:26.025725" elapsed="0.000023"/>
</kw>
<kw name="Wait Until Element Is Visible" owner="SeleniumLibrary">
<arg>${DELETE_BUTTON_XPATH}</arg>
<arg>timeout=10s</arg>
<doc>Waits until the element ``locator`` is visible.</doc>
<status status="NOT RUN" start="2025-03-13T03:41:26.025873" elapsed="0.000023"/>
</kw>
<kw name="Click Element" owner="SeleniumLibrary">
<arg>${DELETE_BUTTON_XPATH}</arg>
<doc>Click the element identified by ``locator``.</doc>
<status status="NOT RUN" start="2025-03-13T03:41:26.026178" elapsed="0.000032"/>
</kw>
<kw name="Sleep" owner="BuiltIn">
<arg>1s</arg>
<doc>Pauses the test executed for the given time.</doc>
<status status="NOT RUN" start="2025-03-13T03:41:26.026368" elapsed="0.000024"/>
</kw>
<kw name="Page Should Contain" owner="SeleniumLibrary">
<arg>คุณแน่ใจไหม?</arg>
<doc>Verifies that current page contains ``text``.</doc>
<status status="NOT RUN" start="2025-03-13T03:41:26.026553" elapsed="0.000030"/>
</kw>
<kw name="Page Should Contain" owner="SeleniumLibrary">
<arg>หากคุณลบข้อมูลนี้ มันจะหายไปตลอดกาล</arg>
<doc>Verifies that current page contains ``text``.</doc>
<status status="NOT RUN" start="2025-03-13T03:41:26.026725" elapsed="0.000026"/>
</kw>
<kw name="Page Should Contain Element" owner="SeleniumLibrary">
<arg>//button[contains(@class, 'swal-button--cancel') and text()='ยกเลิก']</arg>
<doc>Verifies that element ``locator`` is found on the current page.</doc>
<status status="NOT RUN" start="2025-03-13T03:41:26.026900" elapsed="0.000029"/>
</kw>
<kw name="Page Should Contain Element" owner="SeleniumLibrary">
<arg>//button[contains(@class, 'swal-button--confirm') and contains(@class, 'swal-button--danger') and text()='ตกลง']</arg>
<doc>Verifies that element ``locator`` is found on the current page.</doc>
<status status="NOT RUN" start="2025-03-13T03:41:26.027109" elapsed="0.000033"/>
</kw>
<kw name="Click Element" owner="SeleniumLibrary">
<arg>//button[contains(@class, 'swal-button--cancel') and text()='ยกเลิก']</arg>
<doc>Click the element identified by ``locator``.</doc>
<status status="NOT RUN" start="2025-03-13T03:41:26.027414" elapsed="0.000032"/>
</kw>
<kw name="Sleep" owner="BuiltIn">
<arg>1s</arg>
<doc>Pauses the test executed for the given time.</doc>
<status status="NOT RUN" start="2025-03-13T03:41:26.027643" elapsed="0.000030"/>
</kw>
<kw name="Wait Until Element Is Visible" owner="SeleniumLibrary">
<arg>${ADD_BUTTON_XPATH}</arg>
<arg>timeout=10s</arg>
<doc>Waits until the element ``locator`` is visible.</doc>
<status status="NOT RUN" start="2025-03-13T03:41:26.027983" elapsed="0.000024"/>
</kw>
<kw name="Click Element" owner="SeleniumLibrary">
<arg>${ADD_BUTTON_XPATH}</arg>
<doc>Click the element identified by ``locator``.</doc>
<status status="NOT RUN" start="2025-03-13T03:41:26.028138" elapsed="0.000024"/>
</kw>
<kw name="Page Should Contain" owner="SeleniumLibrary">
<arg>สร้างบทบาท</arg>
<doc>Verifies that current page contains ``text``.</doc>
<status status="NOT RUN" start="2025-03-13T03:41:26.028281" elapsed="0.000018"/>
</kw>
<kw name="Should Contain" owner="BuiltIn">
<arg>${html_source}</arg>
<arg>ชื่อ</arg>
<doc>Fails if ``container`` does not contain ``item`` one or more times.</doc>
<status status="NOT RUN" start="2025-03-13T03:41:26.028488" elapsed="0.000030"/>
</kw>
<kw name="Should Contain" owner="BuiltIn">
<arg>${html_source}</arg>
<arg>สิทธิ์</arg>
<doc>Fails if ``container`` does not contain ``item`` one or more times.</doc>
<status status="NOT RUN" start="2025-03-13T03:41:26.028679" elapsed="0.000021"/>
</kw>
<kw name="Execute Javascript" owner="SeleniumLibrary">
<arg>window.scrollTo(0,1500)</arg>
<doc>Executes the given JavaScript code with possible arguments.</doc>
<status status="NOT RUN" start="2025-03-13T03:41:26.028824" elapsed="0.000018"/>
</kw>
<kw name="Sleep" owner="BuiltIn">
<arg>1s</arg>
<doc>Pauses the test executed for the given time.</doc>
<status status="NOT RUN" start="2025-03-13T03:41:26.028942" elapsed="0.000021"/>
</kw>
<kw name="Page Should Contain Element" owner="SeleniumLibrary">
<arg>//button[@class="btn btn-primary" and text()="ส่งข้อมูล"]</arg>
<doc>Verifies that element ``locator`` is found on the current page.</doc>
<status status="NOT RUN" start="2025-03-13T03:41:26.029067" elapsed="0.000016"/>
</kw>
<tag>RoleByThai</tag>
<status status="FAIL" start="2025-03-13T03:41:19.431016" elapsed="6.598494">Location should have been 'https://csgroup568.cpkkuhost.com/dashboard' but was 'https://csgroup568.cpkkuhost.com/login'.</status>
</test>
<test id="s1-s2-t9" name="Permission By Thai" line="839">
<kw name="Open Browser To Login Page">
<kw name="Evaluate" owner="BuiltIn">
<msg time="2025-03-13T03:41:26.031313" level="INFO">${chrome_options} = &lt;selenium.webdriver.chrome.options.Options object at 0x0000029CE57AFA10&gt;</msg>
<var>${chrome_options}</var>
<arg>sys.modules['selenium.webdriver'].ChromeOptions()</arg>
<arg>sys</arg>
<doc>Evaluates the given expression in Python and returns the result.</doc>
<status status="PASS" start="2025-03-13T03:41:26.031064" elapsed="0.000277"/>
</kw>
<kw name="Set Variable" owner="BuiltIn">
<msg time="2025-03-13T03:41:26.031578" level="INFO">${chrome_options.binary_location} = E:/Software Engineering/chromefortesting/chrome.exe</msg>
<var>${chrome_options.binary_location}</var>
<arg>${CHROME_BROWSER_PATH}</arg>
<doc>Returns the given values which can then be assigned to a variables.</doc>
<status status="PASS" start="2025-03-13T03:41:26.031449" elapsed="0.000149"/>
</kw>
<kw name="Call Method" owner="BuiltIn">
<arg>${chrome_options}</arg>
<arg>add_argument</arg>
<arg>--disable-gpu</arg>
<doc>Calls the named method of the given object with the provided arguments.</doc>
<status status="PASS" start="2025-03-13T03:41:26.031676" elapsed="0.000084"/>
</kw>
<kw name="Call Method" owner="BuiltIn">
<arg>${chrome_options}</arg>
<arg>add_argument</arg>
<arg>--no-sandbox</arg>
<doc>Calls the named method of the given object with the provided arguments.</doc>
<status status="PASS" start="2025-03-13T03:41:26.031824" elapsed="0.000102"/>
</kw>
<kw name="Call Method" owner="BuiltIn">
<arg>${chrome_options}</arg>
<arg>add_argument</arg>
<arg>--disable-dev-shm-usage</arg>
<doc>Calls the named method of the given object with the provided arguments.</doc>
<status status="PASS" start="2025-03-13T03:41:26.032025" elapsed="0.000121"/>
</kw>
<kw name="Call Method" owner="BuiltIn">
<arg>${chrome_options}</arg>
<arg>add_argument</arg>
<arg>--start-maximized</arg>
<doc>Calls the named method of the given object with the provided arguments.</doc>
<status status="PASS" start="2025-03-13T03:41:26.032238" elapsed="0.000134"/>
</kw>
<kw name="Call Method" owner="BuiltIn">
<arg>${chrome_options}</arg>
<arg>add_argument</arg>
<arg>--disable-extensions</arg>
<doc>Calls the named method of the given object with the provided arguments.</doc>
<status status="PASS" start="2025-03-13T03:41:26.032447" elapsed="0.000085"/>
</kw>
<kw name="Call Method" owner="BuiltIn">
<arg>${chrome_options}</arg>
<arg>add_argument</arg>
<arg>--disable-popup-blocking</arg>
<doc>Calls the named method of the given object with the provided arguments.</doc>
<status status="PASS" start="2025-03-13T03:41:26.032595" elapsed="0.000083"/>
</kw>
<kw name="Call Method" owner="BuiltIn">
<arg>${chrome_options}</arg>
<arg>add_argument</arg>
<arg>--disable-infobars</arg>
<doc>Calls the named method of the given object with the provided arguments.</doc>
<status status="PASS" start="2025-03-13T03:41:26.032741" elapsed="0.000072"/>
</kw>
<kw name="Evaluate" owner="BuiltIn">
<msg time="2025-03-13T03:41:26.033536" level="INFO">${service} = &lt;selenium.webdriver.chrome.service.Service object at 0x0000029CE57AEA50&gt;</msg>
<var>${service}</var>
<arg>sys.modules["selenium.webdriver.chrome.service"].Service(executable_path=r"${CHROME_DRIVER_PATH}")</arg>
<doc>Evaluates the given expression in Python and returns the result.</doc>
<status status="PASS" start="2025-03-13T03:41:26.032894" elapsed="0.000689"/>
</kw>
<kw name="Create Webdriver" owner="SeleniumLibrary">
<msg time="2025-03-13T03:41:26.033939" level="INFO">Creating an instance of the Chrome WebDriver.</msg>
<msg time="2025-03-13T03:41:34.890200" level="WARN">Retrying (Retry(total=2, connect=None, read=None, redirect=None, status=None)) after connection broken by 'NewConnectionError('&lt;urllib3.connection.HTTPConnection object at 0x0000029CE58EE250&gt;: Failed to establish a new connection: [WinError 10061] No connection could be made because the target machine actively refused it')': /session/97b28d00dd19c18f3eb9406cc8326eb2/screenshot</msg>
<errors>
<msg time="2025-03-13T03:37:25.460150" level="WARN">Error in file 'C:\Users\Lenovo\Documents\GitHub\git-group-repository-group-5\sprint3\test_sprint3\code\UAT-Project-011.robot' on line 983: Singular section headers like '*** Comment ***' are deprecated. Use plural format like '*** Comments ***' instead.</msg>
<msg time="2025-03-13T03:41:34.890200" level="WARN">Retrying (Retry(total=2, connect=None, read=None, redirect=None, status=None)) after connection broken by 'NewConnectionError('&lt;urllib3.connection.HTTPConnection object at 0x0000029CE58EE250&gt;: Failed to establish a new connection: [WinError 10061] No connection could be made because the target machine actively refused it')': /session/97b28d00dd19c18f3eb9406cc8326eb2/screenshot</msg>
<msg time="2025-03-13T03:41:36.945491" level="ERROR">Execution stopped by user.</msg>
</errors>
</robot>
