<?xml version="1.0" encoding="UTF-8"?>
<robot generator="Robot 7.1.1 (Python 3.12.2 on win32)" generated="2025-02-26T23:11:53.747926" rpa="false" schemaversion="5">
<suite id="s1" name="UAT-Project-002" source="D:\year_3\Term2\Soft en\Project!!\git-group-repository-group-5\test\code\UAT-Project-002.robot">
<test id="s1-t1" name="Invalid Login Test" line="33">
<kw name="Open Browser To App">
<kw name="Open Browser" owner="SeleniumLibrary">
<msg time="2025-02-26T23:11:54.013140" level="INFO">Opening browser 'Chrome' to base url 'http://127.0.0.1:8000'.</msg>
<arg>${URL}</arg>
<arg>${BROWSER}</arg>
<doc>Opens a new browser instance to the optional ``url``.</doc>
<status status="PASS" start="2025-02-26T23:11:54.013140" elapsed="3.522576"/>
</kw>
<status status="PASS" start="2025-02-26T23:11:54.011937" elapsed="3.524773"/>
</kw>
<kw name="Go To Login Page">
<kw name="Go To" owner="SeleniumLibrary">
<msg time="2025-02-26T23:11:57.537711" level="INFO">Opening url 'http://127.0.0.1:8000/login'</msg>
<arg>${LOGIN_URL}</arg>
<doc>Navigates the current browser window to the provided ``url``.</doc>
<status status="PASS" start="2025-02-26T23:11:57.536710" elapsed="0.571325"/>
</kw>
<status status="PASS" start="2025-02-26T23:11:57.536710" elapsed="0.571325"/>
</kw>
<kw name="Enter Invalid Credentials">
<kw name="Input Text" owner="SeleniumLibrary">
<msg time="2025-02-26T23:11:58.109035" level="INFO">Typing text 'admin@gmail.com' into text field 'id=username'.</msg>
<arg>id=username</arg>
<arg>${INVALID_ADMIN}</arg>
<doc>Types the given ``text`` into the text field identified by ``locator``.</doc>
<status status="PASS" start="2025-02-26T23:11:58.109035" elapsed="0.067848"/>
</kw>
<kw name="Input Text" owner="SeleniumLibrary">
<msg time="2025-02-26T23:11:58.177883" level="INFO">Typing text '123456789' into text field 'id=password'.</msg>
<arg>id=password</arg>
<arg>123456789</arg>
<doc>Types the given ``text`` into the text field identified by ``locator``.</doc>
<status status="PASS" start="2025-02-26T23:11:58.177883" elapsed="0.069213"/>
</kw>
<kw name="Wait Until Element Is Visible" owner="SeleniumLibrary">
<arg>xpath=//button[@type='submit']</arg>
<arg>${WAIT_TIME}</arg>
<doc>Waits until the element ``locator`` is visible.</doc>
<status status="PASS" start="2025-02-26T23:11:58.247096" elapsed="0.076378"/>
</kw>
<kw name="Click Button" owner="SeleniumLibrary">
<msg time="2025-02-26T23:11:58.323474" level="INFO">Clicking button 'xpath=//button[@type='submit']'.</msg>
<arg>xpath=//button[@type='submit']</arg>
<doc>Clicks the button identified by ``locator``.</doc>
<status status="PASS" start="2025-02-26T23:11:58.323474" elapsed="0.533955"/>
</kw>
<status status="PASS" start="2025-02-26T23:11:58.109035" elapsed="0.748394"/>
</kw>
<kw name="Verify Login Error">
<kw name="Wait Until Element Is Visible" owner="SeleniumLibrary">
<arg>xpath=//div[contains(@class, 'alert-danger')]</arg>
<arg>${WAIT_TIME}</arg>
<doc>Waits until the element ``locator`` is visible.</doc>
<status status="PASS" start="2025-02-26T23:11:58.858430" elapsed="0.041169"/>
</kw>
<kw name="Page Should Contain" owner="SeleniumLibrary">
<msg time="2025-02-26T23:11:58.908032" level="INFO">Current page contains text 'Login Failed: Your user ID or password is incorrect'.</msg>
<arg>${ERROR_MESSAGE}</arg>
<doc>Verifies that current page contains ``text``.</doc>
<status status="PASS" start="2025-02-26T23:11:58.899599" elapsed="0.009434"/>
</kw>
<status status="PASS" start="2025-02-26T23:11:58.858430" elapsed="0.050603"/>
</kw>
<kw name="Close Browser" type="TEARDOWN">
<kw name="Run Keyword If" owner="BuiltIn">
<kw name="Close All Browsers" owner="SeleniumLibrary">
<doc>Closes all open browsers and resets the browser cache.</doc>
<status status="PASS" start="2025-02-26T23:11:58.909033" elapsed="2.125705"/>
</kw>
<arg>'${BROWSER}' == 'Chrome'</arg>
<arg>Close All Browsers</arg>
<doc>Runs the given keyword with the given arguments, if ``condition`` is true.</doc>
<status status="PASS" start="2025-02-26T23:11:58.909033" elapsed="2.125705"/>
</kw>
<status status="PASS" start="2025-02-26T23:11:58.909033" elapsed="2.125705"/>
</kw>
<status status="PASS" start="2025-02-26T23:11:54.011937" elapsed="7.022801"/>
</test>
<status status="PASS" start="2025-02-26T23:11:53.748932" elapsed="7.286807"/>
</suite>
<statistics>
<total>
<stat pass="1" fail="0" skip="0">All Tests</stat>
</total>
<tag>
</tag>
<suite>
<stat pass="1" fail="0" skip="0" id="s1" name="UAT-Project-002">UAT-Project-002</stat>
</suite>
</statistics>
<errors>
</errors>
</robot>
